{"/Users/timurzharlykpaev/Desktop/repositories/subradar-backend/src/app.controller.ts": {"path":"/Users/timurzharlykpaev/Desktop/repositories/subradar-backend/src/app.controller.ts","statementMap":{"0":{"start":{"line":1,"column":0},"end":{"line":1,"column":49}},"1":{"start":{"line":4,"column":7},"end":{"line":9,"column":null}},"2":{"start":{"line":7,"column":4},"end":{"line":7,"column":65}},"3":{"start":{"line":4,"column":13},"end":{"line":4,"column":26}},"4":{"start":{"line":6,"column":2},"end":{"line":8,"column":null}},"5":{"start":{"line":4,"column":13},"end":{"line":9,"column":null}}},"fnMap":{"0":{"name":"(anonymous_2)","decl":{"start":{"line":6,"column":2},"end":{"line":6,"column":8}},"loc":{"start":{"line":6,"column":8},"end":{"line":8,"column":3}}}},"branchMap":{},"s":{"0":1,"1":1,"2":1,"3":1,"4":1,"5":1},"f":{"0":1},"b":{}}
,"/Users/timurzharlykpaev/Desktop/repositories/subradar-backend/src/app.service.ts": {"path":"/Users/timurzharlykpaev/Desktop/repositories/subradar-backend/src/app.service.ts","statementMap":{"0":{"start":{"line":1,"column":0},"end":{"line":1,"column":44}},"1":{"start":{"line":4,"column":7},"end":{"line":8,"column":null}},"2":{"start":{"line":6,"column":4},"end":{"line":6,"column":26}},"3":{"start":{"line":4,"column":13},"end":{"line":4,"column":23}},"4":{"start":{"line":4,"column":13},"end":{"line":8,"column":null}}},"fnMap":{"0":{"name":"(anonymous_1)","decl":{"start":{"line":5,"column":2},"end":{"line":5,"column":10}},"loc":{"start":{"line":5,"column":10},"end":{"line":7,"column":3}}}},"branchMap":{},"s":{"0":1,"1":1,"2":1,"3":1,"4":1},"f":{"0":1},"b":{}}
,"/Users/timurzharlykpaev/Desktop/repositories/subradar-backend/src/ai/ai.controller.ts": {"path":"/Users/timurzharlykpaev/Desktop/repositories/subradar-backend/src/ai/ai.controller.ts","statementMap":{"0":{"start":{"line":1,"column":0},"end":{"line":1,"column":null}},"1":{"start":{"line":11,"column":0},"end":{"line":11,"column":44}},"2":{"start":{"line":12,"column":0},"end":{"line":12,"column":59}},"3":{"start":{"line":13,"column":0},"end":{"line":13,"column":57}},"4":{"start":{"line":14,"column":0},"end":{"line":14,"column":55}},"5":{"start":{"line":15,"column":0},"end":{"line":15,"column":61}},"6":{"start":{"line":16,"column":0},"end":{"line":16,"column":41}},"7":{"start":{"line":17,"column":0},"end":{"line":17,"column":60}},"8":{"start":{"line":20,"column":14},"end":{"line":20,"column":null}},"9":{"start":{"line":21,"column":28},"end":{"line":21,"column":null}},"10":{"start":{"line":22,"column":28},"end":{"line":22,"column":null}},"11":{"start":{"line":26,"column":28},"end":{"line":26,"column":null}},"12":{"start":{"line":30,"column":28},"end":{"line":30,"column":null}},"13":{"start":{"line":31,"column":28},"end":{"line":31,"column":null}},"14":{"start":{"line":35,"column":14},"end":{"line":35,"column":null}},"15":{"start":{"line":39,"column":14},"end":{"line":39,"column":null}},"16":{"start":{"line":40,"column":28},"end":{"line":40,"column":null}},"17":{"start":{"line":47,"column":7},"end":{"line":166,"column":null}},"18":{"start":{"line":49,"column":21},"end":{"line":49,"column":32}},"19":{"start":{"line":51,"column":21},"end":{"line":51,"column":37}},"20":{"start":{"line":56,"column":4},"end":{"line":56,"column":60}},"21":{"start":{"line":57,"column":4},"end":{"line":57,"column":76}},"22":{"start":{"line":62,"column":4},"end":{"line":62,"column":60}},"23":{"start":{"line":63,"column":4},"end":{"line":63,"column":76}},"24":{"start":{"line":68,"column":4},"end":{"line":68,"column":60}},"25":{"start":{"line":69,"column":4},"end":{"line":69,"column":76}},"26":{"start":{"line":79,"column":4},"end":{"line":79,"column":60}},"27":{"start":{"line":80,"column":22},"end":{"line":80,"column":37}},"28":{"start":{"line":81,"column":4},"end":{"line":83,"column":5}},"29":{"start":{"line":82,"column":6},"end":{"line":82,"column":51}},"30":{"start":{"line":84,"column":4},"end":{"line":84,"column":61}},"31":{"start":{"line":89,"column":4},"end":{"line":89,"column":60}},"32":{"start":{"line":90,"column":4},"end":{"line":90,"column":81}},"33":{"start":{"line":100,"column":4},"end":{"line":100,"column":60}},"34":{"start":{"line":101,"column":22},"end":{"line":101,"column":37}},"35":{"start":{"line":102,"column":4},"end":{"line":104,"column":5}},"36":{"start":{"line":103,"column":6},"end":{"line":103,"column":51}},"37":{"start":{"line":105,"column":4},"end":{"line":105,"column":77}},"38":{"start":{"line":115,"column":4},"end":{"line":115,"column":60}},"39":{"start":{"line":116,"column":22},"end":{"line":116,"column":37}},"40":{"start":{"line":117,"column":4},"end":{"line":119,"column":5}},"41":{"start":{"line":118,"column":6},"end":{"line":118,"column":51}},"42":{"start":{"line":120,"column":4},"end":{"line":120,"column":77}},"43":{"start":{"line":125,"column":4},"end":{"line":125,"column":60}},"44":{"start":{"line":126,"column":4},"end":{"line":126,"column":50}},"45":{"start":{"line":131,"column":4},"end":{"line":131,"column":60}},"46":{"start":{"line":141,"column":4},"end":{"line":141,"column":60}},"47":{"start":{"line":142,"column":19},"end":{"line":142,"column":92}},"48":{"start":{"line":143,"column":26},"end":{"line":143,"column":83}},"49":{"start":{"line":144,"column":4},"end":{"line":144,"column":45}},"50":{"start":{"line":159,"column":4},"end":{"line":159,"column":60}},"51":{"start":{"line":160,"column":22},"end":{"line":160,"column":37}},"52":{"start":{"line":161,"column":4},"end":{"line":163,"column":5}},"53":{"start":{"line":162,"column":6},"end":{"line":162,"column":51}},"54":{"start":{"line":164,"column":4},"end":{"line":164,"column":90}},"55":{"start":{"line":47,"column":13},"end":{"line":47,"column":25}},"56":{"start":{"line":55,"column":8},"end":{"line":58,"column":null}},"57":{"start":{"line":61,"column":8},"end":{"line":64,"column":null}},"58":{"start":{"line":67,"column":8},"end":{"line":70,"column":null}},"59":{"start":{"line":74,"column":8},"end":{"line":85,"column":null}},"60":{"start":{"line":88,"column":8},"end":{"line":91,"column":null}},"61":{"start":{"line":95,"column":8},"end":{"line":106,"column":null}},"62":{"start":{"line":110,"column":8},"end":{"line":121,"column":null}},"63":{"start":{"line":124,"column":8},"end":{"line":127,"column":null}},"64":{"start":{"line":130,"column":2},"end":{"line":132,"column":null}},"65":{"start":{"line":140,"column":8},"end":{"line":145,"column":null}},"66":{"start":{"line":154,"column":8},"end":{"line":165,"column":null}},"67":{"start":{"line":47,"column":13},"end":{"line":166,"column":null}},"68":{"start":{"line":50,"column":29},"end":{"line":50,"column":43}}},"fnMap":{"0":{"name":"(anonymous_4)","decl":{"start":{"line":48,"column":2},"end":{"line":48,"column":null}},"loc":{"start":{"line":51,"column":51},"end":{"line":52,"column":6}}},"1":{"name":"(anonymous_5)","decl":{"start":{"line":55,"column":8},"end":{"line":55,"column":14}},"loc":{"start":{"line":55,"column":60},"end":{"line":58,"column":3}}},"2":{"name":"(anonymous_6)","decl":{"start":{"line":61,"column":8},"end":{"line":61,"column":26}},"loc":{"start":{"line":61,"column":72},"end":{"line":64,"column":3}}},"3":{"name":"(anonymous_7)","decl":{"start":{"line":67,"column":8},"end":{"line":67,"column":14}},"loc":{"start":{"line":67,"column":60},"end":{"line":70,"column":3}}},"4":{"name":"(anonymous_8)","decl":{"start":{"line":74,"column":8},"end":{"line":74,"column":23}},"loc":{"start":{"line":77,"column":46},"end":{"line":85,"column":3}}},"5":{"name":"(anonymous_9)","decl":{"start":{"line":88,"column":8},"end":{"line":88,"column":13}},"loc":{"start":{"line":88,"column":51},"end":{"line":91,"column":3}}},"6":{"name":"(anonymous_10)","decl":{"start":{"line":95,"column":8},"end":{"line":95,"column":32}},"loc":{"start":{"line":98,"column":46},"end":{"line":106,"column":3}}},"7":{"name":"(anonymous_11)","decl":{"start":{"line":110,"column":8},"end":{"line":110,"column":18}},"loc":{"start":{"line":113,"column":46},"end":{"line":121,"column":3}}},"8":{"name":"(anonymous_12)","decl":{"start":{"line":124,"column":8},"end":{"line":124,"column":17}},"loc":{"start":{"line":124,"column":59},"end":{"line":127,"column":3}}},"9":{"name":"(anonymous_13)","decl":{"start":{"line":130,"column":2},"end":{"line":130,"column":15}},"loc":{"start":{"line":130,"column":45},"end":{"line":132,"column":3}}},"10":{"name":"(anonymous_14)","decl":{"start":{"line":140,"column":8},"end":{"line":140,"column":17}},"loc":{"start":{"line":140,"column":59},"end":{"line":145,"column":3}}},"11":{"name":"(anonymous_15)","decl":{"start":{"line":154,"column":8},"end":{"line":154,"column":17}},"loc":{"start":{"line":157,"column":46},"end":{"line":165,"column":3}}},"12":{"name":"(anonymous_16)","decl":{"start":{"line":50,"column":23},"end":{"line":50,"column":26}},"loc":{"start":{"line":50,"column":29},"end":{"line":50,"column":43}}}},"branchMap":{"0":{"loc":{"start":{"line":81,"column":4},"end":{"line":83,"column":5}},"type":"if","locations":[{"start":{"line":81,"column":4},"end":{"line":83,"column":5}},{"start":{},"end":{}}]},"1":{"loc":{"start":{"line":81,"column":8},"end":{"line":81,"column":28}},"type":"binary-expr","locations":[{"start":{"line":81,"column":8},"end":{"line":81,"column":20}},{"start":{"line":81,"column":24},"end":{"line":81,"column":28}}]},"2":{"loc":{"start":{"line":84,"column":42},"end":{"line":84,"column":59}},"type":"binary-expr","locations":[{"start":{"line":84,"column":42},"end":{"line":84,"column":53}},{"start":{"line":84,"column":57},"end":{"line":84,"column":59}}]},"3":{"loc":{"start":{"line":90,"column":46},"end":{"line":90,"column":67}},"type":"binary-expr","locations":[{"start":{"line":90,"column":46},"end":{"line":90,"column":61}},{"start":{"line":90,"column":65},"end":{"line":90,"column":67}}]},"4":{"loc":{"start":{"line":102,"column":4},"end":{"line":104,"column":5}},"type":"if","locations":[{"start":{"line":102,"column":4},"end":{"line":104,"column":5}},{"start":{},"end":{}}]},"5":{"loc":{"start":{"line":102,"column":8},"end":{"line":102,"column":28}},"type":"binary-expr","locations":[{"start":{"line":102,"column":8},"end":{"line":102,"column":20}},{"start":{"line":102,"column":24},"end":{"line":102,"column":28}}]},"6":{"loc":{"start":{"line":105,"column":46},"end":{"line":105,"column":63}},"type":"binary-expr","locations":[{"start":{"line":105,"column":46},"end":{"line":105,"column":57}},{"start":{"line":105,"column":61},"end":{"line":105,"column":63}}]},"7":{"loc":{"start":{"line":117,"column":4},"end":{"line":119,"column":5}},"type":"if","locations":[{"start":{"line":117,"column":4},"end":{"line":119,"column":5}},{"start":{},"end":{}}]},"8":{"loc":{"start":{"line":117,"column":8},"end":{"line":117,"column":28}},"type":"binary-expr","locations":[{"start":{"line":117,"column":8},"end":{"line":117,"column":20}},{"start":{"line":117,"column":24},"end":{"line":117,"column":28}}]},"9":{"loc":{"start":{"line":120,"column":46},"end":{"line":120,"column":63}},"type":"binary-expr","locations":[{"start":{"line":120,"column":46},"end":{"line":120,"column":57}},{"start":{"line":120,"column":61},"end":{"line":120,"column":63}}]},"10":{"loc":{"start":{"line":142,"column":73},"end":{"line":142,"column":91}},"type":"binary-expr","locations":[{"start":{"line":142,"column":73},"end":{"line":142,"column":83}},{"start":{"line":142,"column":87},"end":{"line":142,"column":91}}]},"11":{"loc":{"start":{"line":143,"column":26},"end":{"line":143,"column":83}},"type":"cond-expr","locations":[{"start":{"line":143,"column":50},"end":{"line":143,"column":56}},{"start":{"line":143,"column":60},"end":{"line":143,"column":82}}]},"12":{"loc":{"start":{"line":143,"column":60},"end":{"line":143,"column":82}},"type":"cond-expr","locations":[{"start":{"line":143,"column":69},"end":{"line":143,"column":77}},{"start":{"line":143,"column":80},"end":{"line":143,"column":82}}]},"13":{"loc":{"start":{"line":161,"column":4},"end":{"line":163,"column":5}},"type":"if","locations":[{"start":{"line":161,"column":4},"end":{"line":163,"column":5}},{"start":{},"end":{}}]},"14":{"loc":{"start":{"line":161,"column":8},"end":{"line":161,"column":28}},"type":"binary-expr","locations":[{"start":{"line":161,"column":8},"end":{"line":161,"column":20}},{"start":{"line":161,"column":24},"end":{"line":161,"column":28}}]},"15":{"loc":{"start":{"line":164,"column":51},"end":{"line":164,"column":68}},"type":"binary-expr","locations":[{"start":{"line":164,"column":51},"end":{"line":164,"column":62}},{"start":{"line":164,"column":66},"end":{"line":164,"column":68}}]},"16":{"loc":{"start":{"line":164,"column":70},"end":{"line":164,"column":88}},"type":"binary-expr","locations":[{"start":{"line":164,"column":70},"end":{"line":164,"column":80}},{"start":{"line":164,"column":84},"end":{"line":164,"column":88}}]},"17":{"loc":{"start":{"line":76,"column":35},"end":{"line":77,"column":null}},"type":"cond-expr","locations":[{"start":{"line":77,"column":46},"end":{"line":77,"column":null}},{"start":{"line":77,"column":46},"end":{"line":77,"column":null}}]},"18":{"loc":{"start":{"line":76,"column":35},"end":{"line":77,"column":46}},"type":"binary-expr","locations":[{"start":{"line":76,"column":35},"end":{"line":77,"column":35}},{"start":{"line":77,"column":34},"end":{"line":77,"column":42}},{"start":{"line":77,"column":41},"end":{"line":77,"column":46}}]},"19":{"loc":{"start":{"line":97,"column":25},"end":{"line":98,"column":null}},"type":"cond-expr","locations":[{"start":{"line":98,"column":46},"end":{"line":98,"column":null}},{"start":{"line":98,"column":46},"end":{"line":98,"column":null}}]},"20":{"loc":{"start":{"line":97,"column":25},"end":{"line":98,"column":46}},"type":"binary-expr","locations":[{"start":{"line":97,"column":25},"end":{"line":98,"column":35}},{"start":{"line":98,"column":34},"end":{"line":98,"column":42}},{"start":{"line":98,"column":41},"end":{"line":98,"column":46}}]},"21":{"loc":{"start":{"line":112,"column":25},"end":{"line":113,"column":null}},"type":"cond-expr","locations":[{"start":{"line":113,"column":46},"end":{"line":113,"column":null}},{"start":{"line":113,"column":46},"end":{"line":113,"column":null}}]},"22":{"loc":{"start":{"line":112,"column":25},"end":{"line":113,"column":46}},"type":"binary-expr","locations":[{"start":{"line":112,"column":25},"end":{"line":113,"column":35}},{"start":{"line":113,"column":34},"end":{"line":113,"column":42}},{"start":{"line":113,"column":41},"end":{"line":113,"column":46}}]},"23":{"loc":{"start":{"line":156,"column":25},"end":{"line":157,"column":null}},"type":"cond-expr","locations":[{"start":{"line":157,"column":46},"end":{"line":157,"column":null}},{"start":{"line":157,"column":46},"end":{"line":157,"column":null}}]},"24":{"loc":{"start":{"line":156,"column":25},"end":{"line":157,"column":46}},"type":"binary-expr","locations":[{"start":{"line":156,"column":25},"end":{"line":157,"column":35}},{"start":{"line":157,"column":34},"end":{"line":157,"column":42}},{"start":{"line":157,"column":41},"end":{"line":157,"column":46}}]},"25":{"loc":{"start":{"line":49,"column":32},"end":{"line":49,"column":null}},"type":"cond-expr","locations":[{"start":{"line":49,"column":41},"end":{"line":49,"column":null}},{"start":{"line":49,"column":41},"end":{"line":49,"column":null}}]},"26":{"loc":{"start":{"line":49,"column":32},"end":{"line":49,"column":41}},"type":"binary-expr","locations":[{"start":{"line":49,"column":32},"end":{"line":49,"column":null}},{"start":{"line":49,"column":32},"end":{"line":49,"column":41}}]},"27":{"loc":{"start":{"line":49,"column":41},"end":{"line":51,"column":null}},"type":"cond-expr","locations":[{"start":{"line":51,"column":51},"end":{"line":51,"column":null}},{"start":{"line":51,"column":51},"end":{"line":51,"column":null}}]},"28":{"loc":{"start":{"line":49,"column":41},"end":{"line":51,"column":51}},"type":"binary-expr","locations":[{"start":{"line":49,"column":41},"end":{"line":51,"column":null}},{"start":{"line":51,"column":37},"end":{"line":51,"column":51}}]}},"s":{"0":1,"1":1,"2":1,"3":1,"4":1,"5":1,"6":1,"7":1,"8":1,"9":1,"10":1,"11":1,"12":1,"13":1,"14":1,"15":1,"16":1,"17":1,"18":19,"19":19,"20":1,"21":1,"22":1,"23":1,"24":1,"25":1,"26":3,"27":3,"28":3,"29":1,"30":3,"31":2,"32":2,"33":2,"34":2,"35":2,"36":1,"37":2,"38":1,"39":1,"40":1,"41":0,"42":1,"43":1,"44":1,"45":1,"46":3,"47":3,"48":3,"49":3,"50":2,"51":2,"52":2,"53":1,"54":2,"55":1,"56":1,"57":1,"58":1,"59":1,"60":1,"61":1,"62":1,"63":1,"64":1,"65":1,"66":1,"67":1,"68":19},"f":{"0":19,"1":1,"2":1,"3":1,"4":3,"5":2,"6":2,"7":1,"8":1,"9":1,"10":3,"11":2,"12":19},"b":{"0":[1,2],"1":[3,2],"2":[3,1],"3":[2,1],"4":[1,1],"5":[2,1],"6":[2,0],"7":[0,1],"8":[1,0],"9":[1,0],"10":[3,1],"11":[1,2],"12":[1,1],"13":[1,1],"14":[2,1],"15":[2,0],"16":[2,0],"17":[0,1],"18":[1,0,0],"19":[0,1],"20":[1,0,0],"21":[0,1],"22":[1,0,0],"23":[0,1],"24":[1,0,0],"25":[1,0],"26":[1,1],"27":[1,0],"28":[1,1]}}
,"/Users/timurzharlykpaev/Desktop/repositories/subradar-backend/src/ai/ai.service.ts": {"path":"/Users/timurzharlykpaev/Desktop/repositories/subradar-backend/src/ai/ai.service.ts","statementMap":{"0":{"start":{"line":1,"column":0},"end":{"line":1,"column":44}},"1":{"start":{"line":2,"column":0},"end":{"line":2,"column":47}},"2":{"start":{"line":3,"column":0},"end":{"line":3,"column":28}},"3":{"start":{"line":4,"column":0},"end":{"line":4,"column":28}},"4":{"start":{"line":7,"column":7},"end":{"line":219,"column":null}},"5":{"start":{"line":11,"column":27},"end":{"line":11,"column":28}},"6":{"start":{"line":12,"column":36},"end":{"line":12,"column":37}},"7":{"start":{"line":13,"column":47},"end":{"line":13,"column":49}},"8":{"start":{"line":15,"column":31},"end":{"line":15,"column":36}},"9":{"start":{"line":16,"column":4},"end":{"line":16,"column":68}},"10":{"start":{"line":17,"column":4},"end":{"line":17,"column":51}},"11":{"start":{"line":18,"column":4},"end":{"line":18,"column":85}},"12":{"start":{"line":22,"column":4},"end":{"line":25,"column":5}},"13":{"start":{"line":23,"column":6},"end":{"line":23,"column":28}},"14":{"start":{"line":24,"column":6},"end":{"line":24,"column":13}},"15":{"start":{"line":26,"column":4},"end":{"line":31,"column":7}},"16":{"start":{"line":27,"column":6},"end":{"line":30,"column":9}},"17":{"start":{"line":28,"column":8},"end":{"line":28,"column":30}},"18":{"start":{"line":29,"column":8},"end":{"line":29,"column":18}},"19":{"start":{"line":35,"column":4},"end":{"line":35,"column":26}},"20":{"start":{"line":36,"column":17},"end":{"line":36,"column":39}},"21":{"start":{"line":37,"column":4},"end":{"line":37,"column":21}},"22":{"start":{"line":37,"column":14},"end":{"line":37,"column":21}},"23":{"start":{"line":44,"column":4},"end":{"line":44,"column":29}},"24":{"start":{"line":45,"column":4},"end":{"line":56,"column":5}},"25":{"start":{"line":46,"column":23},"end":{"line":51,"column":8}},"26":{"start":{"line":52,"column":22},"end":{"line":52,"column":65}},"27":{"start":{"line":53,"column":6},"end":{"line":53,"column":54}},"28":{"start":{"line":55,"column":6},"end":{"line":55,"column":25}},"29":{"start":{"line":60,"column":21},"end":{"line":60,"column":62}},"30":{"start":{"line":61,"column":19},"end":{"line":61,"column":49}},"31":{"start":{"line":62,"column":4},"end":{"line":62,"column":42}},"32":{"start":{"line":62,"column":16},"end":{"line":62,"column":42}},"33":{"start":{"line":64,"column":19},"end":{"line":73,"column":6}},"34":{"start":{"line":76,"column":4},"end":{"line":84,"column":5}},"35":{"start":{"line":77,"column":6},"end":{"line":83,"column":7}},"36":{"start":{"line":78,"column":25},"end":{"line":78,"column":82}},"37":{"start":{"line":79,"column":8},"end":{"line":79,"column":65}},"38":{"start":{"line":82,"column":8},"end":{"line":82,"column":97}},"39":{"start":{"line":86,"column":4},"end":{"line":86,"column":72}},"40":{"start":{"line":87,"column":4},"end":{"line":87,"column":18}},"41":{"start":{"line":91,"column":4},"end":{"line":91,"column":29}},"42":{"start":{"line":92,"column":4},"end":{"line":118,"column":5}},"43":{"start":{"line":93,"column":23},"end":{"line":114,"column":8}},"44":{"start":{"line":115,"column":6},"end":{"line":115,"column":69}},"45":{"start":{"line":117,"column":6},"end":{"line":117,"column":25}},"46":{"start":{"line":123,"column":4},"end":{"line":123,"column":29}},"47":{"start":{"line":125,"column":4},"end":{"line":139,"column":5}},"48":{"start":{"line":126,"column":26},"end":{"line":126,"column":60}},"49":{"start":{"line":127,"column":24},"end":{"line":129,"column":8}},"50":{"start":{"line":131,"column":28},"end":{"line":135,"column":8}},"51":{"start":{"line":136,"column":6},"end":{"line":136,"column":32}},"52":{"start":{"line":138,"column":6},"end":{"line":138,"column":25}},"53":{"start":{"line":142,"column":4},"end":{"line":149,"column":7}},"54":{"start":{"line":158,"column":4},"end":{"line":167,"column":7}},"55":{"start":{"line":174,"column":4},"end":{"line":174,"column":29}},"56":{"start":{"line":176,"column":4},"end":{"line":187,"column":5}},"57":{"start":{"line":177,"column":26},"end":{"line":177,"column":60}},"58":{"start":{"line":178,"column":24},"end":{"line":178,"column":85}},"59":{"start":{"line":179,"column":28},"end":{"line":183,"column":8}},"60":{"start":{"line":184,"column":6},"end":{"line":184,"column":32}},"61":{"start":{"line":186,"column":6},"end":{"line":186,"column":25}},"62":{"start":{"line":188,"column":19},"end":{"line":188,"column":66}},"63":{"start":{"line":189,"column":4},"end":{"line":189,"column":78}},"64":{"start":{"line":194,"column":4},"end":{"line":203,"column":7}},"65":{"start":{"line":207,"column":4},"end":{"line":217,"column":7}},"66":{"start":{"line":7,"column":13},"end":{"line":7,"column":22}},"67":{"start":{"line":7,"column":13},"end":{"line":219,"column":null}}},"fnMap":{"0":{"name":"(anonymous_3)","decl":{"start":{"line":15,"column":2},"end":{"line":15,"column":31}},"loc":{"start":{"line":15,"column":49},"end":{"line":19,"column":3}}},"1":{"name":"(anonymous_4)","decl":{"start":{"line":21,"column":10},"end":{"line":21,"column":15}},"loc":{"start":{"line":21,"column":27},"end":{"line":32,"column":3}}},"2":{"name":"(anonymous_5)","decl":{"start":{"line":26,"column":23},"end":{"line":26,"column":24}},"loc":{"start":{"line":26,"column":35},"end":{"line":31,"column":5}}},"3":{"name":"(anonymous_6)","decl":{"start":{"line":27,"column":26},"end":{"line":27,"column":29}},"loc":{"start":{"line":27,"column":31},"end":{"line":30,"column":7}}},"4":{"name":"(anonymous_7)","decl":{"start":{"line":34,"column":10},"end":{"line":34,"column":21}},"loc":{"start":{"line":34,"column":21},"end":{"line":38,"column":3}}},"5":{"name":"(anonymous_8)","decl":{"start":{"line":40,"column":10},"end":{"line":40,"column":15}},"loc":{"start":{"line":42,"column":19},"end":{"line":57,"column":3}}},"6":{"name":"(anonymous_9)","decl":{"start":{"line":59,"column":2},"end":{"line":59,"column":7}},"loc":{"start":{"line":59,"column":66},"end":{"line":88,"column":3}}},"7":{"name":"(anonymous_10)","decl":{"start":{"line":90,"column":2},"end":{"line":90,"column":7}},"loc":{"start":{"line":90,"column":43},"end":{"line":119,"column":3}}},"8":{"name":"(anonymous_11)","decl":{"start":{"line":121,"column":2},"end":{"line":121,"column":7}},"loc":{"start":{"line":121,"column":62},"end":{"line":150,"column":3}}},"9":{"name":"(anonymous_12)","decl":{"start":{"line":157,"column":2},"end":{"line":157,"column":7}},"loc":{"start":{"line":157,"column":58},"end":{"line":168,"column":3}}},"10":{"name":"(anonymous_13)","decl":{"start":{"line":173,"column":2},"end":{"line":173,"column":7}},"loc":{"start":{"line":173,"column":67},"end":{"line":190,"column":3}}},"11":{"name":"(anonymous_14)","decl":{"start":{"line":193,"column":2},"end":{"line":193,"column":7}},"loc":{"start":{"line":193,"column":35},"end":{"line":204,"column":3}}},"12":{"name":"(anonymous_15)","decl":{"start":{"line":206,"column":2},"end":{"line":206,"column":7}},"loc":{"start":{"line":206,"column":44},"end":{"line":218,"column":3}}}},"branchMap":{"0":{"loc":{"start":{"line":18,"column":27},"end":{"line":18,"column":83}},"type":"binary-expr","locations":[{"start":{"line":18,"column":27},"end":{"line":18,"column":55}},{"start":{"line":18,"column":59},"end":{"line":18,"column":83}}]},"1":{"loc":{"start":{"line":22,"column":4},"end":{"line":25,"column":5}},"type":"if","locations":[{"start":{"line":22,"column":4},"end":{"line":25,"column":5}},{"start":{},"end":{}}]},"2":{"loc":{"start":{"line":37,"column":4},"end":{"line":37,"column":21}},"type":"if","locations":[{"start":{"line":37,"column":4},"end":{"line":37,"column":21}},{"start":{},"end":{}}]},"3":{"loc":{"start":{"line":42,"column":4},"end":{"line":42,"column":19}},"type":"default-arg","locations":[{"start":{"line":42,"column":15},"end":{"line":42,"column":19}}]},"4":{"loc":{"start":{"line":49,"column":25},"end":{"line":49,"column":71}},"type":"cond-expr","locations":[{"start":{"line":49,"column":36},"end":{"line":49,"column":59}},{"start":{"line":49,"column":62},"end":{"line":49,"column":71}}]},"5":{"loc":{"start":{"line":52,"column":22},"end":{"line":52,"column":65}},"type":"binary-expr","locations":[{"start":{"line":52,"column":22},"end":{"line":52,"column":57}},{"start":{"line":52,"column":61},"end":{"line":52,"column":65}}]},"6":{"loc":{"start":{"line":53,"column":13},"end":{"line":53,"column":53}},"type":"cond-expr","locations":[{"start":{"line":53,"column":24},"end":{"line":53,"column":43}},{"start":{"line":53,"column":46},"end":{"line":53,"column":53}}]},"7":{"loc":{"start":{"line":59,"column":37},"end":{"line":59,"column":50}},"type":"default-arg","locations":[{"start":{"line":59,"column":46},"end":{"line":59,"column":50}}]},"8":{"loc":{"start":{"line":59,"column":52},"end":{"line":59,"column":66}},"type":"default-arg","locations":[{"start":{"line":59,"column":62},"end":{"line":59,"column":66}}]},"9":{"loc":{"start":{"line":62,"column":4},"end":{"line":62,"column":42}},"type":"if","locations":[{"start":{"line":62,"column":4},"end":{"line":62,"column":42}},{"start":{},"end":{}}]},"10":{"loc":{"start":{"line":76,"column":4},"end":{"line":84,"column":5}},"type":"if","locations":[{"start":{"line":76,"column":4},"end":{"line":84,"column":5}},{"start":{},"end":{}}]},"11":{"loc":{"start":{"line":76,"column":8},"end":{"line":76,"column":35}},"type":"binary-expr","locations":[{"start":{"line":76,"column":8},"end":{"line":76,"column":14}},{"start":{"line":76,"column":18},"end":{"line":76,"column":35}}]},"12":{"loc":{"start":{"line":115,"column":24},"end":{"line":115,"column":67}},"type":"binary-expr","locations":[{"start":{"line":115,"column":24},"end":{"line":115,"column":59}},{"start":{"line":115,"column":63},"end":{"line":115,"column":67}}]},"13":{"loc":{"start":{"line":121,"column":49},"end":{"line":121,"column":62}},"type":"default-arg","locations":[{"start":{"line":121,"column":58},"end":{"line":121,"column":62}}]},"14":{"loc":{"start":{"line":157,"column":45},"end":{"line":157,"column":58}},"type":"default-arg","locations":[{"start":{"line":157,"column":54},"end":{"line":157,"column":58}}]},"15":{"loc":{"start":{"line":173,"column":54},"end":{"line":173,"column":67}},"type":"default-arg","locations":[{"start":{"line":173,"column":63},"end":{"line":173,"column":67}}]},"16":{"loc":{"start":{"line":189,"column":34},"end":{"line":189,"column":75}},"type":"cond-expr","locations":[{"start":{"line":189,"column":58},"end":{"line":189,"column":64}},{"start":{"line":189,"column":67},"end":{"line":189,"column":75}}]},"17":{"loc":{"start":{"line":15,"column":36},"end":{"line":15,"column":null}},"type":"cond-expr","locations":[{"start":{"line":15,"column":49},"end":{"line":15,"column":null}},{"start":{"line":15,"column":49},"end":{"line":15,"column":null}}]},"18":{"loc":{"start":{"line":15,"column":36},"end":{"line":15,"column":49}},"type":"binary-expr","locations":[{"start":{"line":15,"column":36},"end":{"line":15,"column":null}},{"start":{"line":15,"column":36},"end":{"line":15,"column":49}}]}},"s":{"0":3,"1":3,"2":3,"3":3,"4":3,"5":5,"6":5,"7":5,"8":5,"9":5,"10":5,"11":5,"12":4,"13":4,"14":4,"15":0,"16":0,"17":0,"18":0,"19":4,"20":4,"21":4,"22":0,"23":4,"24":4,"25":4,"26":4,"27":4,"28":4,"29":1,"30":1,"31":1,"32":0,"33":1,"34":1,"35":0,"36":0,"37":0,"38":0,"39":1,"40":1,"41":0,"42":0,"43":0,"44":0,"45":0,"46":0,"47":0,"48":0,"49":0,"50":0,"51":0,"52":0,"53":0,"54":1,"55":0,"56":0,"57":0,"58":0,"59":0,"60":0,"61":0,"62":0,"63":0,"64":1,"65":1,"66":3,"67":3},"f":{"0":5,"1":4,"2":0,"3":0,"4":4,"5":4,"6":1,"7":0,"8":0,"9":1,"10":0,"11":1,"12":1},"b":{"0":[5,5],"1":[4,0],"2":[0,4],"3":[4],"4":[4,0],"5":[4,0],"6":[4,0],"7":[1],"8":[1],"9":[0,1],"10":[0,1],"11":[1,1],"12":[0,0],"13":[0],"14":[1],"15":[0],"16":[0,0],"17":[3,0],"18":[3,3]}}
,"/Users/timurzharlykpaev/Desktop/repositories/subradar-backend/src/analytics/analytics.controller.ts": {"path":"/Users/timurzharlykpaev/Desktop/repositories/subradar-backend/src/analytics/analytics.controller.ts","statementMap":{"0":{"start":{"line":1,"column":0},"end":{"line":1,"column":88}},"1":{"start":{"line":2,"column":0},"end":{"line":2,"column":57}},"2":{"start":{"line":3,"column":0},"end":{"line":3,"column":61}},"3":{"start":{"line":4,"column":0},"end":{"line":4,"column":55}},"4":{"start":{"line":10,"column":7},"end":{"line":98,"column":null}},"5":{"start":{"line":11,"column":31},"end":{"line":11,"column":40}},"6":{"start":{"line":19,"column":4},"end":{"line":23,"column":6}},"7":{"start":{"line":33,"column":4},"end":{"line":37,"column":6}},"8":{"start":{"line":42,"column":4},"end":{"line":42,"column":71}},"9":{"start":{"line":48,"column":4},"end":{"line":48,"column":71}},"10":{"start":{"line":57,"column":4},"end":{"line":61,"column":6}},"11":{"start":{"line":71,"column":4},"end":{"line":75,"column":6}},"12":{"start":{"line":80,"column":4},"end":{"line":80,"column":67}},"13":{"start":{"line":85,"column":4},"end":{"line":85,"column":47}},"14":{"start":{"line":90,"column":4},"end":{"line":90,"column":47}},"15":{"start":{"line":96,"column":4},"end":{"line":96,"column":69}},"16":{"start":{"line":10,"column":13},"end":{"line":10,"column":32}},"17":{"start":{"line":14,"column":2},"end":{"line":24,"column":null}},"18":{"start":{"line":28,"column":2},"end":{"line":38,"column":null}},"19":{"start":{"line":41,"column":2},"end":{"line":43,"column":null}},"20":{"start":{"line":47,"column":2},"end":{"line":49,"column":null}},"21":{"start":{"line":52,"column":2},"end":{"line":62,"column":null}},"22":{"start":{"line":66,"column":2},"end":{"line":76,"column":null}},"23":{"start":{"line":79,"column":2},"end":{"line":81,"column":null}},"24":{"start":{"line":84,"column":2},"end":{"line":86,"column":null}},"25":{"start":{"line":89,"column":2},"end":{"line":91,"column":null}},"26":{"start":{"line":95,"column":2},"end":{"line":97,"column":null}},"27":{"start":{"line":10,"column":13},"end":{"line":98,"column":null}}},"fnMap":{"0":{"name":"(anonymous_4)","decl":{"start":{"line":11,"column":2},"end":{"line":11,"column":31}},"loc":{"start":{"line":11,"column":56},"end":{"line":11,"column":60}}},"1":{"name":"(anonymous_5)","decl":{"start":{"line":14,"column":2},"end":{"line":14,"column":9}},"loc":{"start":{"line":17,"column":32},"end":{"line":24,"column":3}}},"2":{"name":"(anonymous_6)","decl":{"start":{"line":28,"column":2},"end":{"line":28,"column":6}},"loc":{"start":{"line":31,"column":32},"end":{"line":38,"column":3}}},"3":{"name":"(anonymous_7)","decl":{"start":{"line":41,"column":2},"end":{"line":41,"column":9}},"loc":{"start":{"line":41,"column":58},"end":{"line":43,"column":3}}},"4":{"name":"(anonymous_8)","decl":{"start":{"line":47,"column":2},"end":{"line":47,"column":8}},"loc":{"start":{"line":47,"column":57},"end":{"line":49,"column":3}}},"5":{"name":"(anonymous_9)","decl":{"start":{"line":52,"column":2},"end":{"line":52,"column":12}},"loc":{"start":{"line":55,"column":32},"end":{"line":62,"column":3}}},"6":{"name":"(anonymous_10)","decl":{"start":{"line":66,"column":2},"end":{"line":66,"column":12}},"loc":{"start":{"line":69,"column":32},"end":{"line":76,"column":3}}},"7":{"name":"(anonymous_11)","decl":{"start":{"line":79,"column":2},"end":{"line":79,"column":10}},"loc":{"start":{"line":79,"column":55},"end":{"line":81,"column":3}}},"8":{"name":"(anonymous_12)","decl":{"start":{"line":84,"column":2},"end":{"line":84,"column":8}},"loc":{"start":{"line":84,"column":23},"end":{"line":86,"column":3}}},"9":{"name":"(anonymous_13)","decl":{"start":{"line":89,"column":2},"end":{"line":89,"column":8}},"loc":{"start":{"line":89,"column":23},"end":{"line":91,"column":3}}},"10":{"name":"(anonymous_14)","decl":{"start":{"line":95,"column":2},"end":{"line":95,"column":16}},"loc":{"start":{"line":95,"column":86},"end":{"line":97,"column":3}}}},"branchMap":{"0":{"loc":{"start":{"line":21,"column":6},"end":{"line":21,"column":32}},"type":"cond-expr","locations":[{"start":{"line":21,"column":14},"end":{"line":21,"column":20}},{"start":{"line":21,"column":23},"end":{"line":21,"column":32}}]},"1":{"loc":{"start":{"line":22,"column":6},"end":{"line":22,"column":30}},"type":"cond-expr","locations":[{"start":{"line":22,"column":13},"end":{"line":22,"column":18}},{"start":{"line":22,"column":21},"end":{"line":22,"column":30}}]},"2":{"loc":{"start":{"line":35,"column":6},"end":{"line":35,"column":32}},"type":"cond-expr","locations":[{"start":{"line":35,"column":14},"end":{"line":35,"column":20}},{"start":{"line":35,"column":23},"end":{"line":35,"column":32}}]},"3":{"loc":{"start":{"line":36,"column":6},"end":{"line":36,"column":30}},"type":"cond-expr","locations":[{"start":{"line":36,"column":13},"end":{"line":36,"column":18}},{"start":{"line":36,"column":21},"end":{"line":36,"column":30}}]},"4":{"loc":{"start":{"line":42,"column":48},"end":{"line":42,"column":69}},"type":"cond-expr","locations":[{"start":{"line":42,"column":57},"end":{"line":42,"column":64}},{"start":{"line":42,"column":67},"end":{"line":42,"column":69}}]},"5":{"loc":{"start":{"line":48,"column":48},"end":{"line":48,"column":69}},"type":"cond-expr","locations":[{"start":{"line":48,"column":57},"end":{"line":48,"column":64}},{"start":{"line":48,"column":67},"end":{"line":48,"column":69}}]},"6":{"loc":{"start":{"line":59,"column":6},"end":{"line":59,"column":32}},"type":"cond-expr","locations":[{"start":{"line":59,"column":14},"end":{"line":59,"column":20}},{"start":{"line":59,"column":23},"end":{"line":59,"column":32}}]},"7":{"loc":{"start":{"line":60,"column":6},"end":{"line":60,"column":30}},"type":"cond-expr","locations":[{"start":{"line":60,"column":13},"end":{"line":60,"column":18}},{"start":{"line":60,"column":21},"end":{"line":60,"column":30}}]},"8":{"loc":{"start":{"line":73,"column":6},"end":{"line":73,"column":32}},"type":"cond-expr","locations":[{"start":{"line":73,"column":14},"end":{"line":73,"column":20}},{"start":{"line":73,"column":23},"end":{"line":73,"column":32}}]},"9":{"loc":{"start":{"line":74,"column":6},"end":{"line":74,"column":30}},"type":"cond-expr","locations":[{"start":{"line":74,"column":13},"end":{"line":74,"column":18}},{"start":{"line":74,"column":21},"end":{"line":74,"column":30}}]},"10":{"loc":{"start":{"line":80,"column":49},"end":{"line":80,"column":65}},"type":"cond-expr","locations":[{"start":{"line":80,"column":56},"end":{"line":80,"column":61}},{"start":{"line":80,"column":64},"end":{"line":80,"column":65}}]},"11":{"loc":{"start":{"line":11,"column":40},"end":{"line":11,"column":59}},"type":"cond-expr","locations":[{"start":{"line":11,"column":56},"end":{"line":11,"column":59}},{"start":{"line":11,"column":56},"end":{"line":11,"column":59}}]},"12":{"loc":{"start":{"line":11,"column":40},"end":{"line":11,"column":56}},"type":"binary-expr","locations":[{"start":{"line":11,"column":40},"end":{"line":11,"column":59}},{"start":{"line":11,"column":40},"end":{"line":11,"column":56}}]}},"s":{"0":1,"1":1,"2":1,"3":1,"4":1,"5":4,"6":1,"7":0,"8":1,"9":0,"10":1,"11":0,"12":0,"13":0,"14":0,"15":0,"16":1,"17":1,"18":1,"19":1,"20":1,"21":1,"22":1,"23":1,"24":1,"25":1,"26":1,"27":1},"f":{"0":4,"1":1,"2":0,"3":1,"4":0,"5":1,"6":0,"7":0,"8":0,"9":0,"10":0},"b":{"0":[0,1],"1":[0,1],"2":[0,0],"3":[0,0],"4":[0,1],"5":[0,0],"6":[0,1],"7":[0,1],"8":[0,0],"9":[0,0],"10":[0,0],"11":[1,0],"12":[1,1]}}
,"/Users/timurzharlykpaev/Desktop/repositories/subradar-backend/src/analytics/analytics.service.ts": {"path":"/Users/timurzharlykpaev/Desktop/repositories/subradar-backend/src/analytics/analytics.service.ts","statementMap":{"0":{"start":{"line":1,"column":0},"end":{"line":1,"column":44}},"1":{"start":{"line":2,"column":0},"end":{"line":2,"column":51}},"2":{"start":{"line":3,"column":0},"end":{"line":3,"column":50}},"3":{"start":{"line":4,"column":0},"end":{"line":4,"column":null}},"4":{"start":{"line":9,"column":0},"end":{"line":9,"column":76}},"5":{"start":{"line":12,"column":7},"end":{"line":269,"column":null}},"6":{"start":{"line":15,"column":21},"end":{"line":15,"column":30}},"7":{"start":{"line":17,"column":21},"end":{"line":17,"column":31}},"8":{"start":{"line":21,"column":47},"end":{"line":28,"column":6}},"9":{"start":{"line":29,"column":4},"end":{"line":29,"column":33}},"10":{"start":{"line":33,"column":17},"end":{"line":33,"column":63}},"11":{"start":{"line":34,"column":19},"end":{"line":37,"column":null}},"12":{"start":{"line":36,"column":8},"end":{"line":37,"column":45}},"13":{"start":{"line":40,"column":25},"end":{"line":42,"column":null}},"14":{"start":{"line":41,"column":18},"end":{"line":41,"column":79}},"15":{"start":{"line":44,"column":24},"end":{"line":44,"column":41}},"16":{"start":{"line":45,"column":31},"end":{"line":45,"column":44}},"17":{"start":{"line":46,"column":29},"end":{"line":51,"column":null}},"18":{"start":{"line":47,"column":21},"end":{"line":47,"column":40}},"19":{"start":{"line":50,"column":10},"end":{"line":50,"column":71}},"20":{"start":{"line":54,"column":27},"end":{"line":65,"column":6}},"21":{"start":{"line":67,"column":4},"end":{"line":88,"column":6}},"22":{"start":{"line":74,"column":38},"end":{"line":74,"column":76}},"23":{"start":{"line":75,"column":37},"end":{"line":75,"column":74}},"24":{"start":{"line":82,"column":49},"end":{"line":87,"column":8}},"25":{"start":{"line":97,"column":9},"end":{"line":97,"column":11}},"26":{"start":{"line":98,"column":16},"end":{"line":98,"column":26}},"27":{"start":{"line":100,"column":4},"end":{"line":127,"column":5}},"28":{"start":{"line":100,"column":17},"end":{"line":100,"column":27}},"29":{"start":{"line":101,"column":16},"end":{"line":101,"column":66}},"30":{"start":{"line":102,"column":20},"end":{"line":102,"column":36}},"31":{"start":{"line":103,"column":19},"end":{"line":103,"column":34}},"32":{"start":{"line":105,"column":19},"end":{"line":114,"column":18}},"33":{"start":{"line":116,"column":20},"end":{"line":119,"column":null}},"34":{"start":{"line":118,"column":10},"end":{"line":118,"column":71}},"35":{"start":{"line":121,"column":6},"end":{"line":126,"column":9}},"36":{"start":{"line":129,"column":4},"end":{"line":129,"column":18}},"37":{"start":{"line":133,"column":17},"end":{"line":133,"column":63}},"38":{"start":{"line":134,"column":19},"end":{"line":137,"column":null}},"39":{"start":{"line":136,"column":8},"end":{"line":137,"column":45}},"40":{"start":{"line":140,"column":40},"end":{"line":140,"column":42}},"41":{"start":{"line":141,"column":4},"end":{"line":144,"column":5}},"42":{"start":{"line":142,"column":22},"end":{"line":142,"column":77}},"43":{"start":{"line":143,"column":6},"end":{"line":143,"column":57}},"44":{"start":{"line":146,"column":4},"end":{"line":151,"column":41}},"45":{"start":{"line":147,"column":35},"end":{"line":150,"column":8}},"46":{"start":{"line":151,"column":22},"end":{"line":151,"column":39}},"47":{"start":{"line":155,"column":16},"end":{"line":155,"column":26}},"48":{"start":{"line":156,"column":19},"end":{"line":156,"column":71}},"49":{"start":{"line":158,"column":17},"end":{"line":158,"column":63}},"50":{"start":{"line":159,"column":4},"end":{"line":182,"column":8}},"51":{"start":{"line":161,"column":8},"end":{"line":161,"column":68}},"52":{"start":{"line":161,"column":55},"end":{"line":161,"column":68}},"53":{"start":{"line":162,"column":8},"end":{"line":162,"column":40}},"54":{"start":{"line":162,"column":27},"end":{"line":162,"column":40}},"55":{"start":{"line":163,"column":25},"end":{"line":166,"column":null}},"56":{"start":{"line":168,"column":8},"end":{"line":168,"column":71}},"57":{"start":{"line":168,"column":28},"end":{"line":168,"column":71}},"58":{"start":{"line":169,"column":8},"end":{"line":169,"column":34}},"59":{"start":{"line":172,"column":25},"end":{"line":175,"column":null}},"60":{"start":{"line":177,"column":8},"end":{"line":177,"column":71}},"61":{"start":{"line":177,"column":28},"end":{"line":177,"column":71}},"62":{"start":{"line":178,"column":8},"end":{"line":178,"column":51}},"63":{"start":{"line":181,"column":18},"end":{"line":181,"column":75}},"64":{"start":{"line":186,"column":17},"end":{"line":189,"column":6}},"65":{"start":{"line":191,"column":16},"end":{"line":191,"column":26}},"66":{"start":{"line":192,"column":4},"end":{"line":205,"column":7}},"67":{"start":{"line":193,"column":32},"end":{"line":197,"column":14}},"68":{"start":{"line":198,"column":6},"end":{"line":204,"column":8}},"69":{"start":{"line":209,"column":18},"end":{"line":209,"column":65}},"70":{"start":{"line":210,"column":17},"end":{"line":210,"column":63}},"71":{"start":{"line":211,"column":19},"end":{"line":214,"column":null}},"72":{"start":{"line":213,"column":8},"end":{"line":214,"column":45}},"73":{"start":{"line":217,"column":23},"end":{"line":217,"column":61}},"74":{"start":{"line":217,"column":44},"end":{"line":217,"column":60}},"75":{"start":{"line":218,"column":28},"end":{"line":220,"column":null}},"76":{"start":{"line":219,"column":18},"end":{"line":219,"column":79}},"77":{"start":{"line":233,"column":9},"end":{"line":251,"column":6}},"78":{"start":{"line":234,"column":23},"end":{"line":234,"column":72}},"79":{"start":{"line":234,"column":44},"end":{"line":234,"column":71}},"80":{"start":{"line":235,"column":20},"end":{"line":238,"column":null}},"81":{"start":{"line":237,"column":10},"end":{"line":237,"column":71}},"82":{"start":{"line":240,"column":6},"end":{"line":250,"column":8}},"83":{"start":{"line":253,"column":4},"end":{"line":265,"column":5}},"84":{"start":{"line":254,"column":6},"end":{"line":264,"column":9}},"85":{"start":{"line":267,"column":4},"end":{"line":267,"column":18}},"86":{"start":{"line":12,"column":13},"end":{"line":12,"column":29}},"87":{"start":{"line":12,"column":13},"end":{"line":269,"column":null}}},"fnMap":{"0":{"name":"(anonymous_4)","decl":{"start":{"line":13,"column":2},"end":{"line":13,"column":null}},"loc":{"start":{"line":17,"column":54},"end":{"line":18,"column":6}}},"1":{"name":"(anonymous_5)","decl":{"start":{"line":20,"column":10},"end":{"line":20,"column":25}},"loc":{"start":{"line":20,"column":63},"end":{"line":30,"column":3}}},"2":{"name":"(anonymous_6)","decl":{"start":{"line":32,"column":2},"end":{"line":32,"column":7}},"loc":{"start":{"line":32,"column":66},"end":{"line":89,"column":3}}},"3":{"name":"(anonymous_7)","decl":{"start":{"line":35,"column":6},"end":{"line":35,"column":7}},"loc":{"start":{"line":36,"column":8},"end":{"line":37,"column":45}}},"4":{"name":"(anonymous_8)","decl":{"start":{"line":41,"column":6},"end":{"line":41,"column":7}},"loc":{"start":{"line":41,"column":18},"end":{"line":41,"column":79}}},"5":{"name":"(anonymous_9)","decl":{"start":{"line":47,"column":14},"end":{"line":47,"column":15}},"loc":{"start":{"line":47,"column":21},"end":{"line":47,"column":40}}},"6":{"name":"(anonymous_10)","decl":{"start":{"line":49,"column":8},"end":{"line":49,"column":9}},"loc":{"start":{"line":50,"column":10},"end":{"line":50,"column":71}}},"7":{"name":"(anonymous_11)","decl":{"start":{"line":74,"column":31},"end":{"line":74,"column":32}},"loc":{"start":{"line":74,"column":38},"end":{"line":74,"column":76}}},"8":{"name":"(anonymous_12)","decl":{"start":{"line":75,"column":30},"end":{"line":75,"column":31}},"loc":{"start":{"line":75,"column":37},"end":{"line":75,"column":74}}},"9":{"name":"(anonymous_13)","decl":{"start":{"line":82,"column":41},"end":{"line":82,"column":42}},"loc":{"start":{"line":82,"column":49},"end":{"line":87,"column":8}}},"10":{"name":"(anonymous_14)","decl":{"start":{"line":91,"column":2},"end":{"line":91,"column":7}},"loc":{"start":{"line":91,"column":46},"end":{"line":130,"column":3}}},"11":{"name":"(anonymous_15)","decl":{"start":{"line":117,"column":8},"end":{"line":117,"column":9}},"loc":{"start":{"line":118,"column":10},"end":{"line":118,"column":71}}},"12":{"name":"(anonymous_16)","decl":{"start":{"line":132,"column":2},"end":{"line":132,"column":7}},"loc":{"start":{"line":132,"column":69},"end":{"line":152,"column":3}}},"13":{"name":"(anonymous_17)","decl":{"start":{"line":135,"column":6},"end":{"line":135,"column":7}},"loc":{"start":{"line":136,"column":8},"end":{"line":137,"column":45}}},"14":{"name":"(anonymous_18)","decl":{"start":{"line":147,"column":11},"end":{"line":147,"column":12}},"loc":{"start":{"line":147,"column":35},"end":{"line":150,"column":8}}},"15":{"name":"(anonymous_19)","decl":{"start":{"line":151,"column":12},"end":{"line":151,"column":13}},"loc":{"start":{"line":151,"column":22},"end":{"line":151,"column":39}}},"16":{"name":"(anonymous_20)","decl":{"start":{"line":154,"column":2},"end":{"line":154,"column":7}},"loc":{"start":{"line":154,"column":44},"end":{"line":183,"column":3}}},"17":{"name":"(anonymous_21)","decl":{"start":{"line":160,"column":14},"end":{"line":160,"column":15}},"loc":{"start":{"line":160,"column":20},"end":{"line":170,"column":7}}},"18":{"name":"(anonymous_22)","decl":{"start":{"line":171,"column":11},"end":{"line":171,"column":12}},"loc":{"start":{"line":171,"column":17},"end":{"line":179,"column":7}}},"19":{"name":"(anonymous_23)","decl":{"start":{"line":181,"column":8},"end":{"line":181,"column":9}},"loc":{"start":{"line":181,"column":18},"end":{"line":181,"column":75}}},"20":{"name":"(anonymous_24)","decl":{"start":{"line":185,"column":2},"end":{"line":185,"column":7}},"loc":{"start":{"line":185,"column":32},"end":{"line":206,"column":3}}},"21":{"name":"(anonymous_25)","decl":{"start":{"line":192,"column":20},"end":{"line":192,"column":21}},"loc":{"start":{"line":192,"column":26},"end":{"line":205,"column":5}}},"22":{"name":"(anonymous_26)","decl":{"start":{"line":208,"column":2},"end":{"line":208,"column":7}},"loc":{"start":{"line":208,"column":32},"end":{"line":268,"column":3}}},"23":{"name":"(anonymous_27)","decl":{"start":{"line":212,"column":6},"end":{"line":212,"column":7}},"loc":{"start":{"line":213,"column":8},"end":{"line":214,"column":45}}},"24":{"name":"(anonymous_28)","decl":{"start":{"line":217,"column":37},"end":{"line":217,"column":38}},"loc":{"start":{"line":217,"column":44},"end":{"line":217,"column":60}}},"25":{"name":"(anonymous_29)","decl":{"start":{"line":219,"column":6},"end":{"line":219,"column":7}},"loc":{"start":{"line":219,"column":18},"end":{"line":219,"column":79}}},"26":{"name":"(anonymous_30)","decl":{"start":{"line":233,"column":19},"end":{"line":233,"column":20}},"loc":{"start":{"line":233,"column":28},"end":{"line":251,"column":5}}},"27":{"name":"(anonymous_31)","decl":{"start":{"line":234,"column":37},"end":{"line":234,"column":38}},"loc":{"start":{"line":234,"column":44},"end":{"line":234,"column":71}}},"28":{"name":"(anonymous_32)","decl":{"start":{"line":236,"column":8},"end":{"line":236,"column":9}},"loc":{"start":{"line":237,"column":10},"end":{"line":237,"column":71}}}},"branchMap":{"0":{"loc":{"start":{"line":29,"column":11},"end":{"line":29,"column":32}},"type":"binary-expr","locations":[{"start":{"line":29,"column":11},"end":{"line":29,"column":22}},{"start":{"line":29,"column":26},"end":{"line":29,"column":32}}]},"1":{"loc":{"start":{"line":36,"column":8},"end":{"line":37,"column":45}},"type":"binary-expr","locations":[{"start":{"line":36,"column":8},"end":{"line":36,"column":46}},{"start":{"line":37,"column":8},"end":{"line":37,"column":45}}]},"2":{"loc":{"start":{"line":79,"column":8},"end":{"line":81,"column":13}},"type":"cond-expr","locations":[{"start":{"line":80,"column":12},"end":{"line":80,"column":71}},{"start":{"line":81,"column":12},"end":{"line":81,"column":13}}]},"3":{"loc":{"start":{"line":91,"column":35},"end":{"line":91,"column":46}},"type":"default-arg","locations":[{"start":{"line":91,"column":44},"end":{"line":91,"column":46}}]},"4":{"loc":{"start":{"line":136,"column":8},"end":{"line":137,"column":45}},"type":"binary-expr","locations":[{"start":{"line":136,"column":8},"end":{"line":136,"column":46}},{"start":{"line":137,"column":8},"end":{"line":137,"column":45}}]},"5":{"loc":{"start":{"line":143,"column":25},"end":{"line":143,"column":45}},"type":"binary-expr","locations":[{"start":{"line":143,"column":25},"end":{"line":143,"column":40}},{"start":{"line":143,"column":44},"end":{"line":143,"column":45}}]},"6":{"loc":{"start":{"line":154,"column":36},"end":{"line":154,"column":44}},"type":"default-arg","locations":[{"start":{"line":154,"column":43},"end":{"line":154,"column":44}}]},"7":{"loc":{"start":{"line":161,"column":8},"end":{"line":161,"column":68}},"type":"if","locations":[{"start":{"line":161,"column":8},"end":{"line":161,"column":68}},{"start":{},"end":{}}]},"8":{"loc":{"start":{"line":162,"column":8},"end":{"line":162,"column":40}},"type":"if","locations":[{"start":{"line":162,"column":8},"end":{"line":162,"column":40}},{"start":{},"end":{}}]},"9":{"loc":{"start":{"line":168,"column":8},"end":{"line":168,"column":71}},"type":"if","locations":[{"start":{"line":168,"column":8},"end":{"line":168,"column":71}},{"start":{},"end":{}}]},"10":{"loc":{"start":{"line":177,"column":8},"end":{"line":177,"column":71}},"type":"if","locations":[{"start":{"line":177,"column":8},"end":{"line":177,"column":71}},{"start":{},"end":{}}]},"11":{"loc":{"start":{"line":193,"column":32},"end":{"line":197,"column":14}},"type":"cond-expr","locations":[{"start":{"line":194,"column":10},"end":{"line":195,"column":null}},{"start":{"line":197,"column":10},"end":{"line":197,"column":14}}]},"12":{"loc":{"start":{"line":202,"column":10},"end":{"line":202,"column":88}},"type":"binary-expr","locations":[{"start":{"line":202,"column":10},"end":{"line":202,"column":36}},{"start":{"line":202,"column":40},"end":{"line":202,"column":62}},{"start":{"line":202,"column":66},"end":{"line":202,"column":88}}]},"13":{"loc":{"start":{"line":203,"column":19},"end":{"line":203,"column":70}},"type":"binary-expr","locations":[{"start":{"line":203,"column":19},"end":{"line":203,"column":45}},{"start":{"line":203,"column":49},"end":{"line":203,"column":70}}]},"14":{"loc":{"start":{"line":213,"column":8},"end":{"line":214,"column":45}},"type":"binary-expr","locations":[{"start":{"line":213,"column":8},"end":{"line":213,"column":46}},{"start":{"line":214,"column":8},"end":{"line":214,"column":45}}]},"15":{"loc":{"start":{"line":253,"column":4},"end":{"line":265,"column":5}},"type":"if","locations":[{"start":{"line":253,"column":4},"end":{"line":265,"column":5}},{"start":{},"end":{}}]},"16":{"loc":{"start":{"line":15,"column":30},"end":{"line":15,"column":54}},"type":"cond-expr","locations":[{"start":{"line":15,"column":40},"end":{"line":15,"column":54}},{"start":{"line":15,"column":40},"end":{"line":15,"column":54}}]},"17":{"loc":{"start":{"line":15,"column":30},"end":{"line":15,"column":40}},"type":"binary-expr","locations":[{"start":{"line":15,"column":30},"end":{"line":15,"column":54}},{"start":{"line":15,"column":30},"end":{"line":15,"column":40}}]},"18":{"loc":{"start":{"line":15,"column":40},"end":{"line":17,"column":54}},"type":"cond-expr","locations":[{"start":{"line":17,"column":41},"end":{"line":17,"column":54}},{"start":{"line":17,"column":41},"end":{"line":17,"column":54}}]},"19":{"loc":{"start":{"line":15,"column":40},"end":{"line":17,"column":41}},"type":"binary-expr","locations":[{"start":{"line":15,"column":40},"end":{"line":17,"column":54}},{"start":{"line":17,"column":31},"end":{"line":17,"column":41}}]}},"s":{"0":2,"1":2,"2":2,"3":2,"4":2,"5":2,"6":8,"7":8,"8":6,"9":6,"10":2,"11":2,"12":1,"13":2,"14":1,"15":2,"16":2,"17":2,"18":1,"19":0,"20":2,"21":2,"22":1,"23":1,"24":1,"25":1,"26":1,"27":1,"28":1,"29":3,"30":3,"31":3,"32":3,"33":3,"34":3,"35":3,"36":1,"37":1,"38":1,"39":1,"40":1,"41":1,"42":1,"43":1,"44":1,"45":1,"46":0,"47":1,"48":1,"49":1,"50":1,"51":1,"52":0,"53":1,"54":0,"55":1,"56":1,"57":0,"58":1,"59":1,"60":1,"61":0,"62":1,"63":0,"64":1,"65":1,"66":1,"67":1,"68":1,"69":1,"70":1,"71":1,"72":1,"73":1,"74":1,"75":1,"76":0,"77":1,"78":1,"79":1,"80":1,"81":1,"82":1,"83":1,"84":0,"85":1,"86":2,"87":2},"f":{"0":8,"1":6,"2":2,"3":1,"4":1,"5":1,"6":0,"7":1,"8":1,"9":1,"10":1,"11":3,"12":1,"13":1,"14":1,"15":0,"16":1,"17":1,"18":1,"19":0,"20":1,"21":1,"22":1,"23":1,"24":1,"25":0,"26":1,"27":1,"28":1},"b":{"0":[6,0],"1":[1,0],"2":[1,1],"3":[0],"4":[1,0],"5":[1,1],"6":[0],"7":[0,1],"8":[0,1],"9":[0,1],"10":[0,1],"11":[1,0],"12":[1,1,1],"13":[1,1],"14":[1,0],"15":[0,1],"16":[2,0],"17":[2,2],"18":[2,0],"19":[2,2]}}
,"/Users/timurzharlykpaev/Desktop/repositories/subradar-backend/src/auth/auth.controller.ts": {"path":"/Users/timurzharlykpaev/Desktop/repositories/subradar-backend/src/auth/auth.controller.ts","statementMap":{"0":{"start":{"line":1,"column":0},"end":{"line":1,"column":null}},"1":{"start":{"line":11,"column":0},"end":{"line":11,"column":57}},"2":{"start":{"line":12,"column":0},"end":{"line":12,"column":45}},"3":{"start":{"line":13,"column":0},"end":{"line":13,"column":54}},"4":{"start":{"line":14,"column":0},"end":{"line":14,"column":null}},"5":{"start":{"line":23,"column":0},"end":{"line":23,"column":61}},"6":{"start":{"line":24,"column":0},"end":{"line":24,"column":55}},"7":{"start":{"line":28,"column":7},"end":{"line":141,"column":null}},"8":{"start":{"line":30,"column":21},"end":{"line":30,"column":34}},"9":{"start":{"line":31,"column":21},"end":{"line":31,"column":35}},"10":{"start":{"line":36,"column":4},"end":{"line":36,"column":42}},"11":{"start":{"line":41,"column":4},"end":{"line":41,"column":39}},"12":{"start":{"line":51,"column":19},"end":{"line":51,"column":63}},"13":{"start":{"line":52,"column":24},"end":{"line":52,"column":77}},"14":{"start":{"line":53,"column":4},"end":{"line":55,"column":6}},"15":{"start":{"line":60,"column":4},"end":{"line":62,"column":6}},"16":{"start":{"line":67,"column":4},"end":{"line":67,"column":44}},"17":{"start":{"line":72,"column":4},"end":{"line":72,"column":41}},"18":{"start":{"line":77,"column":4},"end":{"line":77,"column":43}},"19":{"start":{"line":82,"column":4},"end":{"line":82,"column":47}},"20":{"start":{"line":87,"column":4},"end":{"line":87,"column":51}},"21":{"start":{"line":92,"column":4},"end":{"line":92,"column":54}},"22":{"start":{"line":99,"column":4},"end":{"line":99,"column":48}},"23":{"start":{"line":106,"column":4},"end":{"line":106,"column":51}},"24":{"start":{"line":114,"column":4},"end":{"line":114,"column":51}},"25":{"start":{"line":125,"column":4},"end":{"line":125,"column":55}},"26":{"start":{"line":131,"column":4},"end":{"line":133,"column":6}},"27":{"start":{"line":139,"column":4},"end":{"line":139,"column":56}},"28":{"start":{"line":28,"column":13},"end":{"line":28,"column":27}},"29":{"start":{"line":35,"column":2},"end":{"line":37,"column":null}},"30":{"start":{"line":40,"column":2},"end":{"line":42,"column":null}},"31":{"start":{"line":46,"column":2},"end":{"line":46,"column":null}},"32":{"start":{"line":50,"column":8},"end":{"line":56,"column":null}},"33":{"start":{"line":59,"column":2},"end":{"line":63,"column":null}},"34":{"start":{"line":66,"column":2},"end":{"line":68,"column":null}},"35":{"start":{"line":71,"column":2},"end":{"line":73,"column":null}},"36":{"start":{"line":76,"column":2},"end":{"line":78,"column":null}},"37":{"start":{"line":81,"column":2},"end":{"line":83,"column":null}},"38":{"start":{"line":86,"column":2},"end":{"line":88,"column":null}},"39":{"start":{"line":91,"column":2},"end":{"line":93,"column":null}},"40":{"start":{"line":98,"column":2},"end":{"line":100,"column":null}},"41":{"start":{"line":105,"column":8},"end":{"line":107,"column":null}},"42":{"start":{"line":113,"column":8},"end":{"line":115,"column":null}},"43":{"start":{"line":121,"column":8},"end":{"line":126,"column":null}},"44":{"start":{"line":130,"column":2},"end":{"line":134,"column":null}},"45":{"start":{"line":138,"column":2},"end":{"line":140,"column":null}},"46":{"start":{"line":28,"column":13},"end":{"line":141,"column":null}}},"fnMap":{"0":{"name":"(anonymous_4)","decl":{"start":{"line":29,"column":2},"end":{"line":29,"column":null}},"loc":{"start":{"line":31,"column":47},"end":{"line":32,"column":6}}},"1":{"name":"(anonymous_5)","decl":{"start":{"line":35,"column":2},"end":{"line":35,"column":10}},"loc":{"start":{"line":35,"column":35},"end":{"line":37,"column":3}}},"2":{"name":"(anonymous_6)","decl":{"start":{"line":40,"column":2},"end":{"line":40,"column":7}},"loc":{"start":{"line":40,"column":29},"end":{"line":42,"column":3}}},"3":{"name":"(anonymous_7)","decl":{"start":{"line":46,"column":2},"end":{"line":46,"column":12}},"loc":{"start":{"line":46,"column":12},"end":{"line":46,"column":17}}},"4":{"name":"(anonymous_8)","decl":{"start":{"line":50,"column":8},"end":{"line":50,"column":22}},"loc":{"start":{"line":50,"column":77},"end":{"line":56,"column":3}}},"5":{"name":"(anonymous_9)","decl":{"start":{"line":59,"column":2},"end":{"line":59,"column":18}},"loc":{"start":{"line":59,"column":75},"end":{"line":63,"column":3}}},"6":{"name":"(anonymous_10)","decl":{"start":{"line":66,"column":2},"end":{"line":66,"column":12}},"loc":{"start":{"line":66,"column":38},"end":{"line":68,"column":3}}},"7":{"name":"(anonymous_11)","decl":{"start":{"line":71,"column":2},"end":{"line":71,"column":9}},"loc":{"start":{"line":71,"column":33},"end":{"line":73,"column":3}}},"8":{"name":"(anonymous_12)","decl":{"start":{"line":76,"column":2},"end":{"line":76,"column":11}},"loc":{"start":{"line":76,"column":37},"end":{"line":78,"column":3}}},"9":{"name":"(anonymous_13)","decl":{"start":{"line":81,"column":2},"end":{"line":81,"column":15}},"loc":{"start":{"line":81,"column":41},"end":{"line":83,"column":3}}},"10":{"name":"(anonymous_14)","decl":{"start":{"line":86,"column":2},"end":{"line":86,"column":17}},"loc":{"start":{"line":86,"column":47},"end":{"line":88,"column":3}}},"11":{"name":"(anonymous_15)","decl":{"start":{"line":91,"column":2},"end":{"line":91,"column":9}},"loc":{"start":{"line":91,"column":38},"end":{"line":93,"column":3}}},"12":{"name":"(anonymous_16)","decl":{"start":{"line":98,"column":2},"end":{"line":98,"column":8}},"loc":{"start":{"line":98,"column":23},"end":{"line":100,"column":3}}},"13":{"name":"(anonymous_17)","decl":{"start":{"line":105,"column":8},"end":{"line":105,"column":10}},"loc":{"start":{"line":105,"column":25},"end":{"line":107,"column":3}}},"14":{"name":"(anonymous_18)","decl":{"start":{"line":113,"column":8},"end":{"line":113,"column":18}},"loc":{"start":{"line":113,"column":33},"end":{"line":115,"column":3}}},"15":{"name":"(anonymous_19)","decl":{"start":{"line":121,"column":8},"end":{"line":121,"column":21}},"loc":{"start":{"line":123,"column":62},"end":{"line":126,"column":3}}},"16":{"name":"(anonymous_20)","decl":{"start":{"line":130,"column":2},"end":{"line":130,"column":19}},"loc":{"start":{"line":130,"column":76},"end":{"line":134,"column":3}}},"17":{"name":"(anonymous_21)","decl":{"start":{"line":138,"column":2},"end":{"line":138,"column":21}},"loc":{"start":{"line":138,"column":53},"end":{"line":140,"column":3}}}},"branchMap":{"0":{"loc":{"start":{"line":52,"column":24},"end":{"line":52,"column":77}},"type":"binary-expr","locations":[{"start":{"line":52,"column":24},"end":{"line":52,"column":48}},{"start":{"line":52,"column":52},"end":{"line":52,"column":77}}]},"1":{"loc":{"start":{"line":61,"column":6},"end":{"line":61,"column":44}},"type":"binary-expr","locations":[{"start":{"line":61,"column":6},"end":{"line":61,"column":18}},{"start":{"line":61,"column":22},"end":{"line":61,"column":38}},{"start":{"line":61,"column":42},"end":{"line":61,"column":44}}]},"2":{"loc":{"start":{"line":132,"column":6},"end":{"line":132,"column":44}},"type":"binary-expr","locations":[{"start":{"line":132,"column":6},"end":{"line":132,"column":18}},{"start":{"line":132,"column":22},"end":{"line":132,"column":38}},{"start":{"line":132,"column":42},"end":{"line":132,"column":44}}]},"3":{"loc":{"start":{"line":35,"column":24},"end":{"line":35,"column":null}},"type":"cond-expr","locations":[{"start":{"line":35,"column":35},"end":{"line":35,"column":null}},{"start":{"line":35,"column":35},"end":{"line":35,"column":null}}]},"4":{"loc":{"start":{"line":35,"column":24},"end":{"line":35,"column":35}},"type":"binary-expr","locations":[{"start":{"line":35,"column":24},"end":{"line":35,"column":null}},{"start":{"line":35,"column":24},"end":{"line":35,"column":35}}]},"5":{"loc":{"start":{"line":40,"column":21},"end":{"line":40,"column":null}},"type":"cond-expr","locations":[{"start":{"line":40,"column":29},"end":{"line":40,"column":null}},{"start":{"line":40,"column":29},"end":{"line":40,"column":null}}]},"6":{"loc":{"start":{"line":40,"column":21},"end":{"line":40,"column":29}},"type":"binary-expr","locations":[{"start":{"line":40,"column":21},"end":{"line":40,"column":null}},{"start":{"line":40,"column":21},"end":{"line":40,"column":29}}]},"7":{"loc":{"start":{"line":66,"column":26},"end":{"line":66,"column":null}},"type":"cond-expr","locations":[{"start":{"line":66,"column":38},"end":{"line":66,"column":null}},{"start":{"line":66,"column":38},"end":{"line":66,"column":null}}]},"8":{"loc":{"start":{"line":66,"column":26},"end":{"line":66,"column":38}},"type":"binary-expr","locations":[{"start":{"line":66,"column":26},"end":{"line":66,"column":null}},{"start":{"line":66,"column":26},"end":{"line":66,"column":38}}]},"9":{"loc":{"start":{"line":71,"column":23},"end":{"line":71,"column":null}},"type":"cond-expr","locations":[{"start":{"line":71,"column":33},"end":{"line":71,"column":null}},{"start":{"line":71,"column":33},"end":{"line":71,"column":null}}]},"10":{"loc":{"start":{"line":71,"column":23},"end":{"line":71,"column":33}},"type":"binary-expr","locations":[{"start":{"line":71,"column":23},"end":{"line":71,"column":null}},{"start":{"line":71,"column":23},"end":{"line":71,"column":33}}]},"11":{"loc":{"start":{"line":76,"column":25},"end":{"line":76,"column":null}},"type":"cond-expr","locations":[{"start":{"line":76,"column":37},"end":{"line":76,"column":null}},{"start":{"line":76,"column":37},"end":{"line":76,"column":null}}]},"12":{"loc":{"start":{"line":76,"column":25},"end":{"line":76,"column":37}},"type":"binary-expr","locations":[{"start":{"line":76,"column":25},"end":{"line":76,"column":null}},{"start":{"line":76,"column":25},"end":{"line":76,"column":37}}]},"13":{"loc":{"start":{"line":81,"column":29},"end":{"line":81,"column":null}},"type":"cond-expr","locations":[{"start":{"line":81,"column":41},"end":{"line":81,"column":null}},{"start":{"line":81,"column":41},"end":{"line":81,"column":null}}]},"14":{"loc":{"start":{"line":81,"column":29},"end":{"line":81,"column":41}},"type":"binary-expr","locations":[{"start":{"line":81,"column":29},"end":{"line":81,"column":null}},{"start":{"line":81,"column":29},"end":{"line":81,"column":41}}]},"15":{"loc":{"start":{"line":91,"column":23},"end":{"line":91,"column":null}},"type":"cond-expr","locations":[{"start":{"line":91,"column":38},"end":{"line":91,"column":null}},{"start":{"line":91,"column":38},"end":{"line":91,"column":null}}]},"16":{"loc":{"start":{"line":91,"column":23},"end":{"line":91,"column":38}},"type":"binary-expr","locations":[{"start":{"line":91,"column":23},"end":{"line":91,"column":null}},{"start":{"line":91,"column":23},"end":{"line":91,"column":38}}]},"17":{"loc":{"start":{"line":123,"column":18},"end":{"line":123,"column":62}},"type":"cond-expr","locations":[{"start":{"line":123,"column":25},"end":{"line":123,"column":62}},{"start":{"line":123,"column":25},"end":{"line":123,"column":62}}]},"18":{"loc":{"start":{"line":123,"column":18},"end":{"line":123,"column":25}},"type":"binary-expr","locations":[{"start":{"line":123,"column":18},"end":{"line":123,"column":62}},{"start":{"line":123,"column":18},"end":{"line":123,"column":25}}]},"19":{"loc":{"start":{"line":30,"column":34},"end":{"line":30,"column":null}},"type":"cond-expr","locations":[{"start":{"line":30,"column":45},"end":{"line":30,"column":null}},{"start":{"line":30,"column":45},"end":{"line":30,"column":null}}]},"20":{"loc":{"start":{"line":30,"column":34},"end":{"line":30,"column":45}},"type":"binary-expr","locations":[{"start":{"line":30,"column":34},"end":{"line":30,"column":null}},{"start":{"line":30,"column":34},"end":{"line":30,"column":45}}]},"21":{"loc":{"start":{"line":30,"column":45},"end":{"line":31,"column":null}},"type":"cond-expr","locations":[{"start":{"line":31,"column":47},"end":{"line":31,"column":null}},{"start":{"line":31,"column":47},"end":{"line":31,"column":null}}]},"22":{"loc":{"start":{"line":30,"column":45},"end":{"line":31,"column":47}},"type":"binary-expr","locations":[{"start":{"line":30,"column":45},"end":{"line":31,"column":null}},{"start":{"line":31,"column":35},"end":{"line":31,"column":47}}]}},"s":{"0":1,"1":1,"2":1,"3":1,"4":1,"5":1,"6":1,"7":1,"8":18,"9":18,"10":1,"11":1,"12":0,"13":0,"14":0,"15":3,"16":1,"17":1,"18":1,"19":1,"20":1,"21":1,"22":1,"23":1,"24":1,"25":1,"26":1,"27":1,"28":1,"29":1,"30":1,"31":1,"32":1,"33":1,"34":1,"35":1,"36":1,"37":1,"38":1,"39":1,"40":1,"41":1,"42":1,"43":1,"44":1,"45":1,"46":1},"f":{"0":18,"1":1,"2":1,"3":0,"4":0,"5":3,"6":1,"7":1,"8":1,"9":1,"10":1,"11":1,"12":1,"13":1,"14":1,"15":1,"16":1,"17":1},"b":{"0":[0,0],"1":[3,2,1],"2":[1,0,0],"3":[1,0],"4":[1,1],"5":[1,0],"6":[1,1],"7":[1,0],"8":[1,1],"9":[1,0],"10":[1,1],"11":[1,0],"12":[1,1],"13":[1,0],"14":[1,1],"15":[1,0],"16":[1,1],"17":[0,1],"18":[1,0],"19":[1,0],"20":[1,1],"21":[1,0],"22":[1,1]}}
,"/Users/timurzharlykpaev/Desktop/repositories/subradar-backend/src/auth/auth.service.ts": {"path":"/Users/timurzharlykpaev/Desktop/repositories/subradar-backend/src/auth/auth.service.ts","statementMap":{"0":{"start":{"line":1,"column":0},"end":{"line":1,"column":null}},"1":{"start":{"line":9,"column":0},"end":{"line":9,"column":41}},"2":{"start":{"line":10,"column":0},"end":{"line":10,"column":47}},"3":{"start":{"line":11,"column":0},"end":{"line":11,"column":33}},"4":{"start":{"line":12,"column":0},"end":{"line":12,"column":54}},"5":{"start":{"line":13,"column":0},"end":{"line":13,"column":67}},"6":{"start":{"line":14,"column":0},"end":{"line":14,"column":78}},"7":{"start":{"line":23,"column":0},"end":{"line":23,"column":28}},"8":{"start":{"line":26,"column":24},"end":{"line":344,"column":null}},"9":{"start":{"line":27,"column":28},"end":{"line":27,"column":56}},"10":{"start":{"line":31,"column":21},"end":{"line":31,"column":35}},"11":{"start":{"line":32,"column":21},"end":{"line":32,"column":33}},"12":{"start":{"line":33,"column":21},"end":{"line":33,"column":26}},"13":{"start":{"line":34,"column":21},"end":{"line":34,"column":36}},"14":{"start":{"line":36,"column":4},"end":{"line":36,"column":85}},"15":{"start":{"line":40,"column":20},"end":{"line":40,"column":55}},"16":{"start":{"line":41,"column":24},"end":{"line":44,"column":6}},"17":{"start":{"line":45,"column":25},"end":{"line":48,"column":6}},"18":{"start":{"line":49,"column":4},"end":{"line":49,"column":41}},"19":{"start":{"line":53,"column":21},"end":{"line":53,"column":67}},"20":{"start":{"line":54,"column":4},"end":{"line":54,"column":70}},"21":{"start":{"line":54,"column":18},"end":{"line":54,"column":70}},"22":{"start":{"line":56,"column":27},"end":{"line":56,"column":62}},"23":{"start":{"line":57,"column":17},"end":{"line":62,"column":6}},"24":{"start":{"line":64,"column":19},"end":{"line":64,"column":44}},"25":{"start":{"line":65,"column":4},"end":{"line":65,"column":77}},"26":{"start":{"line":66,"column":4},"end":{"line":66,"column":31}},"27":{"start":{"line":70,"column":17},"end":{"line":70,"column":75}},"28":{"start":{"line":71,"column":4},"end":{"line":72,"column":61}},"29":{"start":{"line":72,"column":6},"end":{"line":72,"column":61}},"30":{"start":{"line":74,"column":18},"end":{"line":74,"column":67}},"31":{"start":{"line":75,"column":4},"end":{"line":75,"column":71}},"32":{"start":{"line":75,"column":16},"end":{"line":75,"column":71}},"33":{"start":{"line":77,"column":19},"end":{"line":77,"column":44}},"34":{"start":{"line":78,"column":4},"end":{"line":78,"column":77}},"35":{"start":{"line":79,"column":4},"end":{"line":79,"column":31}},"36":{"start":{"line":83,"column":15},"end":{"line":83,"column":68}},"37":{"start":{"line":84,"column":4},"end":{"line":92,"column":5}},"38":{"start":{"line":85,"column":6},"end":{"line":91,"column":9}},"39":{"start":{"line":93,"column":19},"end":{"line":93,"column":44}},"40":{"start":{"line":94,"column":4},"end":{"line":94,"column":77}},"41":{"start":{"line":95,"column":4},"end":{"line":95,"column":31}},"42":{"start":{"line":101,"column":30},"end":{"line":101,"column":33}},"43":{"start":{"line":103,"column":4},"end":{"line":107,"column":5}},"44":{"start":{"line":104,"column":6},"end":{"line":104,"column":55}},"45":{"start":{"line":106,"column":6},"end":{"line":106,"column":61}},"46":{"start":{"line":109,"column":18},"end":{"line":109,"column":32}},"47":{"start":{"line":110,"column":4},"end":{"line":110,"column":77}},"48":{"start":{"line":110,"column":16},"end":{"line":110,"column":77}},"49":{"start":{"line":112,"column":15},"end":{"line":112,"column":57}},"50":{"start":{"line":113,"column":4},"end":{"line":120,"column":5}},"51":{"start":{"line":114,"column":6},"end":{"line":119,"column":9}},"52":{"start":{"line":122,"column":19},"end":{"line":122,"column":44}},"53":{"start":{"line":123,"column":4},"end":{"line":123,"column":77}},"54":{"start":{"line":124,"column":4},"end":{"line":124,"column":31}},"55":{"start":{"line":128,"column":15},"end":{"line":128,"column":61}},"56":{"start":{"line":129,"column":4},"end":{"line":134,"column":5}},"57":{"start":{"line":130,"column":6},"end":{"line":133,"column":9}},"58":{"start":{"line":136,"column":18},"end":{"line":141,"column":null}},"59":{"start":{"line":144,"column":19},"end":{"line":144,"column":56}},"60":{"start":{"line":145,"column":4},"end":{"line":148,"column":7}},"61":{"start":{"line":150,"column":19},"end":{"line":150,"column":69}},"62":{"start":{"line":151,"column":17},"end":{"line":151,"column":54}},"63":{"start":{"line":153,"column":19},"end":{"line":153,"column":60}},"64":{"start":{"line":155,"column":4},"end":{"line":168,"column":8}},"65":{"start":{"line":171,"column":4},"end":{"line":174,"column":6}},"66":{"start":{"line":179,"column":4},"end":{"line":185,"column":5}},"67":{"start":{"line":180,"column":6},"end":{"line":182,"column":9}},"68":{"start":{"line":184,"column":6},"end":{"line":184,"column":71}},"69":{"start":{"line":187,"column":17},"end":{"line":187,"column":62}},"70":{"start":{"line":188,"column":4},"end":{"line":189,"column":60}},"71":{"start":{"line":189,"column":6},"end":{"line":189,"column":60}},"72":{"start":{"line":190,"column":4},"end":{"line":191,"column":60}},"73":{"start":{"line":191,"column":6},"end":{"line":191,"column":60}},"74":{"start":{"line":193,"column":4},"end":{"line":196,"column":7}},"75":{"start":{"line":198,"column":19},"end":{"line":198,"column":44}},"76":{"start":{"line":199,"column":4},"end":{"line":199,"column":77}},"77":{"start":{"line":200,"column":4},"end":{"line":200,"column":31}},"78":{"start":{"line":205,"column":4},"end":{"line":211,"column":5}},"79":{"start":{"line":206,"column":6},"end":{"line":208,"column":9}},"80":{"start":{"line":210,"column":6},"end":{"line":210,"column":63}},"81":{"start":{"line":213,"column":17},"end":{"line":213,"column":62}},"82":{"start":{"line":214,"column":4},"end":{"line":215,"column":63}},"83":{"start":{"line":215,"column":6},"end":{"line":215,"column":63}},"84":{"start":{"line":217,"column":19},"end":{"line":217,"column":44}},"85":{"start":{"line":218,"column":4},"end":{"line":218,"column":77}},"86":{"start":{"line":219,"column":4},"end":{"line":219,"column":18}},"87":{"start":{"line":223,"column":4},"end":{"line":223,"column":66}},"88":{"start":{"line":223,"column":16},"end":{"line":223,"column":66}},"89":{"start":{"line":228,"column":4},"end":{"line":250,"column":5}},"90":{"start":{"line":229,"column":18},"end":{"line":231,"column":8}},"91":{"start":{"line":232,"column":6},"end":{"line":247,"column":7}},"92":{"start":{"line":233,"column":24},"end":{"line":233,"column":40}},"93":{"start":{"line":234,"column":8},"end":{"line":234,"column":30}},"94":{"start":{"line":235,"column":8},"end":{"line":235,"column":59}},"95":{"start":{"line":236,"column":8},"end":{"line":236,"column":36}},"96":{"start":{"line":237,"column":8},"end":{"line":237,"column":33}},"97":{"start":{"line":240,"column":24},"end":{"line":240,"column":60}},"98":{"start":{"line":241,"column":8},"end":{"line":242,"column":66}},"99":{"start":{"line":242,"column":10},"end":{"line":242,"column":66}},"100":{"start":{"line":243,"column":8},"end":{"line":243,"column":30}},"101":{"start":{"line":244,"column":8},"end":{"line":244,"column":59}},"102":{"start":{"line":245,"column":8},"end":{"line":245,"column":36}},"103":{"start":{"line":246,"column":8},"end":{"line":246,"column":33}},"104":{"start":{"line":249,"column":6},"end":{"line":249,"column":71}},"105":{"start":{"line":252,"column":4},"end":{"line":252,"column":82}},"106":{"start":{"line":253,"column":4},"end":{"line":273,"column":5}},"107":{"start":{"line":254,"column":17},"end":{"line":254,"column":59}},"108":{"start":{"line":255,"column":6},"end":{"line":264,"column":7}},"109":{"start":{"line":256,"column":8},"end":{"line":256,"column":72}},"110":{"start":{"line":257,"column":8},"end":{"line":263,"column":11}},"111":{"start":{"line":265,"column":6},"end":{"line":265,"column":81}},"112":{"start":{"line":266,"column":21},"end":{"line":266,"column":46}},"113":{"start":{"line":267,"column":6},"end":{"line":267,"column":79}},"114":{"start":{"line":268,"column":6},"end":{"line":268,"column":64}},"115":{"start":{"line":269,"column":6},"end":{"line":269,"column":33}},"116":{"start":{"line":271,"column":6},"end":{"line":271,"column":103}},"117":{"start":{"line":272,"column":6},"end":{"line":272,"column":83}},"118":{"start":{"line":278,"column":24},"end":{"line":278,"column":68}},"119":{"start":{"line":279,"column":4},"end":{"line":282,"column":5}},"120":{"start":{"line":280,"column":6},"end":{"line":280,"column":70}},"121":{"start":{"line":281,"column":6},"end":{"line":281,"column":37}},"122":{"start":{"line":284,"column":17},"end":{"line":284,"column":71}},"123":{"start":{"line":285,"column":4},"end":{"line":285,"column":62}},"124":{"start":{"line":287,"column":4},"end":{"line":300,"column":6}},"125":{"start":{"line":302,"column":19},"end":{"line":302,"column":60}},"126":{"start":{"line":303,"column":4},"end":{"line":306,"column":6}},"127":{"start":{"line":310,"column":19},"end":{"line":310,"column":59}},"128":{"start":{"line":311,"column":4},"end":{"line":311,"column":77}},"129":{"start":{"line":311,"column":17},"end":{"line":311,"column":77}},"130":{"start":{"line":312,"column":4},"end":{"line":312,"column":81}},"131":{"start":{"line":312,"column":29},"end":{"line":312,"column":81}},"132":{"start":{"line":314,"column":4},"end":{"line":314,"column":45}},"133":{"start":{"line":316,"column":24},"end":{"line":316,"column":68}},"134":{"start":{"line":317,"column":19},"end":{"line":317,"column":64}},"135":{"start":{"line":319,"column":15},"end":{"line":319,"column":61}},"136":{"start":{"line":320,"column":4},"end":{"line":325,"column":5}},"137":{"start":{"line":321,"column":6},"end":{"line":324,"column":9}},"138":{"start":{"line":328,"column":4},"end":{"line":333,"column":5}},"139":{"start":{"line":329,"column":6},"end":{"line":329,"column":70}},"140":{"start":{"line":330,"column":6},"end":{"line":330,"column":45}},"141":{"start":{"line":332,"column":6},"end":{"line":332,"column":70}},"142":{"start":{"line":335,"column":19},"end":{"line":335,"column":44}},"143":{"start":{"line":336,"column":4},"end":{"line":336,"column":77}},"144":{"start":{"line":337,"column":4},"end":{"line":337,"column":31}},"145":{"start":{"line":341,"column":4},"end":{"line":341,"column":61}},"146":{"start":{"line":342,"column":4},"end":{"line":342,"column":37}},"147":{"start":{"line":26,"column":13},"end":{"line":26,"column":24}},"148":{"start":{"line":26,"column":13},"end":{"line":344,"column":null}}},"fnMap":{"0":{"name":"(anonymous_12)","decl":{"start":{"line":30,"column":2},"end":{"line":30,"column":null}},"loc":{"start":{"line":34,"column":56},"end":{"line":37,"column":3}}},"1":{"name":"(anonymous_13)","decl":{"start":{"line":39,"column":10},"end":{"line":39,"column":24}},"loc":{"start":{"line":39,"column":35},"end":{"line":50,"column":3}}},"2":{"name":"(anonymous_14)","decl":{"start":{"line":52,"column":2},"end":{"line":52,"column":7}},"loc":{"start":{"line":52,"column":33},"end":{"line":67,"column":3}}},"3":{"name":"(anonymous_15)","decl":{"start":{"line":69,"column":2},"end":{"line":69,"column":7}},"loc":{"start":{"line":69,"column":27},"end":{"line":80,"column":3}}},"4":{"name":"(anonymous_16)","decl":{"start":{"line":82,"column":2},"end":{"line":82,"column":7}},"loc":{"start":{"line":82,"column":35},"end":{"line":96,"column":3}}},"5":{"name":"(anonymous_17)","decl":{"start":{"line":98,"column":2},"end":{"line":98,"column":7}},"loc":{"start":{"line":98,"column":36},"end":{"line":125,"column":3}}},"6":{"name":"(anonymous_18)","decl":{"start":{"line":127,"column":2},"end":{"line":127,"column":7}},"loc":{"start":{"line":127,"column":39},"end":{"line":175,"column":3}}},"7":{"name":"(anonymous_19)","decl":{"start":{"line":177,"column":2},"end":{"line":177,"column":7}},"loc":{"start":{"line":177,"column":37},"end":{"line":201,"column":3}}},"8":{"name":"(anonymous_20)","decl":{"start":{"line":203,"column":2},"end":{"line":203,"column":7}},"loc":{"start":{"line":203,"column":29},"end":{"line":220,"column":3}}},"9":{"name":"(anonymous_21)","decl":{"start":{"line":222,"column":2},"end":{"line":222,"column":7}},"loc":{"start":{"line":222,"column":38},"end":{"line":274,"column":3}}},"10":{"name":"(anonymous_22)","decl":{"start":{"line":276,"column":2},"end":{"line":276,"column":7}},"loc":{"start":{"line":276,"column":31},"end":{"line":307,"column":3}}},"11":{"name":"(anonymous_23)","decl":{"start":{"line":309,"column":2},"end":{"line":309,"column":7}},"loc":{"start":{"line":309,"column":35},"end":{"line":338,"column":3}}},"12":{"name":"(anonymous_24)","decl":{"start":{"line":340,"column":2},"end":{"line":340,"column":7}},"loc":{"start":{"line":340,"column":29},"end":{"line":343,"column":3}}}},"branchMap":{"0":{"loc":{"start":{"line":36,"column":27},"end":{"line":36,"column":83}},"type":"binary-expr","locations":[{"start":{"line":36,"column":27},"end":{"line":36,"column":55}},{"start":{"line":36,"column":59},"end":{"line":36,"column":83}}]},"1":{"loc":{"start":{"line":54,"column":4},"end":{"line":54,"column":70}},"type":"if","locations":[{"start":{"line":54,"column":4},"end":{"line":54,"column":70}},{"start":{},"end":{}}]},"2":{"loc":{"start":{"line":71,"column":4},"end":{"line":72,"column":61}},"type":"if","locations":[{"start":{"line":71,"column":4},"end":{"line":72,"column":61}},{"start":{},"end":{}}]},"3":{"loc":{"start":{"line":71,"column":8},"end":{"line":71,"column":31}},"type":"binary-expr","locations":[{"start":{"line":71,"column":8},"end":{"line":71,"column":13}},{"start":{"line":71,"column":17},"end":{"line":71,"column":31}}]},"4":{"loc":{"start":{"line":75,"column":4},"end":{"line":75,"column":71}},"type":"if","locations":[{"start":{"line":75,"column":4},"end":{"line":75,"column":71}},{"start":{},"end":{}}]},"5":{"loc":{"start":{"line":84,"column":4},"en
[...]
":65}},"type":"binary-expr","locations":[{"start":{"line":67,"column":47},"end":{"line":67,"column":52}},{"start":{"line":67,"column":56},"end":{"line":67,"column":65}}]},"4":{"loc":{"start":{"line":82,"column":4},"end":{"line":82,"column":75}},"type":"if","locations":[{"start":{"line":82,"column":4},"end":{"line":82,"column":75}},{"start":{},"end":{}}]},"5":{"loc":{"start":{"line":83,"column":4},"end":{"line":83,"column":69}},"type":"if","locations":[{"start":{"line":83,"column":4},"end":{"line":83,"column":69}},{"start":{},"end":{}}]},"6":{"loc":{"start":{"line":84,"column":4},"end":{"line":84,"column":81}},"type":"if","locations":[{"start":{"line":84,"column":4},"end":{"line":84,"column":81}},{"start":{},"end":{}}]},"7":{"loc":{"start":{"line":85,"column":4},"end":{"line":86,"column":67}},"type":"if","locations":[{"start":{"line":85,"column":4},"end":{"line":86,"column":67}},{"start":{},"end":{}}]},"8":{"loc":{"start":{"line":87,"column":4},"end":{"line":87,"column":82}},"type":"if","locations":[{"start":{"line":87,"column":4},"end":{"line":87,"column":82}},{"start":{},"end":{}}]},"9":{"loc":{"start":{"line":88,"column":4},"end":{"line":88,"column":72}},"type":"if","locations":[{"start":{"line":88,"column":4},"end":{"line":88,"column":72}},{"start":{},"end":{}}]},"10":{"loc":{"start":{"line":90,"column":4},"end":{"line":92,"column":5}},"type":"if","locations":[{"start":{"line":90,"column":4},"end":{"line":92,"column":5}},{"start":{},"end":{}}]},"11":{"loc":{"start":{"line":9,"column":51},"end":{"line":9,"column":67}},"type":"cond-expr","locations":[{"start":{"line":9,"column":61},"end":{"line":9,"column":67}},{"start":{"line":9,"column":61},"end":{"line":9,"column":67}}]},"12":{"loc":{"start":{"line":9,"column":51},"end":{"line":9,"column":61}},"type":"binary-expr","locations":[{"start":{"line":9,"column":51},"end":{"line":9,"column":67}},{"start":{"line":9,"column":51},"end":{"line":9,"column":61}}]}},"s":{"0":10,"1":10,"2":10,"3":10,"4":10,"5":13,"6":5,"7":5,"8":1,"9":4,"10":2,"11":1,"12":1,"13":1,"14":1,"15":2,"16":2,"17":2,"18":2,"19":1,"20":2,"21":1,"22":2,"23":1,"24":2,"25":1,"26":1,"27":1,"28":1,"29":1,"30":1,"31":0,"32":1,"33":0,"34":1,"35":0,"36":1,"37":0,"38":1,"39":1,"40":1,"41":10,"42":10},"f":{"0":13,"1":5,"2":2,"3":1,"4":1,"5":2,"6":1,"7":2,"8":1},"b":{"0":[1,4],"1":[1,1],"2":[1,1],"3":[2,1],"4":[1,0],"5":[1,0],"6":[0,1],"7":[0,1],"8":[0,1],"9":[0,1],"10":[1,0],"11":[10,0],"12":[10,10]}}
,"/Users/timurzharlykpaev/Desktop/repositories/subradar-backend/src/workspace/workspace.controller.ts": {"path":"/Users/timurzharlykpaev/Desktop/repositories/subradar-backend/src/workspace/workspace.controller.ts","statementMap":{"0":{"start":{"line":1,"column":0},"end":{"line":1,"column":null}},"1":{"start":{"line":11,"column":0},"end":{"line":11,"column":57}},"2":{"start":{"line":12,"column":0},"end":{"line":12,"column":61}},"3":{"start":{"line":13,"column":0},"end":{"line":13,"column":55}},"4":{"start":{"line":14,"column":0},"end":{"line":14,"column":64}},"5":{"start":{"line":15,"column":0},"end":{"line":15,"column":58}},"6":{"start":{"line":21,"column":7},"end":{"line":63,"column":null}},"7":{"start":{"line":22,"column":31},"end":{"line":22,"column":40}},"8":{"start":{"line":26,"column":4},"end":{"line":26,"column":49}},"9":{"start":{"line":31,"column":4},"end":{"line":31,"column":59}},"10":{"start":{"line":36,"column":22},"end":{"line":36,"column":68}},"11":{"start":{"line":38,"column":4},"end":{"line":38,"column":29}},"12":{"start":{"line":43,"column":4},"end":{"line":43,"column":37}},"13":{"start":{"line":52,"column":4},"end":{"line":52,"column":53}},"14":{"start":{"line":61,"column":4},"end":{"line":61,"column":64}},"15":{"start":{"line":21,"column":13},"end":{"line":21,"column":32}},"16":{"start":{"line":25,"column":2},"end":{"line":27,"column":null}},"17":{"start":{"line":30,"column":2},"end":{"line":32,"column":null}},"18":{"start":{"line":35,"column":8},"end":{"line":39,"column":null}},"19":{"start":{"line":42,"column":2},"end":{"line":44,"column":null}},"20":{"start":{"line":47,"column":2},"end":{"line":53,"column":null}},"21":{"start":{"line":56,"column":2},"end":{"line":62,"column":null}},"22":{"start":{"line":21,"column":13},"end":{"line":63,"column":null}}},"fnMap":{"0":{"name":"(anonymous_4)","decl":{"start":{"line":22,"column":2},"end":{"line":22,"column":31}},"loc":{"start":{"line":22,"column":56},"end":{"line":22,"column":60}}},"1":{"name":"(anonymous_5)","decl":{"start":{"line":25,"column":2},"end":{"line":25,"column":8}},"loc":{"start":{"line":25,"column":56},"end":{"line":27,"column":3}}},"2":{"name":"(anonymous_6)","decl":{"start":{"line":30,"column":2},"end":{"line":30,"column":25}},"loc":{"start":{"line":30,"column":40},"end":{"line":32,"column":3}}},"3":{"name":"(anonymous_7)","decl":{"start":{"line":35,"column":8},"end":{"line":35,"column":22}},"loc":{"start":{"line":35,"column":37},"end":{"line":39,"column":3}}},"4":{"name":"(anonymous_8)","decl":{"start":{"line":42,"column":2},"end":{"line":42,"column":10}},"loc":{"start":{"line":42,"column":34},"end":{"line":44,"column":3}}},"5":{"name":"(anonymous_9)","decl":{"start":{"line":47,"column":2},"end":{"line":47,"column":8}},"loc":{"start":{"line":50,"column":32},"end":{"line":53,"column":3}}},"6":{"name":"(anonymous_10)","decl":{"start":{"line":56,"column":2},"end":{"line":56,"column":14}},"loc":{"start":{"line":59,"column":39},"end":{"line":62,"column":3}}}},"branchMap":{"0":{"loc":{"start":{"line":38,"column":11},"end":{"line":38,"column":28}},"type":"binary-expr","locations":[{"start":{"line":38,"column":11},"end":{"line":38,"column":20}},{"start":{"line":38,"column":24},"end":{"line":38,"column":28}}]},"1":{"loc":{"start":{"line":25,"column":38},"end":{"line":25,"column":null}},"type":"cond-expr","locations":[{"start":{"line":25,"column":56},"end":{"line":25,"column":null}},{"start":{"line":25,"column":56},"end":{"line":25,"column":null}}]},"2":{"loc":{"start":{"line":25,"column":38},"end":{"line":25,"column":56}},"type":"binary-expr","locations":[{"start":{"line":25,"column":38},"end":{"line":25,"column":null}},{"start":{"line":25,"column":38},"end":{"line":25,"column":56}}]},"3":{"loc":{"start":{"line":50,"column":17},"end":{"line":50,"column":null}},"type":"cond-expr","locations":[{"start":{"line":50,"column":32},"end":{"line":50,"column":null}},{"start":{"line":50,"column":32},"end":{"line":50,"column":null}}]},"4":{"loc":{"start":{"line":50,"column":17},"end":{"line":50,"column":32}},"type":"binary-expr","locations":[{"start":{"line":50,"column":17},"end":{"line":50,"column":null}},{"start":{"line":50,"column":17},"end":{"line":50,"column":32}}]},"5":{"loc":{"start":{"line":22,"column":40},"end":{"line":22,"column":59}},"type":"cond-expr","locations":[{"start":{"line":22,"column":56},"end":{"line":22,"column":59}},{"start":{"line":22,"column":56},"end":{"line":22,"column":59}}]},"6":{"loc":{"start":{"line":22,"column":40},"end":{"line":22,"column":56}},"type":"binary-expr","locations":[{"start":{"line":22,"column":40},"end":{"line":22,"column":59}},{"start":{"line":22,"column":40},"end":{"line":22,"column":56}}]}},"s":{"0":1,"1":1,"2":1,"3":1,"4":1,"5":1,"6":1,"7":5,"8":1,"9":1,"10":2,"11":2,"12":0,"13":0,"14":0,"15":1,"16":1,"17":1,"18":1,"19":1,"20":1,"21":1,"22":1},"f":{"0":5,"1":1,"2":1,"3":2,"4":0,"5":0,"6":0},"b":{"0":[2,1],"1":[1,0],"2":[1,1],"3":[1,0],"4":[1,1],"5":[1,0],"6":[1,1]}}
,"/Users/timurzharlykpaev/Desktop/repositories/subradar-backend/src/workspace/workspace.service.ts": {"path":"/Users/timurzharlykpaev/Desktop/repositories/subradar-backend/src/workspace/workspace.service.ts","statementMap":{"0":{"start":{"line":1,"column":0},"end":{"line":1,"column":null}},"1":{"start":{"line":7,"column":0},"end":{"line":7,"column":51}},"2":{"start":{"line":8,"column":0},"end":{"line":8,"column":41}},"3":{"start":{"line":9,"column":0},"end":{"line":9,"column":56}},"4":{"start":{"line":10,"column":0},"end":{"line":10,"column":null}},"5":{"start":{"line":17,"column":0},"end":{"line":17,"column":null}},"6":{"start":{"line":24,"column":7},"end":{"line":191,"column":null}},"7":{"start":{"line":27,"column":21},"end":{"line":27,"column":36}},"8":{"start":{"line":29,"column":21},"end":{"line":29,"column":33}},"9":{"start":{"line":31,"column":21},"end":{"line":31,"column":30}},"10":{"start":{"line":35,"column":22},"end":{"line":35,"column":68}},"11":{"start":{"line":36,"column":18},"end":{"line":36,"column":58}},"12":{"start":{"line":39,"column":19},"end":{"line":44,"column":6}},"13":{"start":{"line":45,"column":4},"end":{"line":45,"column":39}},"14":{"start":{"line":48,"column":4},"end":{"line":48,"column":35}},"15":{"start":{"line":52,"column":15},"end":{"line":55,"column":6}},"16":{"start":{"line":56,"column":4},"end":{"line":56,"column":64}},"17":{"start":{"line":56,"column":13},"end":{"line":56,"column":64}},"18":{"start":{"line":57,"column":4},"end":{"line":57,"column":14}},"19":{"start":{"line":61,"column":19},"end":{"line":63,"column":6}},"20":{"start":{"line":64,"column":4},"end":{"line":64,"column":29}},"21":{"start":{"line":64,"column":17},"end":{"line":64,"column":29}},"22":{"start":{"line":65,"column":4},"end":{"line":68,"column":7}},"23":{"start":{"line":76,"column":22},"end":{"line":76,"column":54}},"24":{"start":{"line":77,"column":4},"end":{"line":78,"column":68}},"25":{"start":{"line":78,"column":6},"end":{"line":78,"column":68}},"26":{"start":{"line":80,"column":20},"end":{"line":82,"column":6}},"27":{"start":{"line":83,"column":4},"end":{"line":84,"column":70}},"28":{"start":{"line":84,"column":6},"end":{"line":84,"column":70}},"29":{"start":{"line":86,"column":19},"end":{"line":91,"column":6}},"30":{"start":{"line":92,"column":4},"end":{"line":92,"column":40}},"31":{"start":{"line":100,"column":22},"end":{"line":100,"column":54}},"32":{"start":{"line":101,"column":4},"end":{"line":102,"column":68}},"33":{"start":{"line":102,"column":6},"end":{"line":102,"column":68}},"34":{"start":{"line":103,"column":4},"end":{"line":103,"column":64}},"35":{"start":{"line":107,"column":47},"end":{"line":114,"column":6}},"36":{"start":{"line":115,"column":4},"end":{"line":115,"column":33}},"37":{"start":{"line":119,"column":22},"end":{"line":119,"column":55}},"38":{"start":{"line":120,"column":4},"end":{"line":120,"column":71}},"39":{"start":{"line":120,"column":20},"end":{"line":120,"column":71}},"40":{"start":{"line":122,"column":26},"end":{"line":123,"column":null}},"41":{"start":{"line":123,"column":13},"end":{"line":123,"column":66}},"42":{"start":{"line":126,"column":26},"end":{"line":126,"column":60}},"43":{"start":{"line":126,"column":51},"end":{"line":126,"column":59}},"44":{"start":{"line":129,"column":6},"end":{"line":136,"column":12}},"45":{"start":{"line":138,"column":23},"end":{"line":138,"column":56}},"46":{"start":{"line":139,"column":4},"end":{"line":143,"column":5}},"47":{"start":{"line":140,"column":19},"end":{"line":140,"column":51}},"48":{"start":{"line":141,"column":6},"end":{"line":141,"column":21}},"49":{"start":{"line":142,"column":6},"end":{"line":142,"column":39}},"50":{"start":{"line":145,"column":23},"end":{"line":145,"column":24}},"51":{"start":{"line":146,"column":29},"end":{"line":146,"column":30}},"52":{"start":{"line":148,"column":20},"end":{"line":179,"column":6}},"53":{"start":{"line":149,"column":19},"end":{"line":149,"column":54}},"54":{"start":{"line":150,"column":27},"end":{"line":152,"column":null}},"55":{"start":{"line":151,"column":20},"end":{"line":151,"column":81}},"56":{"start":{"line":154,"column":26},"end":{"line":154,"column":43}},"57":{"start":{"line":156,"column":6},"end":{"line":156,"column":35}},"58":{"start":{"line":157,"column":6},"end":{"line":157,"column":40}},"59":{"start":{"line":159,"column":31},"end":{"line":167,"column":11}},"60":{"start":{"line":160,"column":24},"end":{"line":160,"column":59}},"61":{"start":{"line":162,"column":21},"end":{"line":167,"column":10}},"62":{"start":{"line":169,"column":6},"end":{"line":178,"column":8}},"63":{"start":{"line":181,"column":4},"end":{"line":189,"column":6}},"64":{"start":{"line":24,"column":13},"end":{"line":24,"column":29}},"65":{"start":{"line":24,"column":13},"end":{"line":191,"column":null}}},"fnMap":{"0":{"name":"(anonymous_4)","decl":{"start":{"line":25,"column":2},"end":{"line":25,"column":null}},"loc":{"start":{"line":31,"column":54},"end":{"line":32,"column":6}}},"1":{"name":"(anonymous_5)","decl":{"start":{"line":34,"column":2},"end":{"line":34,"column":7}},"loc":{"start":{"line":34,"column":55},"end":{"line":49,"column":3}}},"2":{"name":"(anonymous_6)","decl":{"start":{"line":51,"column":2},"end":{"line":51,"column":7}},"loc":{"start":{"line":51,"column":27},"end":{"line":58,"column":3}}},"3":{"name":"(anonymous_7)","decl":{"start":{"line":60,"column":2},"end":{"line":60,"column":7}},"loc":{"start":{"line":60,"column":37},"end":{"line":69,"column":3}}},"4":{"name":"(anonymous_8)","decl":{"start":{"line":71,"column":2},"end":{"line":71,"column":7}},"loc":{"start":{"line":74,"column":24},"end":{"line":93,"column":3}}},"5":{"name":"(anonymous_9)","decl":{"start":{"line":95,"column":2},"end":{"line":95,"column":7}},"loc":{"start":{"line":98,"column":20},"end":{"line":104,"column":3}}},"6":{"name":"(anonymous_10)","decl":{"start":{"line":106,"column":10},"end":{"line":106,"column":25}},"loc":{"start":{"line":106,"column":63},"end":{"line":116,"column":3}}},"7":{"name":"(anonymous_11)","decl":{"start":{"line":118,"column":2},"end":{"line":118,"column":7}},"loc":{"start":{"line":118,"column":44},"end":{"line":190,"column":3}}},"8":{"name":"(anonymous_12)","decl":{"start":{"line":123,"column":6},"end":{"line":123,"column":7}},"loc":{"start":{"line":123,"column":13},"end":{"line":123,"column":66}}},"9":{"name":"(anonymous_13)","decl":{"start":{"line":126,"column":44},"end":{"line":126,"column":45}},"loc":{"start":{"line":126,"column":51},"end":{"line":126,"column":59}}},"10":{"name":"(anonymous_14)","decl":{"start":{"line":148,"column":38},"end":{"line":148,"column":39}},"loc":{"start":{"line":148,"column":49},"end":{"line":179,"column":5}}},"11":{"name":"(anonymous_15)","decl":{"start":{"line":151,"column":8},"end":{"line":151,"column":9}},"loc":{"start":{"line":151,"column":20},"end":{"line":151,"column":81}}},"12":{"name":"(anonymous_16)","decl":{"start":{"line":160,"column":14},"end":{"line":160,"column":15}},"loc":{"start":{"line":160,"column":24},"end":{"line":160,"column":59}}},"13":{"name":"(anonymous_17)","decl":{"start":{"line":162,"column":13},"end":{"line":162,"column":14}},"loc":{"start":{"line":162,"column":21},"end":{"line":167,"column":10}}}},"branchMap":{"0":{"loc":{"start":{"line":56,"column":4},"end":{"line":56,"column":64}},"type":"if","locations":[{"start":{"line":56,"column":4},"end":{"line":56,"column":64}},{"start":{},"end":{}}]},"1":{"loc":{"start":{"line":64,"column":4},"end":{"line":64,"column":29}},"type":"if","locations":[{"start":{"line":64,"column":4},"end":{"line":64,"column":29}},{"start":{},"end":{}}]},"2":{"loc":{"start":{"line":77,"column":4},"end":{"line":78,"column":68}},"type":"if","locations":[{"start":{"line":77,"column":4},"end":{"line":78,"column":68}},{"start":{},"end":{}}]},"3":{"loc":{"start":{"line":83,"column":4},"end":{"line":84,"column":70}},"type":"if","locations":[{"start":{"line":83,"column":4},"end":{"line":84,"column":70}},{"start":{},"end":{}}]},"4":{"loc":{"start":{"line":89,"column":12},"end":{"line":89,"column":50}},"type":"binary-expr","locations":[{"start":{"line":89,"column":12},"end":{"line":89,"column":20}},{"start":{"line":89,"column":24},"end":{"line":89,"column":50}}]},"5":{"loc":{"start":{"line":101,"column":4},"end":{"line":102,"column":68}},"type":"if","locations":[{"start":{"line":101,"column":4},"end":{"line":102,"column":68}},{"start":{},"end":{}}]},"6":{"loc":{"start":{"line":115,"column":11},"end":{"line":115,"column":32}},"type":"binary-expr","locations":[{"start":{"line":115,"column":11},"end":{"line":115,"column":22}},{"start":{"line":115,"column":26},"end":{"line":115,"column":32}}]},"7":{"loc":{"start":{"line":120,"column":4},"end":{"line":120,"column":71}},"type":"if","locations":[{"start":{"line":120,"column":4},"end":{"line":120,"column":71}},{"start":{},"end":{}}]},"8":{"loc":{"start":{"line":123,"column":13},"end":{"line":123,"column":66}},"type":"binary-expr","locations":[{"start":{"line":123,"column":13},"end":{"line":123,"column":54}},{"start":{"line":123,"column":58},"end":{"line":123,"column":66}}]},"9":{"loc":{"start":{"line":129,"column":6},"end":{"line":136,"column":12}},"type":"cond-expr","locations":[{"start":{"line":130,"column":10},"end":{"line":135,"column":12}},{"start":{"line":136,"column":10},"end":{"line":136,"column":12}}]},"10":{"loc":{"start":{"line":140,"column":19},"end":{"line":140,"column":51}},"type":"binary-expr","locations":[{"start":{"line":140,"column":19},"end":{"line":140,"column":45}},{"start":{"line":140,"column":49},"end":{"line":140,"column":51}}]},"11":{"loc":{"start":{"line":149,"column":19},"end":{"line":149,"column":54}},"type":"binary-expr","locations":[{"start":{"line":149,"column":19},"end":{"line":149,"column":48}},{"start":{"line":149,"column":52},"end":{"line":149,"column":54}}]},"12":{"loc":{"start":{"line":171,"column":14},"end":{"line":171,"column":39}},"type":"binary-expr","locations":[{"start":{"line":171,"column":14},"end":{"line":171,"column":31}},{"start":{"line":171,"column":35},"end":{"line":171,"column":39}}]},"13":{"loc":{"start":{"line":172,"column":15},"end":{"line":172,"column":63}},"type":"binary-expr","locations":[{"start":{"line":172,"column":15},"end":{"line":172,"column":33}},{"start":{"line":172,"column":37},"end":{"line":172,"column":55}},{"start":{"line":172,"column":59},"end":{"line":172,"column":63}}]},"14":{"loc":{"start":{"line":27,"column":36},"end":{"line":27,"column":57}},"type":"cond-expr","locations":[{"start":{"line":27,"column":46},"end":{"line":27,"column":57}},{"start":{"line":27,"column":46},"end":{"line":27,"column":57}}]},"15":{"loc":{"start":{"line":27,"column":36},"end":{"line":27,"column":46}},"type":"binary-expr","locations":[{"start":{"line":27,"column":36},"end":{"line":27,"column":57}},{"start":{"line":27,"column":36},"end":{"line":27,"column":46}}]},"16":{"loc":{"start":{"line":27,"column":46},"end":{"line":29,"column":60}},"type":"cond-expr","locations":[{"start":{"line":29,"column":43},"end":{"line":29,"column":60}},{"start":{"line":29,"column":43},"end":{"line":29,"column":60}}]},"17":{"loc":{"start":{"line":27,"column":46},"end":{"line":29,"column":43}},"type":"binary-expr","locations":[{"start":{"line":27,"column":46},"end":{"line":29,"column":60}},{"start":{"line":29,"column":33},"end":{"line":29,"column":43}}]},"18":{"loc":{"start":{"line":29,"column":43},"end":{"line":31,"column":54}},"type":"cond-expr","locations":[{"start":{"line":31,"column":40},"end":{"line":31,"column":54}},{"start":{"line":31,"column":40},"end":{"line":31,"column":54}}]},"19":{"loc":{"start":{"line":29,"column":43},"end":{"line":31,"column":40}},"type":"binary-expr","locations":[{"start":{"line":29,"column":43},"end":{"line":31,"column":54}},{"start":{"line":31,"column":30},"end":{"line":31,"column":40}}]}},"s":{"0":2,"1":2,"2":2,"3":2,"4":2,"5":2,"6":2,"7":11,"8":11,"9":11,"10":1,"11":1,"12":1,"13":1,"14":1,"15":6,"16":6,"17":1,"18":5,"19":4,"20":4,"21":2,"22":2,"23":3,"24":3,"25":1,"26":2,"27":2,"28":1,"29":1,"30":1,"31":0,"32":0,"33":0,"34":0,"35":0,"36":0,"37":2,"38":2,"39":1,"40":1,"41":1,"42":1,"43":1,"44":1,"45":1,"46":1,"47":0,"48":0,"49":0,"50":1,"51":1,"52":1,"53":1,"54":1,"55":0,"56":1,"57":1,"58":1,"59":1,"60":0,"61":0,"62":1,"63":1,"64":2,"65":2},"f":{"0":11,"1":1,"2":6,"3":4,"4":3,"5":0,"6":0,"7":2,"8":1,"9":1,"10":1,"11":0,"12":0,"13":0},"b":{"0":[1,5],"1":[2,2],"2":[1,2],"3":[1,1],"4":[1,1],"5":[0,0],"6":[0,0],"7":[1,1],"8":[1,1],"9":[1,0],"10":[0,0],"11":[1,1],"12":[1,0],"13":[1,0,0],"14":[2,0],"15":[2,2],"16":[2,0],"17":[2,2],"18":[2,0],"19":[2,2]}}
}
