TN:
SF:src/app.controller.ts
FN:6,(anonymous_2)
FNF:1
FNH:1
FNDA:1,(anonymous_2)
DA:1,1
DA:4,1
DA:6,1
DA:7,1
LF:4
LH:4
BRF:0
BRH:0
end_of_record
TN:
SF:src/app.service.ts
FN:5,(anonymous_1)
FNF:1
FNH:1
FNDA:1,(anonymous_1)
DA:1,1
DA:4,1
DA:6,1
LF:3
LH:3
BRF:0
BRH:0
end_of_record
TN:
SF:src/ai/ai.controller.ts
FN:48,(anonymous_4)
FN:55,(anonymous_5)
FN:61,(anonymous_6)
FN:67,(anonymous_7)
FN:74,(anonymous_8)
FN:88,(anonymous_9)
FN:95,(anonymous_10)
FN:110,(anonymous_11)
FN:124,(anonymous_12)
FN:130,(anonymous_13)
FN:140,(anonymous_14)
FN:154,(anonymous_15)
FN:50,(anonymous_16)
FNF:13
FNH:13
FNDA:19,(anonymous_4)
FNDA:1,(anonymous_5)
FNDA:1,(anonymous_6)
FNDA:1,(anonymous_7)
FNDA:3,(anonymous_8)
FNDA:2,(anonymous_9)
FNDA:2,(anonymous_10)
FNDA:1,(anonymous_11)
FNDA:1,(anonymous_12)
FNDA:1,(anonymous_13)
FNDA:3,(anonymous_14)
FNDA:2,(anonymous_15)
FNDA:19,(anonymous_16)
DA:1,1
DA:11,1
DA:12,1
DA:13,1
DA:14,1
DA:15,1
DA:16,1
DA:17,1
DA:20,1
DA:21,1
DA:22,1
DA:26,1
DA:30,1
DA:31,1
DA:35,1
DA:39,1
DA:40,1
DA:47,1
DA:49,19
DA:50,19
DA:51,19
DA:55,1
DA:56,1
DA:57,1
DA:61,1
DA:62,1
DA:63,1
DA:67,1
DA:68,1
DA:69,1
DA:74,1
DA:79,3
DA:80,3
DA:81,3
DA:82,1
DA:84,3
DA:88,1
DA:89,2
DA:90,2
DA:95,1
DA:100,2
DA:101,2
DA:102,2
DA:103,1
DA:105,2
DA:110,1
DA:115,1
DA:116,1
DA:117,1
DA:118,0
DA:120,1
DA:124,1
DA:125,1
DA:126,1
DA:130,1
DA:131,1
DA:140,1
DA:141,3
DA:142,3
DA:143,3
DA:144,3
DA:154,1
DA:159,2
DA:160,2
DA:161,2
DA:162,1
DA:164,2
LF:67
LH:66
BRDA:81,0,0,1
BRDA:81,0,1,2
BRDA:81,1,0,3
BRDA:81,1,1,2
BRDA:84,2,0,3
BRDA:84,2,1,1
BRDA:90,3,0,2
BRDA:90,3,1,1
BRDA:102,4,0,1
BRDA:102,4,1,1
BRDA:102,5,0,2
BRDA:102,5,1,1
BRDA:105,6,0,2
BRDA:105,6,1,0
BRDA:117,7,0,0
BRDA:117,7,1,1
BRDA:117,8,0,1
BRDA:117,8,1,0
BRDA:120,9,0,1
BRDA:120,9,1,0
BRDA:142,10,0,3
BRDA:142,10,1,1
BRDA:143,11,0,1
BRDA:143,11,1,2
BRDA:143,12,0,1
BRDA:143,12,1,1
BRDA:161,13,0,1
BRDA:161,13,1,1
BRDA:161,14,0,2
BRDA:161,14,1,1
BRDA:164,15,0,2
BRDA:164,15,1,0
BRDA:164,16,0,2
BRDA:164,16,1,0
BRDA:76,17,0,0
BRDA:76,17,1,1
BRDA:76,18,0,1
BRDA:76,18,1,0
BRDA:76,18,2,0
BRDA:97,19,0,0
BRDA:97,19,1,1
BRDA:97,20,0,1
BRDA:97,20,1,0
BRDA:97,20,2,0
BRDA:112,21,0,0
BRDA:112,21,1,1
BRDA:112,22,0,1
BRDA:112,22,1,0
BRDA:112,22,2,0
BRDA:156,23,0,0
BRDA:156,23,1,1
BRDA:156,24,0,1
BRDA:156,24,1,0
BRDA:156,24,2,0
BRDA:49,25,0,1
BRDA:49,25,1,0
BRDA:49,26,0,1
BRDA:49,26,1,1
BRDA:49,27,0,1
BRDA:49,27,1,0
BRDA:49,28,0,1
BRDA:49,28,1,1
BRF:62
BRH:42
end_of_record
TN:
SF:src/ai/ai.service.ts
FN:15,(anonymous_3)
FN:21,(anonymous_4)
FN:26,(anonymous_5)
FN:27,(anonymous_6)
FN:34,(anonymous_7)
FN:40,(anonymous_8)
FN:59,(anonymous_9)
FN:90,(anonymous_10)
FN:121,(anonymous_11)
FN:157,(anonymous_12)
FN:173,(anonymous_13)
FN:193,(anonymous_14)
FN:206,(anonymous_15)
FNF:13
FNH:8
FNDA:5,(anonymous_3)
FNDA:4,(anonymous_4)
FNDA:0,(anonymous_5)
FNDA:0,(anonymous_6)
FNDA:4,(anonymous_7)
FNDA:4,(anonymous_8)
FNDA:1,(anonymous_9)
FNDA:0,(anonymous_10)
FNDA:0,(anonymous_11)
FNDA:1,(anonymous_12)
FNDA:0,(anonymous_13)
FNDA:1,(anonymous_14)
FNDA:1,(anonymous_15)
DA:1,3
DA:2,3
DA:3,3
DA:4,3
DA:7,3
DA:11,5
DA:12,5
DA:13,5
DA:15,5
DA:16,5
DA:17,5
DA:18,5
DA:22,4
DA:23,4
DA:24,4
DA:26,0
DA:27,0
DA:28,0
DA:29,0
DA:35,4
DA:36,4
DA:37,4
DA:44,4
DA:45,4
DA:46,4
DA:52,4
DA:53,4
DA:55,4
DA:60,1
DA:61,1
DA:62,1
DA:64,1
DA:76,1
DA:77,0
DA:78,0
DA:79,0
DA:82,0
DA:86,1
DA:87,1
DA:91,0
DA:92,0
DA:93,0
DA:115,0
DA:117,0
DA:123,0
DA:125,0
DA:126,0
DA:127,0
DA:131,0
DA:136,0
DA:138,0
DA:142,0
DA:158,1
DA:174,0
DA:176,0
DA:177,0
DA:178,0
DA:179,0
DA:184,0
DA:186,0
DA:188,0
DA:189,0
DA:194,1
DA:207,1
LF:64
LH:34
BRDA:18,0,0,5
BRDA:18,0,1,5
BRDA:22,1,0,4
BRDA:22,1,1,0
BRDA:37,2,0,0
BRDA:37,2,1,4
BRDA:42,3,0,4
BRDA:49,4,0,4
BRDA:49,4,1,0
BRDA:52,5,0,4
BRDA:52,5,1,0
BRDA:53,6,0,4
BRDA:53,6,1,0
BRDA:59,7,0,1
BRDA:59,8,0,1
BRDA:62,9,0,0
BRDA:62,9,1,1
BRDA:76,10,0,0
BRDA:76,10,1,1
BRDA:76,11,0,1
BRDA:76,11,1,1
BRDA:115,12,0,0
BRDA:115,12,1,0
BRDA:121,13,0,0
BRDA:157,14,0,1
BRDA:173,15,0,0
BRDA:189,16,0,0
BRDA:189,16,1,0
BRDA:15,17,0,3
BRDA:15,17,1,0
BRDA:15,18,0,3
BRDA:15,18,1,3
BRF:32
BRH:18
end_of_record
TN:
SF:src/analytics/analytics.controller.ts
FN:11,(anonymous_4)
FN:14,(anonymous_5)
FN:28,(anonymous_6)
FN:41,(anonymous_7)
FN:47,(anonymous_8)
FN:52,(anonymous_9)
FN:66,(anonymous_10)
FN:79,(anonymous_11)
FN:84,(anonymous_12)
FN:89,(anonymous_13)
FN:95,(anonymous_14)
FNF:11
FNH:4
FNDA:4,(anonymous_4)
FNDA:1,(anonymous_5)
FNDA:0,(anonymous_6)
FNDA:1,(anonymous_7)
FNDA:0,(anonymous_8)
FNDA:1,(anonymous_9)
FNDA:0,(anonymous_10)
FNDA:0,(anonymous_11)
FNDA:0,(anonymous_12)
FNDA:0,(anonymous_13)
FNDA:0,(anonymous_14)
DA:1,1
DA:2,1
DA:3,1
DA:4,1
DA:10,1
DA:11,4
DA:14,1
DA:19,1
DA:28,1
DA:33,0
DA:41,1
DA:42,1
DA:47,1
DA:48,0
DA:52,1
DA:57,1
DA:66,1
DA:71,0
DA:79,1
DA:80,0
DA:84,1
DA:85,0
DA:89,1
DA:90,0
DA:95,1
DA:96,0
LF:26
LH:19
BRDA:21,0,0,0
BRDA:21,0,1,1
BRDA:22,1,0,0
BRDA:22,1,1,1
BRDA:35,2,0,0
BRDA:35,2,1,0
BRDA:36,3,0,0
BRDA:36,3,1,0
BRDA:42,4,0,0
BRDA:42,4,1,1
BRDA:48,5,0,0
BRDA:48,5,1,0
BRDA:59,6,0,0
BRDA:59,6,1,1
BRDA:60,7,0,0
BRDA:60,7,1,1
BRDA:73,8,0,0
BRDA:73,8,1,0
BRDA:74,9,0,0
BRDA:74,9,1,0
BRDA:80,10,0,0
BRDA:80,10,1,0
BRDA:11,11,0,1
BRDA:11,11,1,0
BRDA:11,12,0,1
BRDA:11,12,1,1
BRF:26
BRH:8
end_of_record
TN:
SF:src/analytics/analytics.service.ts
FN:13,(anonymous_4)
FN:20,(anonymous_5)
FN:32,(anonymous_6)
FN:35,(anonymous_7)
FN:41,(anonymous_8)
FN:47,(anonymous_9)
FN:49,(anonymous_10)
FN:74,(anonymous_11)
FN:75,(anonymous_12)
FN:82,(anonymous_13)
FN:91,(anonymous_14)
FN:117,(anonymous_15)
FN:132,(anonymous_16)
FN:135,(anonymous_17)
FN:147,(anonymous_18)
FN:151,(anonymous_19)
FN:154,(anonymous_20)
FN:160,(anonymous_21)
FN:171,(anonymous_22)
FN:181,(anonymous_23)
FN:185,(anonymous_24)
FN:192,(anonymous_25)
FN:208,(anonymous_26)
FN:212,(anonymous_27)
FN:217,(anonymous_28)
FN:219,(anonymous_29)
FN:233,(anonymous_30)
FN:234,(anonymous_31)
FN:236,(anonymous_32)
FNF:29
FNH:25
FNDA:8,(anonymous_4)
FNDA:6,(anonymous_5)
FNDA:2,(anonymous_6)
FNDA:1,(anonymous_7)
FNDA:1,(anonymous_8)
FNDA:1,(anonymous_9)
FNDA:0,(anonymous_10)
FNDA:1,(anonymous_11)
FNDA:1,(anonymous_12)
FNDA:1,(anonymous_13)
FNDA:1,(anonymous_14)
FNDA:3,(anonymous_15)
FNDA:1,(anonymous_16)
FNDA:1,(anonymous_17)
FNDA:1,(anonymous_18)
FNDA:0,(anonymous_19)
FNDA:1,(anonymous_20)
FNDA:1,(anonymous_21)
FNDA:1,(anonymous_22)
FNDA:0,(anonymous_23)
FNDA:1,(anonymous_24)
FNDA:1,(anonymous_25)
FNDA:1,(anonymous_26)
FNDA:1,(anonymous_27)
FNDA:1,(anonymous_28)
FNDA:0,(anonymous_29)
FNDA:1,(anonymous_30)
FNDA:1,(anonymous_31)
FNDA:1,(anonymous_32)
DA:1,2
DA:2,2
DA:3,2
DA:4,2
DA:9,2
DA:12,2
DA:15,8
DA:17,8
DA:21,6
DA:29,6
DA:33,2
DA:34,2
DA:36,1
DA:40,2
DA:41,1
DA:44,2
DA:45,2
DA:46,2
DA:47,1
DA:50,0
DA:54,2
DA:67,2
DA:74,1
DA:75,1
DA:82,1
DA:97,1
DA:98,1
DA:100,1
DA:101,3
DA:102,3
DA:103,3
DA:105,3
DA:116,3
DA:118,3
DA:121,3
DA:129,1
DA:133,1
DA:134,1
DA:136,1
DA:140,1
DA:141,1
DA:142,1
DA:143,1
DA:146,1
DA:147,1
DA:151,0
DA:155,1
DA:156,1
DA:158,1
DA:159,1
DA:161,1
DA:162,1
DA:163,1
DA:168,1
DA:169,1
DA:172,1
DA:177,1
DA:178,1
DA:181,0
DA:186,1
DA:191,1
DA:192,1
DA:193,1
DA:198,1
DA:209,1
DA:210,1
DA:211,1
DA:213,1
DA:217,1
DA:218,1
DA:219,0
DA:233,1
DA:234,1
DA:235,1
DA:237,1
DA:240,1
DA:253,1
DA:254,0
DA:267,1
LF:79
LH:74
BRDA:29,0,0,6
BRDA:29,0,1,0
BRDA:36,1,0,1
BRDA:36,1,1,0
BRDA:79,2,0,1
BRDA:79,2,1,1
BRDA:91,3,0,0
BRDA:136,4,0,1
BRDA:136,4,1,0
BRDA:143,5,0,1
BRDA:143,5,1,1
BRDA:154,6,0,0
BRDA:161,7,0,0
BRDA:161,7,1,1
BRDA:162,8,0,0
BRDA:162,8,1,1
BRDA:168,9,0,0
BRDA:168,9,1,1
BRDA:177,10,0,0
BRDA:177,10,1,1
BRDA:193,11,0,1
BRDA:193,11,1,0
BRDA:202,12,0,1
BRDA:202,12,1,1
BRDA:202,12,2,1
BRDA:203,13,0,1
BRDA:203,13,1,1
BRDA:213,14,0,1
BRDA:213,14,1,0
BRDA:253,15,0,0
BRDA:253,15,1,1
BRDA:15,16,0,2
BRDA:15,16,1,0
BRDA:15,17,0,2
BRDA:15,17,1,2
BRDA:15,18,0,2
BRDA:15,18,1,0
BRDA:15,19,0,2
BRDA:15,19,1,2
BRF:39
BRH:25
end_of_record
TN:
SF:src/auth/auth.controller.ts
FN:29,(anonymous_4)
FN:35,(anonymous_5)
FN:40,(anonymous_6)
FN:46,(anonymous_7)
FN:50,(anonymous_8)
FN:59,(anonymous_9)
FN:66,(anonymous_10)
FN:71,(anonymous_11)
FN:76,(anonymous_12)
FN:81,(anonymous_13)
FN:86,(anonymous_14)
FN:91,(anonymous_15)
FN:98,(anonymous_16)
FN:105,(anonymous_17)
FN:113,(anonymous_18)
FN:121,(anonymous_19)
FN:130,(anonymous_20)
FN:138,(anonymous_21)
FNF:18
FNH:16
FNDA:18,(anonymous_4)
FNDA:1,(anonymous_5)
FNDA:1,(anonymous_6)
FNDA:0,(anonymous_7)
FNDA:0,(anonymous_8)
FNDA:3,(anonymous_9)
FNDA:1,(anonymous_10)
FNDA:1,(anonymous_11)
FNDA:1,(anonymous_12)
FNDA:1,(anonymous_13)
FNDA:1,(anonymous_14)
FNDA:1,(anonymous_15)
FNDA:1,(anonymous_16)
FNDA:1,(anonymous_17)
FNDA:1,(anonymous_18)
FNDA:1,(anonymous_19)
FNDA:1,(anonymous_20)
FNDA:1,(anonymous_21)
DA:1,1
DA:11,1
DA:12,1
DA:13,1
DA:14,1
DA:23,1
DA:24,1
DA:28,1
DA:30,18
DA:31,18
DA:35,1
DA:36,1
DA:40,1
DA:41,1
DA:46,1
DA:50,1
DA:51,0
DA:52,0
DA:53,0
DA:59,1
DA:60,3
DA:66,1
DA:67,1
DA:71,1
DA:72,1
DA:76,1
DA:77,1
DA:81,1
DA:82,1
DA:86,1
DA:87,1
DA:91,1
DA:92,1
DA:98,1
DA:99,1
DA:105,1
DA:106,1
DA:113,1
DA:114,1
DA:121,1
DA:125,1
DA:130,1
DA:131,1
DA:138,1
DA:139,1
LF:45
LH:42
BRDA:52,0,0,0
BRDA:52,0,1,0
BRDA:61,1,0,3
BRDA:61,1,1,2
BRDA:61,1,2,1
BRDA:132,2,0,1
BRDA:132,2,1,0
BRDA:132,2,2,0
BRDA:35,3,0,1
BRDA:35,3,1,0
BRDA:35,4,0,1
BRDA:35,4,1,1
BRDA:40,5,0,1
BRDA:40,5,1,0
BRDA:40,6,0,1
BRDA:40,6,1,1
BRDA:66,7,0,1
BRDA:66,7,1,0
BRDA:66,8,0,1
BRDA:66,8,1,1
BRDA:71,9,0,1
BRDA:71,9,1,0
BRDA:71,10,0,1
BRDA:71,10,1,1
BRDA:76,11,0,1
BRDA:76,11,1,0
BRDA:76,12,0,1
BRDA:76,12,1,1
BRDA:81,13,0,1
BRDA:81,13,1,0
BRDA:81,14,0,1
BRDA:81,14,1,1
BRDA:91,15,0,1
BRDA:91,15,1,0
BRDA:91,16,0,1
BRDA:91,16,1,1
BRDA:123,17,0,0
BRDA:123,17,1,1
BRDA:123,18,0,1
BRDA:123,18,1,0
BRDA:30,19,0,1
BRDA:30,19,1,0
BRDA:30,20,0,1
BRDA:30,20,1,1
BRDA:30,21,0,1
BRDA:30,21,1,0
BRDA:30,22,0,1
BRDA:30,22,1,1
BRF:48
BRH:33
end_of_record
TN:
SF:src/auth/auth.service.ts
FN:30,(anonymous_12)
FN:39,(anonymous_13)
FN:52,(anonymous_14)
FN:69,(anonymous_15)
FN:82,(anonymous_16)
FN:98,(anonymous_17)
FN:127,(anonymous_18)
FN:177,(anonymous_19)
FN:203,(anonymous_20)
FN:222,(anonymous_21)
FN:276,(anonymous_22)
FN:309,(anonymous_23)
FN:340,(anonymous_24)
FNF:13
FNH:12
FNDA:25,(anonymous_12)
FNDA:7,(anonymous_13)
FNDA:2,(anonymous_14)
FNDA:2,(anonymous_15)
FNDA:2,(anonymous_16)
FNDA:4,(anonymous_17)
FNDA:3,(anonymous_18)
FNDA:4,(anonymous_19)
FNDA:3,(anonymous_20)
FNDA:0,(anonymous_21)
FNDA:2,(anonymous_22)
FNDA:1,(anonymous_23)
FNDA:1,(anonymous_24)
DA:1,2
DA:9,2
DA:10,2
DA:11,2
DA:12,2
DA:13,2
DA:14,2
DA:23,2
DA:26,2
DA:27,25
DA:31,25
DA:32,25
DA:33,25
DA:34,25
DA:36,25
DA:40,7
DA:41,7
DA:45,7
DA:49,7
DA:53,2
DA:54,2
DA:56,1
DA:57,1
DA:64,1
DA:65,1
DA:66,1
DA:70,2
DA:71,2
DA:72,1
DA:74,1
DA:75,1
DA:77,0
DA:78,0
DA:79,0
DA:83,2
DA:84,2
DA:85,1
DA:93,2
DA:94,2
DA:95,2
DA:101,4
DA:103,4
DA:104,4
DA:106,1
DA:109,3
DA:110,3
DA:112,2
DA:113,2
DA:114,1
DA:122,2
DA:123,2
DA:124,2
DA:128,3
DA:129,3
DA:130,1
DA:136,3
DA:144,3
DA:145,3
DA:150,3
DA:151,3
DA:153,3
DA:155,3
DA:171,3
DA:179,4
DA:180,4
DA:184,1
DA:187,3
DA:188,3
DA:189,1
DA:190,2
DA:191,1
DA:193,1
DA:198,1
DA:199,1
DA:200,1
DA:205,3
DA:206,3
DA:210,1
DA:213,2
DA:214,2
DA:215,1
DA:217,1
DA:218,1
DA:219,1
DA:223,0
DA:228,0
DA:229,0
DA:232,0
DA:233,0
DA:234,0
DA:235,0
DA:236,0
DA:237,0
DA:240,0
DA:241,0
DA:242,0
DA:243,0
DA:244,0
DA:245,0
DA:246,0
DA:249,0
DA:252,0
DA:253,0
DA:254,0
DA:255,0
DA:256,0
DA:257,0
DA:265,0
DA:266,0
DA:267,0
DA:268,0
DA:269,0
DA:271,0
DA:272,0
DA:278,2
DA:279,2
DA:280,1
DA:281,1
DA:284,1
DA:285,1
DA:287,1
DA:302,1
DA:303,1
DA:310,1
DA:311,1
DA:312,0
DA:314,0
DA:316,0
DA:317,0
DA:319,0
DA:320,0
DA:321,0
DA:328,0
DA:329,0
DA:330,0
DA:332,0
DA:335,0
DA:336,0
DA:337,0
DA:341,1
DA:342,1
LF:141
LH:94
BRDA:36,0,0,25
BRDA:36,0,1,25
BRDA:54,1,0,1
BRDA:54,1,1,1
BRDA:71,2,0,1
BRDA:71,2,1,1
BRDA:71,3,0,2
BRDA:71,3,1,1
BRDA:75,4,0,1
BRDA:75,4,1,0
BRDA:84,5,0,1
BRDA:84,5,1,1
BRDA:110,6,0,1
BRDA:110,6,1,2
BRDA:113,7,0,1
BRDA:113,7,1,1
BRDA:116,8,0,1
BRDA:116,8,1,0
BRDA:129,9,0,1
BRDA:129,9,1,2
BRDA:173,10,0,0
BRDA:173,10,1,3
BRDA:188,11,0,1
BRDA:188,11,1,2
BRDA:190,12,0,1
BRDA:190,12,1,1
BRDA:214,13,0,1
BRDA:214,13,1,1
BRDA:223,14,0,0
BRDA:223,14,1,0
BRDA:232,15,0,0
BRDA:232,15,1,0
BRDA:235,16,0,0
BRDA:235,16,1,0
BRDA:241,17,0,0
BRDA:241,17,1,0
BRDA:244,18,0,0
BRDA:244,18,1,0
BRDA:255,19,0,0
BRDA:255,19,1,0
BRDA:279,20,0,1
BRDA:279,20,1,1
BRDA:305,21,0,0
BRDA:305,21,1,1
BRDA:311,22,0,1
BRDA:311,22,1,0
BRDA:312,23,0,0
BRDA:312,23,1,0
BRDA:320,24,0,0
BRDA:320,24,1,0
BRDA:328,25,0,0
BRDA:328,25,1,0
BRDA:328,26,0,0
BRDA:328,26,1,0
BRDA:328,26,2,0
BRDA:31,27,0,2
BRDA:31,27,1,0
BRDA:31,28,0,2
BRDA:31,28,1,2
BRDA:31,29,0,2
BRDA:31,29,1,0
BRDA:31,30,0,2
BRDA:31,30,1,2
BRDA:32,31,0,2
BRDA:32,31,1,0
BRDA:32,32,0,2
BRDA:32,32,1,2
BRDA:33,33,0,2
BRDA:33,33,1,0
BRDA:33,34,0,2
BRDA:33,34,1,2
BRF:71
BRH:41
end_of_record
TN:
SF:src/auth/guards/google-auth.guard.ts
FNF:0
FNH:0
DA:1,1
DA:2,1
DA:5,1
LF:3
LH:3
BRF:0
BRH:0
end_of_record
TN:
SF:src/auth/guards/jwt-auth.guard.ts
FNF:0
FNH:0
DA:1,11
DA:2,11
DA:5,11
LF:3
LH:3
BRF:0
BRH:0
end_of_record
TN:
SF:src/auth/strategies/google.strategy.ts
FN:8,(anonymous_2)
FN:20,(anonymous_3)
FNF:2
FNH:0
FNDA:0,(anonymous_2)
FNDA:0,(anonymous_3)
DA:1,0
DA:2,0
DA:3,0
DA:4,0
DA:7,0
DA:9,0
DA:26,0
DA:27,0
DA:34,0
LF:9
LH:0
BRDA:8,0,0,0
BRDA:8,0,1,0
BRDA:8,1,0,0
BRDA:8,1,1,0
BRF:4
BRH:0
end_of_record
TN:
SF:src/auth/strategies/jwt.strategy.ts
FN:8,(anonymous_2)
FN:16,(anonymous_3)
FNF:2
FNH:0
FNDA:0,(anonymous_2)
FNDA:0,(anonymous_3)
DA:1,0
DA:2,0
DA:3,0
DA:4,0
DA:7,0
DA:9,0
DA:17,0
LF:7
LH:0
BRDA:8,0,0,0
BRDA:8,0,1,0
BRDA:8,1,0,0
BRDA:8,1,1,0
BRF:4
BRH:0
end_of_record
TN:
SF:src/billing/billing.controller.ts
FN:35,(anonymous_4)
FN:42,(anonymous_5)
FN:61,(anonymous_6)
FN:68,(anonymous_7)
FN:117,(anonymous_8)
FN:120,(anonymous_9)
FN:128,(anonymous_10)
FN:136,(anonymous_11)
FN:144,(anonymous_12)
FN:152,(anonymous_13)
FNF:10
FNH:10
FNDA:13,(anonymous_4)
FNDA:3,(anonymous_5)
FNDA:3,(anonymous_6)
FNDA:1,(anonymous_7)
FNDA:1,(anonymous_8)
FNDA:3,(anonymous_9)
FNDA:1,(anonymous_10)
FNDA:1,(anonymous_11)
FNDA:1,(anonymous_12)
FNDA:1,(anonymous_13)
DA:1,1
DA:13,1
DA:14,1
DA:15,1
DA:16,1
DA:17,1
DA:18,1
DA:20,1
DA:23,1
DA:24,1
DA:25,1
DA:29,1
DA:34,1
DA:36,13
DA:37,13
DA:38,13
DA:42,1
DA:47,3
DA:49,3
DA:50,1
DA:53,2
DA:54,2
DA:55,2
DA:61,1
DA:62,3
DA:63,3
DA:64,3
DA:68,1
DA:69,1
DA:117,1
DA:118,1
DA:119,1
DA:120,3
DA:122,1
DA:128,1
DA:129,1
DA:130,1
DA:136,1
DA:137,1
DA:138,1
DA:144,1
DA:145,1
DA:146,1
DA:152,1
DA:153,1
LF:45
LH:45
BRDA:47,0,0,3
BRDA:47,0,1,1
BRDA:49,1,0,1
BRDA:49,1,1,2
BRDA:63,2,0,3
BRDA:63,2,1,2
BRDA:63,2,2,1
BRDA:64,3,0,3
BRDA:64,3,1,2
BRDA:120,4,0,3
BRDA:120,4,1,2
BRDA:36,5,0,1
BRDA:36,5,1,0
BRDA:36,6,0,1
BRDA:36,6,1,1
BRDA:36,7,0,1
BRDA:36,7,1,0
BRDA:36,8,0,1
BRDA:36,8,1,1
BRDA:37,9,0,1
BRDA:37,9,1,0
BRDA:37,10,0,1
BRDA:37,10,1,1
BRF:23
BRH:20
end_of_record
TN:
SF:src/billing/billing.service.ts
FN:24,(anonymous_2)
FN:44,(anonymous_3)
FN:50,(anonymous_4)
FN:105,(anonymous_5)
FN:116,(anonymous_6)
FN:123,(anonymous_7)
FN:180,(anonymous_8)
FN:195,(anonymous_9)
FN:214,(anonymous_10)
FN:226,(anonymous_11)
FN:231,(anonymous_12)
FN:251,(anonymous_13)
FNF:12
FNH:8
FNDA:15,(anonymous_2)
FNDA:1,(anonymous_3)
FNDA:4,(anonymous_4)
FNDA:2,(anonymous_5)
FNDA:0,(anonymous_6)
FNDA:0,(anonymous_7)
FNDA:2,(anonymous_8)
FNDA:0,(anonymous_9)
FNDA:0,(anonymous_10)
FNDA:4,(anonymous_11)
FNDA:2,(anonymous_12)
FNDA:2,(anonymous_13)
DA:1,3
DA:8,3
DA:9,3
DA:10,3
DA:11,3
DA:14,3
DA:15,15
DA:25,15
DA:26,15
DA:28,15
DA:29,15
DA:30,15
DA:32,15
DA:35,15
DA:37,15
DA:40,15
DA:45,1
DA:46,1
DA:47,1
DA:51,4
DA:53,4
DA:56,1
DA:57,1
DA:58,1
DA:59,1
DA:60,1
DA:65,1
DA:67,1
DA:68,1
DA:69,1
DA:70,1
DA:71,1
DA:75,1
DA:76,1
DA:79,1
DA:82,1
DA:83,1
DA:84,1
DA:85,1
DA:86,1
DA:87,1
DA:88,0
DA:89,0
DA:90,0
DA:92,0
DA:96,1
DA:99,1
DA:100,1
DA:107,2
DA:109,1
DA:110,1
DA:112,0
DA:113,0
DA:116,0
DA:117,0
DA:118,0
DA:120,0
DA:124,0
DA:125,0
DA:128,0
DA:129,0
DA:158,0
DA:159,0
DA:162,0
DA:164,0
DA:165,0
DA:166,0
DA:167,0
DA:170,0
DA:171,0
DA:172,0
DA:173,0
DA:176,0
DA:177,0
DA:181,2
DA:182,2
DA:183,1
DA:185,1
DA:186,1
DA:187,1
DA:196,0
DA:197,0
DA:198,0
DA:200,0
DA:201,0
DA:203,0
DA:204,0
DA:205,0
DA:207,0
DA:208,0
DA:210,0
DA:211,0
DA:215,0
DA:216,0
DA:217,0
DA:219,0
DA:220,0
DA:221,0
DA:223,0
DA:227,4
DA:228,4
DA:232,2
DA:233,2
DA:234,2
DA:236,2
DA:237,2
DA:239,2
DA:240,1
DA:245,1
DA:252,2
DA:253,2
DA:254,2
DA:257,2
DA:259,2
DA:260,2
DA:262,2
DA:263,1
DA:264,1
DA:265,1
DA:266,1
DA:267,1
DA:271,2
LF:122
LH:76
BRDA:33,0,0,15
BRDA:33,0,1,14
BRDA:36,1,0,15
BRDA:36,1,1,14
BRDA:38,2,0,15
BRDA:38,2,1,14
BRDA:41,3,0,15
BRDA:41,3,1,14
BRDA:53,4,0,1
BRDA:53,4,1,1
BRDA:53,4,2,1
BRDA:53,4,3,1
BRDA:59,5,0,1
BRDA:59,5,1,0
BRDA:67,6,0,1
BRDA:67,6,1,0
BRDA:69,7,0,1
BRDA:69,7,1,0
BRDA:70,8,0,1
BRDA:70,8,1,0
BRDA:72,9,0,1
BRDA:72,9,1,0
BRDA:72,10,0,0
BRDA:72,10,1,1
BRDA:83,11,0,1
BRDA:83,11,1,0
BRDA:85,12,0,1
BRDA:85,12,1,0
BRDA:87,13,0,0
BRDA:87,13,1,1
BRDA:89,14,0,0
BRDA:89,14,1,0
BRDA:105,15,0,2
BRDA:107,16,0,1
BRDA:107,16,1,1
BRDA:109,17,0,1
BRDA:109,17,1,0
BRDA:110,18,0,0
BRDA:110,18,1,1
BRDA:112,19,0,0
BRDA:112,19,1,0
BRDA:112,20,0,0
BRDA:112,20,1,0
BRDA:113,21,0,0
BRDA:113,21,1,0
BRDA:117,22,0,0
BRDA:117,22,1,0
BRDA:117,23,0,0
BRDA:117,23,1,0
BRDA:123,24,0,0
BRDA:164,25,0,0
BRDA:164,25,1,0
BRDA:164,26,0,0
BRDA:164,26,1,0
BRDA:165,27,0,0
BRDA:165,27,1,0
BRDA:165,27,2,0
BRDA:171,28,0,0
BRDA:171,28,1,0
BRDA:182,29,0,1
BRDA:182,29,1,1
BRDA:197,30,0,0
BRDA:197,30,1,0
BRDA:197,31,0,0
BRDA:197,31,1,0
BRDA:200,32,0,0
BRDA:200,32,1,0
BRDA:200,33,0,0
BRDA:200,33,1,0
BRDA:204,34,0,0
BRDA:204,34,1,0
BRDA:207,35,0,0
BRDA:207,35,1,0
BRDA:216,36,0,0
BRDA:216,36,1,0
BRDA:220,37,0,0
BRDA:220,37,1,0
BRDA:234,38,0,2
BRDA:234,38,1,0
BRDA:237,39,0,0
BRDA:237,39,1,2
BRDA:239,40,0,1
BRDA:239,40,1,1
BRDA:239,41,0,2
BRDA:239,41,1,2
BRDA:253,42,0,2
BRDA:253,42,1,0
BRDA:257,43,0,0
BRDA:257,43,1,2
BRDA:262,44,0,1
BRDA:262,44,1,1
BRDA:265,45,0,1
BRDA:265,45,1,0
BRDA:274,46,0,2
BRDA:274,46,1,1
BRDA:282,47,0,2
BRDA:282,47,1,2
BRDA:25,48,0,3
BRDA:25,48,1,0
BRDA:25,49,0,3
BRDA:25,49,1,3
BRDA:25,50,0,3
BRDA:25,50,1,0
BRDA:25,51,0,3
BRDA:25,51,1,3
BRF:105
BRH:49
end_of_record
TN:
SF:src/billing/plans.config.ts
FNF:0
FNH:0
DA:8,7
DA:29,7
LF:2
LH:2
BRF:0
BRH:0
end_of_record
TN:
SF:src/common/client-error.controller.ts
FN:48,(anonymous_4)
FNF:1
FNH:1
FNDA:6,(anonymous_4)
DA:1,1
DA:2,1
DA:3,1
DA:8,1
DA:13,1
DA:18,1
DA:23,1
DA:28,1
DA:33,1
DA:38,1
DA:43,1
DA:44,7
DA:48,1
DA:49,6
DA:50,6
DA:53,6
DA:54,6
DA:56,6
DA:60,6
LF:19
LH:19
BRDA:49,0,0,6
BRDA:49,0,1,1
BRDA:50,1,0,6
BRDA:50,1,1,4
BRDA:50,1,2,3
BRDA:53,2,0,3
BRDA:53,2,1,3
BRDA:54,3,0,3
BRDA:54,3,1,3
BRDA:57,4,0,6
BRDA:57,4,1,5
BRDA:57,4,2,4
BRDA:58,5,0,6
BRDA:58,5,1,5
BRF:14
BRH:14
end_of_record
TN:
SF:src/common/decorators/current-user.decorator.ts
FN:4,(anonymous_0)
FNF:1
FNH:0
FNDA:0,(anonymous_0)
DA:1,0
DA:3,0
DA:5,0
DA:6,0
DA:7,0
LF:5
LH:0
BRDA:7,0,0,0
BRDA:7,0,1,0
BRF:2
BRH:0
end_of_record
TN:
SF:src/common/decorators/roles.decorator.ts
FN:4,(anonymous_0)
FNF:1
FNH:0
FNDA:0,(anonymous_0)
DA:1,1
DA:3,1
DA:4,1
LF:3
LH:3
BRF:0
BRH:0
end_of_record
TN:
SF:src/common/filters/all-exceptions.filter.ts
FN:15,(anonymous_1)
FNF:1
FNH:1
FNDA:6,(anonymous_1)
DA:1,1
DA:12,1
DA:13,7
DA:16,6
DA:17,6
DA:18,6
DA:20,6
DA:21,6
DA:23,6
DA:24,4
DA:25,4
DA:26,4
DA:32,2
DA:36,2
DA:39,6
LF:15
LH:15
BRDA:23,0,0,4
BRDA:23,0,1,2
BRDA:27,1,0,1
BRDA:27,1,1,3
BRDA:28,2,0,1
BRDA:28,2,1,0
BRDA:33,3,0,2
BRDA:33,3,1,1
BRDA:36,4,0,2
BRDA:36,4,1,1
BRF:10
BRH:9
end_of_record
TN:
SF:src/common/filters/http-exception.filter.ts
FN:12,(anonymous_1)
FNF:1
FNH:1
FNDA:3,(anonymous_1)
DA:1,1
DA:11,1
DA:13,3
DA:14,3
DA:15,3
DA:16,3
DA:20,3
DA:22,3
DA:26,3
LF:9
LH:9
BRDA:16,0,0,3
BRDA:16,0,1,0
BRDA:22,1,0,1
BRDA:22,1,1,2
BRF:4
BRH:3
end_of_record
TN:
SF:src/common/guards/roles.guard.ts
FN:7,(anonymous_2)
FN:9,(anonymous_3)
FNF:2
FNH:2
FNDA:6,(anonymous_2)
FNDA:5,(anonymous_3)
DA:1,1
DA:2,1
DA:3,1
DA:6,1
DA:7,6
DA:10,5
DA:14,5
DA:16,4
DA:17,4
LF:9
LH:9
BRDA:14,0,0,1
BRDA:14,0,1,4
BRDA:18,1,0,4
BRDA:18,1,1,3
BRDA:7,2,0,1
BRDA:7,2,1,0
BRDA:7,3,0,1
BRDA:7,3,1,1
BRF:8
BRH:7
end_of_record
TN:
SF:src/common/guards/ws-jwt.guard.ts
FN:6,(anonymous_2)
FN:13,(anonymous_3)
FN:18,(anonymous_4)
FNF:3
FNH:3
FNDA:2,(anonymous_2)
FNDA:5,(anonymous_3)
FNDA:4,(anonymous_4)
DA:1,1
DA:2,1
DA:3,1
DA:7,2
DA:12,1
DA:14,5
DA:15,5
DA:19,4
DA:21,4
DA:24,4
DA:26,3
DA:27,3
DA:30,2
DA:31,2
DA:33,1
LF:15
LH:15
BRDA:21,0,0,4
BRDA:21,0,1,2
BRDA:24,1,0,1
BRDA:24,1,1,3
BRDA:14,2,0,1
BRDA:14,2,1,0
BRDA:14,3,0,1
BRDA:14,3,1,1
BRDA:14,4,0,1
BRDA:14,4,1,0
BRDA:14,5,0,1
BRDA:14,5,1,1
BRF:12
BRH:10
end_of_record
TN:
SF:src/common/interceptors/transform.interceptor.ts
FN:21,(anonymous_1)
FN:26,(anonymous_2)
FNF:2
FNH:2
FNDA:3,(anonymous_1)
FNDA:3,(anonymous_2)
DA:1,1
DA:8,1
DA:17,1
DA:25,3
DA:26,3
LF:5
LH:5
BRF:0
BRH:0
end_of_record
TN:
SF:src/common/types/express.d.ts
FNF:0
FNH:0
LF:0
LH:0
BRF:0
BRH:0
end_of_record
TN:
SF:src/config/configuration.ts
FN:1,(anonymous_0)
FNF:1
FNH:1
FNDA:5,(anonymous_0)
DA:1,5
LF:1
LH:1
BRDA:2,0,0,5
BRDA:2,0,1,4
BRDA:3,1,0,5
BRDA:3,1,1,2
BRDA:4,2,0,5
BRDA:4,2,1,5
BRDA:8,3,0,5
BRDA:8,3,1,5
BRDA:9,4,0,5
BRDA:9,4,1,5
BRDA:10,5,0,5
BRDA:10,5,1,5
BRDA:11,6,0,5
BRDA:11,6,1,5
BRDA:12,7,0,5
BRDA:12,7,1,5
BRDA:17,8,0,5
BRDA:17,8,1,5
BRDA:18,9,0,5
BRDA:18,9,1,5
BRDA:23,10,0,5
BRDA:23,10,1,5
BRDA:25,11,0,5
BRDA:25,11,1,5
BRDA:26,12,0,5
BRDA:26,12,1,5
BRDA:27,13,0,5
BRDA:27,13,1,5
BRDA:34,14,0,5
BRDA:34,14,1,5
BRDA:40,15,0,5
BRDA:40,15,1,5
BRDA:47,16,0,5
BRDA:47,16,1,5
BRDA:48,17,0,5
BRDA:48,17,1,5
BRDA:68,18,0,5
BRDA:68,18,1,5
BRF:38
BRH:38
end_of_record
TN:
SF:src/notifications/notifications.controller.ts
FN:26,(anonymous_4)
FN:29,(anonymous_5)
FN:38,(anonymous_6)
FN:47,(anonymous_7)
FN:53,(anonymous_8)
FN:61,(anonymous_9)
FNF:6
FNH:6
FNDA:7,(anonymous_4)
FNDA:1,(anonymous_5)
FNDA:1,(anonymous_6)
FNDA:1,(anonymous_7)
FNDA:2,(anonymous_8)
FNDA:1,(anonymous_9)
DA:1,1
DA:2,1
DA:3,1
DA:4,1
DA:5,1
DA:8,1
DA:12,1
DA:13,1
DA:17,1
DA:18,1
DA:25,1
DA:26,7
DA:29,1
DA:33,1
DA:38,1
DA:42,1
DA:47,1
DA:48,1
DA:53,1
DA:57,2
DA:61,1
DA:65,1
LF:22
LH:22
BRDA:57,0,0,2
BRDA:57,0,1,1
BRDA:57,1,0,2
BRDA:57,1,1,1
BRDA:26,2,0,1
BRDA:26,2,1,0
BRDA:26,3,0,1
BRDA:26,3,1,1
BRF:8
BRH:7
end_of_record
TN:
SF:src/notifications/notifications.processor.ts
FN:10,(anonymous_2)
FN:13,(anonymous_3)
FNF:2
FNH:2
FNDA:5,(anonymous_2)
FNDA:4,(anonymous_3)
DA:1,1
DA:2,1
DA:4,1
DA:7,1
DA:8,5
DA:10,5
DA:13,1
DA:15,4
DA:16,4
DA:18,4
DA:20,4
DA:21,3
DA:30,3
DA:31,2
DA:40,1
DA:41,1
LF:16
LH:16
BRDA:20,0,0,3
BRDA:20,0,1,1
BRDA:30,1,0,2
BRDA:30,1,1,1
BRDA:10,2,0,1
BRDA:10,2,1,0
BRDA:10,3,0,1
BRDA:10,3,1,1
BRF:8
BRH:7
end_of_record
TN:
SF:src/notifications/notifications.service.ts
FN:14,(anonymous_13)
FN:43,(anonymous_14)
FN:62,(anonymous_15)
FN:77,(anonymous_16)
FN:90,(anonymous_17)
FN:108,(anonymous_18)
FNF:6
FNH:4
FNDA:4,(anonymous_13)
FNDA:1,(anonymous_14)
FNDA:0,(anonymous_15)
FNDA:1,(anonymous_16)
FNDA:0,(anonymous_17)
FNDA:1,(anonymous_18)
DA:1,8
DA:2,8
DA:4,8
DA:5,8
DA:6,8
DA:9,8
DA:10,4
DA:11,4
DA:15,4
DA:16,4
DA:18,4
DA:19,4
DA:21,4
DA:22,4
DA:26,4
DA:27,4
DA:28,4
DA:29,4
DA:31,4
DA:32,0
DA:56,1
DA:68,0
DA:70,0
DA:78,1
DA:79,0
DA:80,0
DA:82,1
DA:97,0
DA:117,1
DA:118,1
DA:119,1
DA:197,1
LF:32
LH:26
BRDA:21,0,0,4
BRDA:21,0,1,0
BRDA:21,1,0,4
BRDA:21,1,1,4
BRDA:26,2,0,4
BRDA:26,2,1,0
BRDA:31,3,0,0
BRDA:31,3,1,4
BRDA:31,4,0,4
BRDA:31,4,1,0
BRDA:31,4,2,0
BRDA:54,5,0,1
BRDA:68,6,0,0
BRDA:68,6,1,0
BRDA:78,7,0,0
BRDA:78,7,1,1
BRDA:117,8,0,0
BRDA:117,8,1,1
BRDA:16,9,0,8
BRDA:16,9,1,0
BRDA:16,10,0,8
BRDA:16,10,1,8
BRF:22
BRH:12
end_of_record
TN:
SF:src/payment-cards/payment-cards.controller.ts
FN:22,(anonymous_4)
FN:25,(anonymous_5)
FN:30,(anonymous_6)
FN:35,(anonymous_7)
FN:40,(anonymous_8)
FN:49,(anonymous_9)
FNF:6
FNH:4
FNDA:4,(anonymous_4)
FNDA:1,(anonymous_5)
FNDA:1,(anonymous_6)
FNDA:0,(anonymous_7)
FNDA:0,(anonymous_8)
FNDA:1,(anonymous_9)
DA:1,1
DA:12,1
DA:13,1
DA:14,1
DA:15,1
DA:21,1
DA:22,4
DA:25,1
DA:26,1
DA:30,1
DA:31,1
DA:35,1
DA:36,0
DA:40,1
DA:45,0
DA:49,1
DA:50,1
LF:17
LH:15
BRDA:25,0,0,1
BRDA:25,0,1,0
BRDA:25,1,0,1
BRDA:25,1,1,1
BRDA:43,2,0,0
BRDA:43,2,1,1
BRDA:43,3,0,1
BRDA:43,3,1,0
BRDA:22,4,0,1
BRDA:22,4,1,0
BRDA:22,5,0,1
BRDA:22,5,1,1
BRF:12
BRH:8
end_of_record
TN:
SF:src/payment-cards/payment-cards.service.ts
FN:13,(anonymous_4)
FN:18,(anonymous_5)
FN:29,(anonymous_6)
FN:33,(anonymous_7)
FN:40,(anonymous_8)
FN:53,(anonymous_9)
FNF:6
FNH:6
FNDA:9,(anonymous_4)
FNDA:2,(anonymous_5)
FNDA:1,(anonymous_6)
FNDA:5,(anonymous_7)
FNDA:1,(anonymous_8)
FNDA:1,(anonymous_9)
DA:1,2
DA:6,2
DA:7,2
DA:8,2
DA:12,2
DA:15,9
DA:22,2
DA:23,1
DA:25,2
DA:26,2
DA:30,1
DA:34,5
DA:35,5
DA:36,4
DA:37,3
DA:45,1
DA:46,1
DA:47,0
DA:49,1
DA:50,1
DA:54,1
DA:55,1
LF:22
LH:21
BRDA:22,0,0,1
BRDA:22,0,1,1
BRDA:35,1,0,1
BRDA:35,1,1,4
BRDA:36,2,0,1
BRDA:36,2,1,3
BRDA:46,3,0,0
BRDA:46,3,1,1
BRDA:15,4,0,2
BRDA:15,4,1,0
BRDA:15,5,0,2
BRDA:15,5,1,2
BRF:12
BRH:10
end_of_record
TN:
SF:src/receipts/receipts.controller.ts
FN:21,(anonymous_4)
FN:28,(anonymous_5)
FN:37,(anonymous_6)
FNF:3
FNH:3
FNDA:4,(anonymous_4)
FNDA:2,(anonymous_5)
FNDA:1,(anonymous_6)
DA:1,1
DA:11,1
DA:12,1
DA:13,1
DA:14,1
DA:20,1
DA:21,4
DA:28,1
DA:33,2
DA:37,1
DA:38,1
LF:11
LH:11
BRDA:30,0,0,0
BRDA:30,0,1,1
BRDA:30,1,0,1
BRDA:30,1,1,0
BRDA:30,1,2,0
BRDA:21,2,0,1
BRDA:21,2,1,0
BRDA:21,3,0,1
BRDA:21,3,1,1
BRF:9
BRH:5
end_of_record
TN:
SF:src/receipts/receipts.service.ts
FN:14,(anonymous_4)
FN:33,(anonymous_5)
FN:60,(anonymous_6)
FN:64,(anonymous_7)
FN:71,(anonymous_8)
FNF:5
FNH:2
FNDA:2,(anonymous_4)
FNDA:0,(anonymous_5)
FNDA:1,(anonymous_6)
FNDA:0,(anonymous_7)
FNDA:0,(anonymous_8)
DA:1,3
DA:2,3
DA:3,3
DA:4,3
DA:5,3
DA:6,3
DA:9,3
DA:15,2
DA:16,2
DA:18,2
DA:29,2
DA:30,2
DA:38,0
DA:40,0
DA:50,0
DA:51,0
DA:57,0
DA:61,1
DA:65,0
DA:72,0
LF:20
LH:13
BRDA:15,0,0,3
BRDA:15,0,1,0
BRDA:15,1,0,3
BRDA:15,1,1,3
BRDA:15,2,0,3
BRDA:15,2,1,0
BRDA:15,3,0,3
BRDA:15,3,1,3
BRF:8
BRH:6
end_of_record
TN:
SF:src/reminders/monthly-report.service.ts
FN:13,(anonymous_4)
FN:23,(anonymous_5)
FN:43,(anonymous_6)
FN:49,(anonymous_7)
FN:58,(anonymous_8)
FN:60,(anonymous_9)
FN:85,(anonymous_10)
FN:93,(anonymous_11)
FN:98,(anonymous_12)
FNF:9
FNH:2
FNDA:2,(anonymous_4)
FNDA:1,(anonymous_5)
FNDA:0,(anonymous_6)
FNDA:0,(anonymous_7)
FNDA:0,(anonymous_8)
FNDA:0,(anonymous_9)
FNDA:0,(anonymous_10)
FNDA:0,(anonymous_11)
FNDA:0,(anonymous_12)
DA:1,1
DA:2,1
DA:3,1
DA:4,1
DA:5,1
DA:6,1
DA:7,1
DA:10,1
DA:11,2
DA:15,2
DA:17,2
DA:18,2
DA:23,1
DA:24,1
DA:26,1
DA:27,1
DA:28,1
DA:29,1
DA:31,1
DA:32,1
DA:34,1
DA:35,0
DA:37,0
DA:38,0
DA:42,0
DA:43,0
DA:46,0
DA:49,0
DA:50,0
DA:51,0
DA:52,0
DA:53,0
DA:54,0
DA:55,0
DA:58,0
DA:59,0
DA:60,0
DA:62,0
DA:71,0
DA:76,0
DA:78,0
DA:82,1
DA:93,0
DA:94,0
DA:96,0
DA:98,0
DA:106,0
LF:47
LH:22
BRDA:35,0,0,0
BRDA:35,0,1,0
BRDA:43,1,0,0
BRDA:43,1,1,0
BRDA:46,2,0,0
BRDA:46,2,1,0
BRDA:50,3,0,0
BRDA:50,3,1,0
BRDA:52,4,0,0
BRDA:52,4,1,0
BRDA:53,5,0,0
BRDA:53,5,1,0
BRDA:54,6,0,0
BRDA:54,6,1,0
BRDA:59,7,0,0
BRDA:59,7,1,0
BRDA:63,8,0,0
BRDA:63,8,1,0
BRDA:15,9,0,1
BRDA:15,9,1,0
BRDA:15,10,0,1
BRDA:15,10,1,1
BRDA:15,11,0,1
BRDA:15,11,1,0
BRDA:15,12,0,1
BRDA:15,12,1,1
BRDA:17,13,0,1
BRDA:17,13,1,0
BRDA:17,14,0,1
BRDA:17,14,1,1
BRF:30
BRH:9
end_of_record
TN:
SF:src/reminders/reminders.service.ts
FN:13,(anonymous_4)
FN:22,(anonymous_5)
FN:99,(anonymous_6)
FNF:3
FNH:3
FNDA:7,(anonymous_4)
FNDA:4,(anonymous_5)
FNDA:2,(anonymous_6)
DA:1,1
DA:2,1
DA:3,1
DA:4,1
DA:5,1
DA:6,1
DA:7,1
DA:10,1
DA:11,7
DA:15,7
DA:17,7
DA:18,7
DA:22,1
DA:23,4
DA:25,4
DA:26,4
DA:28,4
DA:29,4
DA:31,4
DA:32,4
DA:34,4
DA:47,4
DA:49,4
DA:50,4
DA:52,4
DA:53,3
DA:54,3
DA:55,2
DA:57,1
DA:58,1
DA:59,1
DA:60,1
DA:63,1
DA:64,1
DA:65,1
DA:77,1
DA:78,1
DA:79,1
DA:80,1
DA:87,1
DA:89,1
DA:90,1
DA:94,4
DA:99,1
DA:100,2
DA:108,2
DA:109,1
DA:110,1
DA:112,2
DA:113,1
LF:50
LH:50
BRDA:55,0,0,1
BRDA:55,0,1,1
BRDA:64,1,0,1
BRDA:64,1,1,0
BRDA:77,2,0,1
BRDA:77,2,1,0
BRDA:78,3,0,1
BRDA:78,3,1,0
BRDA:112,4,0,1
BRDA:112,4,1,1
BRDA:15,5,0,1
BRDA:15,5,1,0
BRDA:15,6,0,1
BRDA:15,6,1,1
BRDA:15,7,0,1
BRDA:15,7,1,0
BRDA:15,8,0,1
BRDA:15,8,1,1
BRDA:17,9,0,1
BRDA:17,9,1,0
BRDA:17,10,0,1
BRDA:17,10,1,1
BRF:22
BRH:16
end_of_record
TN:
SF:src/reports/reports.controller.ts
FN:38,(anonymous_4)
FN:41,(anonymous_5)
FN:48,(anonymous_6)
FN:53,(anonymous_7)
FN:55,(anonymous_8)
FN:61,(anonymous_9)
FNF:6
FNH:6
FNDA:8,(anonymous_4)
FNDA:3,(anonymous_5)
FNDA:1,(anonymous_6)
FNDA:2,(anonymous_7)
FNDA:2,(anonymous_8)
FNDA:1,(anonymous_9)
DA:1,1
DA:13,1
DA:14,1
DA:15,1
DA:16,1
DA:17,1
DA:18,1
DA:22,1
DA:24,1
DA:25,1
DA:27,1
DA:28,1
DA:30,1
DA:37,1
DA:38,8
DA:41,1
DA:42,3
DA:43,3
DA:44,3
DA:48,1
DA:49,1
DA:53,1
DA:54,2
DA:55,2
DA:56,2
DA:57,1
DA:61,1
DA:66,1
DA:67,1
DA:72,1
LF:30
LH:30
BRDA:28,0,0,0
BRDA:28,0,1,1
BRDA:28,1,0,1
BRDA:28,1,1,1
BRDA:42,2,0,3
BRDA:42,2,1,2
BRDA:42,2,2,1
BRDA:43,3,0,3
BRDA:43,3,1,2
BRDA:43,3,2,1
BRDA:56,4,0,1
BRDA:56,4,1,1
BRDA:38,5,0,1
BRDA:38,5,1,0
BRDA:38,6,0,1
BRDA:38,6,1,1
BRF:16
BRH:14
end_of_record
TN:
SF:src/reports/reports.service.ts
FN:16,(anonymous_4)
FN:24,(anonymous_5)
FN:40,(anonymous_6)
FN:47,(anonymous_7)
FN:54,(anonymous_8)
FN:57,(anonymous_9)
FN:70,(anonymous_10)
FN:74,(anonymous_11)
FN:75,(anonymous_12)
FN:105,(anonymous_13)
FN:106,(anonymous_14)
FN:116,(anonymous_15)
FN:121,(anonymous_16)
FN:126,(anonymous_17)
FN:134,(anonymous_18)
FN:150,(anonymous_19)
FN:170,(anonymous_20)
FN:181,(anonymous_21)
FN:193,(anonymous_22)
FN:201,(anonymous_23)
FN:202,(anonymous_24)
FNF:21
FNH:21
FNDA:10,(anonymous_4)
FNDA:1,(anonymous_5)
FNDA:7,(anonymous_6)
FNDA:1,(anonymous_7)
FNDA:4,(anonymous_8)
FNDA:3,(anonymous_9)
FNDA:4,(anonymous_10)
FNDA:4,(anonymous_11)
FNDA:4,(anonymous_12)
FNDA:2,(anonymous_13)
FNDA:2,(anonymous_14)
FNDA:2,(anonymous_15)
FNDA:2,(anonymous_16)
FNDA:1,(anonymous_17)
FNDA:2,(anonymous_18)
FNDA:1,(anonymous_19)
FNDA:7,(anonymous_20)
FNDA:2,(anonymous_21)
FNDA:14,(anonymous_22)
FNDA:2,(anonymous_23)
FNDA:1,(anonymous_24)
DA:1,2
DA:6,2
DA:7,2
DA:9,2
DA:10,2
DA:11,2
DA:12,2
DA:15,2
DA:17,10
DA:19,10
DA:21,10
DA:30,1
DA:37,1
DA:41,7
DA:42,7
DA:43,6
DA:44,5
DA:48,1
DA:55,4
DA:56,4
DA:57,4
DA:59,4
DA:70,4
DA:71,4
DA:72,4
DA:74,4
DA:75,4
DA:76,4
DA:79,4
DA:83,4
DA:87,4
DA:88,4
DA:91,4
DA:93,4
DA:94,2
DA:95,2
DA:96,1
DA:97,1
DA:98,1
DA:101,4
DA:106,2
DA:107,2
DA:108,2
DA:109,2
DA:110,2
DA:111,2
DA:112,2
DA:115,2
DA:116,2
DA:117,2
DA:119,2
DA:120,2
DA:121,2
DA:122,2
DA:131,1
DA:132,1
DA:134,1
DA:135,2
DA:136,2
DA:140,2
DA:141,2
DA:144,2
DA:145,2
DA:146,2
DA:155,1
DA:156,1
DA:159,1
DA:160,1
DA:169,1
DA:170,1
DA:171,7
DA:173,1
DA:175,1
DA:176,1
DA:177,1
DA:180,1
DA:181,1
DA:182,2
DA:183,2
DA:184,2
DA:193,2
DA:194,14
DA:196,2
DA:199,1
DA:200,1
DA:201,2
DA:202,1
DA:203,1
DA:204,1
LF:89
LH:89
BRDA:42,0,0,1
BRDA:42,0,1,6
BRDA:43,1,0,1
BRDA:43,1,1,5
BRDA:93,2,0,2
BRDA:93,2,1,2
BRDA:95,3,0,1
BRDA:95,3,1,1
BRDA:97,4,0,1
BRDA:97,4,1,0
BRDA:117,5,0,2
BRDA:117,5,1,2
BRDA:135,6,0,1
BRDA:135,6,1,1
BRDA:145,7,0,1
BRDA:145,7,1,1
BRDA:182,8,0,1
BRDA:182,8,1,1
BRDA:189,9,0,1
BRDA:189,9,1,1
BRDA:191,10,0,1
BRDA:191,10,1,1
BRDA:17,11,0,2
BRDA:17,11,1,0
BRDA:17,12,0,2
BRDA:17,12,1,2
BRDA:17,13,0,2
BRDA:17,13,1,0
BRDA:17,14,0,2
BRDA:17,14,1,2
BRDA:19,15,0,2
BRDA:19,15,1,0
BRDA:19,16,0,2
BRDA:19,16,1,2
BRF:34
BRH:30
end_of_record
TN:
SF:src/storage/storage.service.ts
FN:17,(anonymous_2)
FN:37,(anonymous_3)
FN:58,(anonymous_4)
FN:63,(anonymous_5)
FNF:4
FNH:4
FNDA:4,(anonymous_2)
FNDA:1,(anonymous_3)
FNDA:1,(anonymous_4)
FNDA:1,(anonymous_5)
DA:1,1
DA:2,1
DA:3,1
DA:9,1
DA:12,1
DA:17,4
DA:18,4
DA:22,4
DA:23,4
DA:26,4
DA:43,1
DA:45,1
DA:55,1
DA:59,1
DA:60,1
DA:64,1
LF:16
LH:16
BRDA:24,0,0,4
BRDA:24,0,1,4
BRDA:41,1,0,1
BRDA:51,2,0,1
BRDA:51,2,1,0
BRDA:55,3,0,1
BRDA:55,3,1,0
BRDA:58,4,0,1
BRDA:17,5,0,1
BRDA:17,5,1,0
BRDA:17,6,0,1
BRDA:17,6,1,1
BRF:12
BRH:9
end_of_record
TN:
SF:src/subscriptions/email-import.controller.ts
FN:21,(anonymous_4)
FN:35,(anonymous_5)
FN:45,(anonymous_6)
FN:58,(anonymous_7)
FN:82,(anonymous_8)
FN:110,(anonymous_9)
FNF:6
FNH:6
FNDA:10,(anonymous_4)
FNDA:8,(anonymous_5)
FNDA:1,(anonymous_6)
FNDA:16,(anonymous_7)
FNDA:1,(anonymous_8)
FNDA:1,(anonymous_9)
DA:1,1
DA:2,1
DA:3,1
DA:4,1
DA:5,1
DA:6,1
DA:18,1
DA:19,10
DA:22,10
DA:23,10
DA:24,10
DA:35,1
DA:36,8
DA:38,8
DA:39,8
DA:40,1
DA:41,1
DA:44,7
DA:45,7
DA:46,7
DA:47,1
DA:48,1
DA:51,6
DA:52,6
DA:53,6
DA:56,6
DA:57,6
DA:58,16
DA:60,6
DA:61,1
DA:62,1
DA:67,5
DA:68,5
DA:70,1
DA:71,1
DA:74,4
DA:75,1
DA:76,1
DA:80,3
DA:81,3
DA:82,1
DA:85,3
DA:86,1
DA:87,1
DA:90,2
DA:100,2
DA:101,2
DA:110,1
DA:111,1
LF:49
LH:49
BRDA:36,0,0,8
BRDA:36,0,1,0
BRDA:39,1,0,1
BRDA:39,1,1,7
BRDA:46,2,0,1
BRDA:46,2,1,6
BRDA:51,3,0,6
BRDA:51,3,1,1
BRDA:51,3,2,0
BRDA:52,4,0,6
BRDA:52,4,1,0
BRDA:60,5,0,1
BRDA:60,5,1,5
BRDA:74,6,0,1
BRDA:74,6,1,3
BRDA:74,7,0,4
BRDA:74,7,1,3
BRDA:85,8,0,1
BRDA:85,8,1,2
BRDA:93,9,0,2
BRDA:93,9,1,0
BRDA:94,10,0,2
BRDA:94,10,1,0
BRDA:95,11,0,2
BRDA:95,11,1,0
BRDA:22,12,0,1
BRDA:22,12,1,0
BRDA:22,13,0,1
BRDA:22,13,1,1
BRDA:22,14,0,1
BRDA:22,14,1,0
BRDA:22,15,0,1
BRDA:22,15,1,1
BRDA:23,16,0,1
BRDA:23,16,1,0
BRDA:23,17,0,1
BRDA:23,17,1,1
BRF:37
BRH:28
end_of_record
TN:
SF:src/subscriptions/subscriptions.controller.ts
FN:29,(anonymous_4)
FN:36,(anonymous_5)
FN:41,(anonymous_6)
FN:65,(anonymous_7)
FN:70,(anonymous_8)
FN:75,(anonymous_9)
FN:80,(anonymous_10)
FN:90,(anonymous_11)
FN:99,(anonymous_12)
FN:105,(anonymous_13)
FN:111,(anonymous_14)
FN:117,(anonymous_15)
FN:123,(anonymous_16)
FN:130,(anonymous_17)
FN:136,(anonymous_18)
FN:145,(anonymous_19)
FNF:16
FNH:5
FNDA:5,(anonymous_4)
FNDA:0,(anonymous_5)
FNDA:1,(anonymous_6)
FNDA:1,(anonymous_7)
FNDA:1,(anonymous_8)
FNDA:1,(anonymous_9)
FNDA:0,(anonymous_10)
FNDA:0,(anonymous_11)
FNDA:0,(anonymous_12)
FNDA:0,(anonymous_13)
FNDA:0,(anonymous_14)
FNDA:0,(anonymous_15)
FNDA:0,(anonymous_16)
FNDA:0,(anonymous_17)
FNDA:0,(anonymous_18)
FNDA:0,(anonymous_19)
DA:1,1
DA:15,1
DA:16,1
DA:17,1
DA:18,1
DA:19,1
DA:20,1
DA:21,1
DA:22,1
DA:28,1
DA:30,5
DA:31,5
DA:36,1
DA:37,0
DA:41,1
DA:42,1
DA:43,1
DA:44,1
DA:46,1
DA:48,1
DA:65,1
DA:66,1
DA:70,1
DA:71,1
DA:75,1
DA:76,1
DA:80,1
DA:85,0
DA:90,1
DA:95,0
DA:99,1
DA:100,0
DA:105,1
DA:106,0
DA:111,1
DA:112,0
DA:117,1
DA:118,0
DA:123,1
DA:124,0
DA:130,1
DA:131,0
DA:136,1
DA:141,0
DA:145,1
DA:150,0
LF:46
LH:35
BRDA:43,0,0,1
BRDA:43,0,1,0
BRDA:44,1,0,1
BRDA:44,1,1,0
BRDA:52,2,0,1
BRDA:52,2,1,0
BRDA:54,3,0,1
BRDA:54,3,1,0
BRDA:58,4,0,0
BRDA:58,4,1,1
BRDA:65,5,0,1
BRDA:65,5,1,0
BRDA:65,6,0,1
BRDA:65,6,1,1
BRDA:83,7,0,0
BRDA:83,7,1,1
BRDA:83,8,0,1
BRDA:83,8,1,0
BRDA:93,9,0,0
BRDA:93,9,1,1
BRDA:93,10,0,1
BRDA:93,10,1,0
BRDA:139,11,0,0
BRDA:139,11,1,1
BRDA:139,12,0,1
BRDA:139,12,1,0
BRDA:139,12,2,0
BRDA:30,13,0,1
BRDA:30,13,1,0
BRDA:30,14,0,1
BRDA:30,14,1,1
BRDA:30,15,0,1
BRDA:30,15,1,0
BRDA:30,16,0,1
BRDA:30,16,1,1
BRF:35
BRH:20
end_of_record
TN:
SF:src/subscriptions/subscriptions.service.ts
FN:20,computeNextPaymentDate
FN:58,(anonymous_5)
FN:64,(anonymous_6)
FN:68,(anonymous_7)
FN:102,(anonymous_8)
FN:111,(anonymous_9)
FN:119,(anonymous_10)
FN:129,(anonymous_11)
FN:148,(anonymous_12)
FN:153,(anonymous_13)
FN:166,(anonymous_14)
FN:170,(anonymous_15)
FN:206,(anonymous_16)
FNF:13
FNH:9
FNDA:1,computeNextPaymentDate
FNDA:11,(anonymous_5)
FNDA:0,(anonymous_6)
FNDA:2,(anonymous_7)
FNDA:1,(anonymous_8)
FNDA:1,(anonymous_9)
FNDA:5,(anonymous_10)
FNDA:1,(anonymous_11)
FNDA:1,(anonymous_12)
FNDA:0,(anonymous_13)
FNDA:1,(anonymous_14)
FNDA:0,(anonymous_15)
FNDA:0,(anonymous_16)
DA:1,4
DA:8,4
DA:9,4
DA:10,4
DA:11,4
DA:17,4
DA:18,4
DA:24,1
DA:28,0
DA:31,1
DA:32,1
DA:34,1
DA:35,27
DA:37,0
DA:38,0
DA:40,27
DA:41,27
DA:43,0
DA:44,0
DA:46,0
DA:47,0
DA:51,1
DA:55,4
DA:56,11
DA:60,11
DA:61,11
DA:65,0
DA:72,2
DA:73,2
DA:75,2
DA:76,1
DA:82,1
DA:83,1
DA:89,1
DA:91,1
DA:92,1
DA:96,1
DA:99,1
DA:103,1
DA:112,1
DA:120,5
DA:124,5
DA:125,4
DA:126,3
DA:134,1
DA:135,1
DA:137,1
DA:138,0
DA:139,0
DA:140,0
DA:141,0
DA:145,1
DA:149,1
DA:150,1
DA:158,0
DA:159,0
DA:160,0
DA:161,0
DA:163,0
DA:167,1
DA:171,0
DA:173,0
DA:186,0
DA:187,0
DA:188,0
DA:190,0
DA:194,0
DA:195,0
DA:196,0
DA:197,0
DA:201,0
DA:202,0
DA:206,4
DA:207,0
DA:208,0
LF:75
LH:44
BRDA:24,0,0,0
BRDA:24,0,1,1
BRDA:25,1,0,1
BRDA:25,1,1,1
BRDA:35,2,0,0
BRDA:35,2,1,27
BRDA:35,2,2,0
BRDA:35,2,3,0
BRDA:73,3,0,2
BRDA:73,3,1,0
BRDA:75,4,0,1
BRDA:75,4,1,1
BRDA:82,5,0,1
BRDA:82,5,1,0
BRDA:91,6,0,1
BRDA:91,6,1,0
BRDA:91,7,0,1
BRDA:91,7,1,1
BRDA:124,8,0,1
BRDA:124,8,1,4
BRDA:125,9,0,1
BRDA:125,9,1,3
BRDA:137,10,0,0
BRDA:137,10,1,1
BRDA:137,11,0,1
BRDA:137,11,1,1
BRDA:138,12,0,0
BRDA:138,12,1,0
BRDA:139,13,0,0
BRDA:139,13,1,0
BRDA:139,14,0,0
BRDA:139,14,1,0
BRDA:160,15,0,0
BRDA:160,15,1,0
BRDA:188,16,0,0
BRDA:188,16,1,0
BRDA:188,17,0,0
BRDA:188,17,1,0
BRDA:194,18,0,0
BRDA:194,18,1,0
BRDA:194,19,0,0
BRDA:194,19,1,0
BRDA:194,19,2,0
BRDA:206,20,0,4
BRDA:206,20,1,0
BRDA:206,21,0,4
BRDA:206,21,1,4
BRDA:60,22,0,4
BRDA:60,22,1,0
BRDA:60,23,0,4
BRDA:60,23,1,4
BRDA:60,24,0,4
BRDA:60,24,1,0
BRDA:60,25,0,4
BRDA:60,25,1,4
BRF:55
BRH:27
end_of_record
TN:
SF:src/subscriptions/trial-checker.cron.ts
FN:13,(anonymous_4)
FN:22,(anonymous_5)
FNF:2
FNH:2
FNDA:9,(anonymous_4)
FNDA:8,(anonymous_5)
DA:1,1
DA:2,1
DA:3,1
DA:4,1
DA:5,1
DA:6,1
DA:7,1
DA:10,1
DA:11,9
DA:15,9
DA:17,9
DA:18,9
DA:22,1
DA:23,8
DA:25,8
DA:29,8
DA:31,8
DA:32,7
DA:34,6
DA:38,6
DA:40,6
DA:42,6
DA:44,4
DA:45,4
DA:46,4
DA:48,3
DA:50,3
DA:54,3
DA:55,1
DA:63,3
DA:75,2
DA:79,1
DA:85,8
LF:33
LH:33
BRDA:32,0,0,1
BRDA:32,0,1,6
BRDA:38,1,0,6
BRDA:38,1,1,1
BRDA:40,2,0,6
BRDA:40,2,1,5
BRDA:42,3,0,2
BRDA:42,3,1,4
BRDA:46,4,0,1
BRDA:46,4,1,3
BRDA:50,5,0,1
BRDA:50,5,1,2
BRDA:54,6,0,1
BRDA:54,6,1,2
BRDA:70,7,0,1
BRDA:70,7,1,2
BRDA:15,8,0,1
BRDA:15,8,1,0
BRDA:15,9,0,1
BRDA:15,9,1,1
BRDA:15,10,0,1
BRDA:15,10,1,0
BRDA:15,11,0,1
BRDA:15,11,1,1
BRDA:17,12,0,1
BRDA:17,12,1,0
BRDA:17,13,0,1
BRDA:17,13,1,1
BRF:28
BRH:25
end_of_record
TN:
SF:src/subscriptions/guards/subscription-limit.guard.ts
FN:23,(anonymous_4)
FN:28,(anonymous_5)
FNF:2
FNH:2
FNDA:9,(anonymous_4)
FNDA:8,(anonymous_5)
DA:1,2
DA:7,2
DA:8,2
DA:9,2
DA:13,2
DA:15,2
DA:22,2
DA:25,9
DA:29,8
DA:30,8
DA:32,8
DA:34,7
DA:35,7
DA:38,7
DA:40,5
DA:47,5
DA:48,4
DA:58,1
LF:18
LH:18
BRDA:32,0,0,1
BRDA:32,0,1,7
BRDA:34,1,0,7
BRDA:34,1,1,1
BRDA:35,2,0,7
BRDA:35,2,1,0
BRDA:38,3,0,2
BRDA:38,3,1,5
BRDA:47,4,0,4
BRDA:47,4,1,1
BRDA:25,5,0,2
BRDA:25,5,1,0
BRDA:25,6,0,2
BRDA:25,6,1,2
BRF:14
BRH:12
end_of_record
TN:
SF:src/users/users.controller.ts
FN:18,(anonymous_4)
FN:21,(anonymous_5)
FN:26,(anonymous_6)
FN:35,(anonymous_7)
FNF:4
FNH:2
FNDA:2,(anonymous_4)
FNDA:1,(anonymous_5)
FNDA:0,(anonymous_6)
FNDA:0,(anonymous_7)
DA:1,1
DA:9,1
DA:10,1
DA:11,1
DA:17,1
DA:18,2
DA:21,1
DA:22,1
DA:26,1
DA:31,0
DA:35,1
DA:47,0
LF:12
LH:10
BRDA:29,0,0,0
BRDA:29,0,1,1
BRDA:29,1,0,1
BRDA:29,1,1,0
BRDA:38,2,0,0
BRDA:38,2,1,1
BRDA:38,3,0,1
BRDA:38,3,1,0
BRDA:18,4,0,1
BRDA:18,4,1,0
BRDA:18,5,0,1
BRDA:18,5,1,1
BRF:12
BRH:7
end_of_record
TN:
SF:src/users/users.service.ts
FN:8,(anonymous_4)
FN:12,(anonymous_5)
FN:18,(anonymous_6)
FN:22,(anonymous_7)
FN:30,(anonymous_8)
FN:43,(anonymous_9)
FN:62,(anonymous_10)
FN:66,(anonymous_11)
FN:70,(anonymous_12)
FNF:9
FNH:9
FNDA:13,(anonymous_4)
FNDA:5,(anonymous_5)
FNDA:2,(anonymous_6)
FNDA:1,(anonymous_7)
FNDA:1,(anonymous_8)
FNDA:2,(anonymous_9)
FNDA:1,(anonymous_10)
FNDA:2,(anonymous_11)
FNDA:1,(anonymous_12)
DA:1,10
DA:2,10
DA:3,10
DA:4,10
DA:7,10
DA:9,13
DA:13,5
DA:14,5
DA:15,4
DA:19,2
DA:23,1
DA:32,1
DA:33,1
DA:40,1
DA:45,2
DA:52,2
DA:53,2
DA:54,2
DA:56,2
DA:57,1
DA:59,2
DA:63,1
DA:67,2
DA:81,1
DA:82,1
DA:83,1
DA:84,1
DA:85,1
DA:86,0
DA:87,1
DA:88,1
DA:90,1
DA:91,1
DA:93,1
LF:34
LH:33
BRDA:14,0,0,1
BRDA:14,0,1,4
BRDA:54,1,0,1
BRDA:54,1,1,1
BRDA:56,2,0,1
BRDA:56,2,1,1
BRDA:67,3,0,2
BRDA:67,3,1,1
BRDA:82,4,0,1
BRDA:82,4,1,0
BRDA:83,5,0,1
BRDA:83,5,1,0
BRDA:84,6,0,0
BRDA:84,6,1,1
BRDA:85,7,0,0
BRDA:85,7,1,1
BRDA:87,8,0,0
BRDA:87,8,1,1
BRDA:88,9,0,0
BRDA:88,9,1,1
BRDA:90,10,0,1
BRDA:90,10,1,0
BRDA:9,11,0,10
BRDA:9,11,1,0
BRDA:9,12,0,10
BRDA:9,12,1,10
BRF:26
BRH:18
end_of_record
TN:
SF:src/workspace/workspace.controller.ts
FN:22,(anonymous_4)
FN:25,(anonymous_5)
FN:30,(anonymous_6)
FN:35,(anonymous_7)
FN:42,(anonymous_8)
FN:47,(anonymous_9)
FN:56,(anonymous_10)
FNF:7
FNH:4
FNDA:5,(anonymous_4)
FNDA:1,(anonymous_5)
FNDA:1,(anonymous_6)
FNDA:2,(anonymous_7)
FNDA:0,(anonymous_8)
FNDA:0,(anonymous_9)
FNDA:0,(anonymous_10)
DA:1,1
DA:11,1
DA:12,1
DA:13,1
DA:14,1
DA:15,1
DA:21,1
DA:22,5
DA:25,1
DA:26,1
DA:30,1
DA:31,1
DA:35,1
DA:36,2
DA:38,2
DA:42,1
DA:43,0
DA:47,1
DA:52,0
DA:56,1
DA:61,0
LF:21
LH:18
BRDA:38,0,0,2
BRDA:38,0,1,1
BRDA:25,1,0,1
BRDA:25,1,1,0
BRDA:25,2,0,1
BRDA:25,2,1,1
BRDA:50,3,0,1
BRDA:50,3,1,0
BRDA:50,4,0,1
BRDA:50,4,1,1
BRDA:22,5,0,1
BRDA:22,5,1,0
BRDA:22,6,0,1
BRDA:22,6,1,1
BRF:14
BRH:11
end_of_record
TN:
SF:src/workspace/workspace.service.ts
FN:25,(anonymous_4)
FN:34,(anonymous_5)
FN:51,(anonymous_6)
FN:60,(anonymous_7)
FN:71,(anonymous_8)
FN:95,(anonymous_9)
FN:106,(anonymous_10)
FN:118,(anonymous_11)
FN:123,(anonymous_12)
FN:126,(anonymous_13)
FN:148,(anonymous_14)
FN:151,(anonymous_15)
FN:160,(anonymous_16)
FN:162,(anonymous_17)
FNF:14
FNH:9
FNDA:11,(anonymous_4)
FNDA:1,(anonymous_5)
FNDA:6,(anonymous_6)
FNDA:4,(anonymous_7)
FNDA:3,(anonymous_8)
FNDA:0,(anonymous_9)
FNDA:0,(anonymous_10)
FNDA:2,(anonymous_11)
FNDA:1,(anonymous_12)
FNDA:1,(anonymous_13)
FNDA:1,(anonymous_14)
FNDA:0,(anonymous_15)
FNDA:0,(anonymous_16)
FNDA:0,(anonymous_17)
DA:1,2
DA:7,2
DA:8,2
DA:9,2
DA:10,2
DA:17,2
DA:24,2
DA:27,11
DA:29,11
DA:31,11
DA:35,1
DA:36,1
DA:39,1
DA:45,1
DA:48,1
DA:52,6
DA:56,6
DA:57,5
DA:61,4
DA:64,4
DA:65,2
DA:76,3
DA:77,3
DA:78,1
DA:80,2
DA:83,2
DA:84,1
DA:86,1
DA:92,1
DA:100,0
DA:101,0
DA:102,0
DA:103,0
DA:107,0
DA:115,0
DA:119,2
DA:120,2
DA:122,1
DA:123,1
DA:126,1
DA:129,1
DA:138,1
DA:139,1
DA:140,0
DA:141,0
DA:142,0
DA:145,1
DA:146,1
DA:148,1
DA:149,1
DA:150,1
DA:151,0
DA:154,1
DA:156,1
DA:157,1
DA:159,1
DA:160,0
DA:162,0
DA:169,1
DA:181,1
LF:60
LH:48
BRDA:56,0,0,1
BRDA:56,0,1,5
BRDA:64,1,0,2
BRDA:64,1,1,2
BRDA:77,2,0,1
BRDA:77,2,1,2
BRDA:83,3,0,1
BRDA:83,3,1,1
BRDA:89,4,0,1
BRDA:89,4,1,1
BRDA:101,5,0,0
BRDA:101,5,1,0
BRDA:115,6,0,0
BRDA:115,6,1,0
BRDA:120,7,0,1
BRDA:120,7,1,1
BRDA:123,8,0,1
BRDA:123,8,1,1
BRDA:129,9,0,1
BRDA:129,9,1,0
BRDA:140,10,0,0
BRDA:140,10,1,0
BRDA:149,11,0,1
BRDA:149,11,1,1
BRDA:171,12,0,1
BRDA:171,12,1,0
BRDA:172,13,0,1
BRDA:172,13,1,0
BRDA:172,13,2,0
BRDA:27,14,0,2
BRDA:27,14,1,0
BRDA:27,15,0,2
BRDA:27,15,1,2
BRDA:27,16,0,2
BRDA:27,16,1,0
BRDA:27,17,0,2
BRDA:27,17,1,2
BRDA:29,18,0,2
BRDA:29,18,1,0
BRDA:29,19,0,2
BRDA:29,19,1,2
BRF:41
BRH:28
end_of_record
