TN:
SF:src/app.controller.ts
FN:6,(anonymous_2)
FNF:1
FNH:1
FNDA:1,(anonymous_2)
DA:1,1
DA:4,1
DA:6,1
DA:7,1
LF:4
LH:4
BRF:0
BRH:0
end_of_record
TN:
SF:src/app.module.ts
FN:33,(anonymous_1)
FN:62,(anonymous_2)
FNF:2
FNH:0
FNDA:0,(anonymous_1)
FNDA:0,(anonymous_2)
DA:1,0
DA:2,0
DA:3,0
DA:4,0
DA:5,0
DA:6,0
DA:7,0
DA:8,0
DA:9,0
DA:10,0
DA:11,0
DA:12,0
DA:13,0
DA:14,0
DA:15,0
DA:16,0
DA:17,0
DA:18,0
DA:19,0
DA:20,0
DA:21,0
DA:22,0
DA:34,0
DA:35,0
DA:36,0
DA:63,0
DA:64,0
DA:65,0
DA:94,0
LF:29
LH:0
BRDA:38,0,0,0
BRDA:38,0,1,0
BRDA:39,1,0,0
BRDA:39,1,1,0
BRDA:40,2,0,0
BRDA:40,2,1,0
BRDA:41,3,0,0
BRDA:41,3,1,0
BRDA:44,4,0,0
BRDA:44,4,1,0
BRDA:47,5,0,0
BRDA:47,5,1,0
BRDA:55,6,0,0
BRDA:55,6,1,0
BRDA:64,7,0,0
BRDA:64,7,1,0
BRDA:69,8,0,0
BRDA:69,8,1,0
BRF:18
BRH:0
end_of_record
TN:
SF:src/app.service.ts
FN:5,(anonymous_1)
FNF:1
FNH:0
FNDA:0,(anonymous_1)
DA:1,0
DA:4,0
DA:6,0
LF:3
LH:0
BRF:0
BRH:0
end_of_record
TN:
SF:src/data-source.ts
FNF:0
FNH:0
DA:10,0
DA:11,0
DA:12,0
DA:14,0
DA:16,0
LF:5
LH:0
BRDA:18,0,0,0
BRDA:18,0,1,0
BRDA:19,1,0,0
BRDA:19,1,1,0
BRDA:20,2,0,0
BRDA:20,2,1,0
BRDA:21,3,0,0
BRDA:21,3,1,0
BRDA:22,4,0,0
BRDA:22,4,1,0
BRDA:23,5,0,0
BRDA:23,5,1,0
BRF:12
BRH:0
end_of_record
TN:
SF:src/main.ts
FN:8,bootstrap
FN:14,(anonymous_2)
FN:17,(anonymous_3)
FNF:3
FNH:0
FNDA:0,bootstrap
FNDA:0,(anonymous_2)
FNDA:0,(anonymous_3)
DA:1,0
DA:2,0
DA:3,0
DA:4,0
DA:5,0
DA:6,0
DA:9,0
DA:12,0
DA:14,0
DA:16,0
DA:19,0
DA:20,0
DA:28,0
DA:35,0
DA:37,0
DA:39,0
DA:47,0
DA:54,0
DA:55,0
DA:57,0
DA:58,0
DA:59,0
DA:60,0
DA:62,0
LF:24
LH:0
BRDA:12,0,0,0
BRDA:12,0,1,0
BRDA:19,1,0,0
BRDA:19,1,1,0
BRDA:19,2,0,0
BRDA:19,2,1,0
BRDA:57,3,0,0
BRDA:57,3,1,0
BRF:8
BRH:0
end_of_record
TN:
SF:src/ai/ai.controller.ts
FN:48,(anonymous_4)
FN:55,(anonymous_5)
FN:61,(anonymous_6)
FN:67,(anonymous_7)
FN:74,(anonymous_8)
FN:88,(anonymous_9)
FN:95,(anonymous_10)
FN:110,(anonymous_11)
FN:124,(anonymous_12)
FN:130,(anonymous_13)
FN:140,(anonymous_14)
FN:154,(anonymous_15)
FN:50,(anonymous_16)
FNF:13
FNH:0
FNDA:0,(anonymous_4)
FNDA:0,(anonymous_5)
FNDA:0,(anonymous_6)
FNDA:0,(anonymous_7)
FNDA:0,(anonymous_8)
FNDA:0,(anonymous_9)
FNDA:0,(anonymous_10)
FNDA:0,(anonymous_11)
FNDA:0,(anonymous_12)
FNDA:0,(anonymous_13)
FNDA:0,(anonymous_14)
FNDA:0,(anonymous_15)
FNDA:0,(anonymous_16)
DA:1,0
DA:11,0
DA:12,0
DA:13,0
DA:14,0
DA:15,0
DA:16,0
DA:17,0
DA:20,0
DA:21,0
DA:22,0
DA:26,0
DA:30,0
DA:31,0
DA:35,0
DA:39,0
DA:40,0
DA:47,0
DA:49,0
DA:50,0
DA:51,0
DA:55,0
DA:56,0
DA:57,0
DA:61,0
DA:62,0
DA:63,0
DA:67,0
DA:68,0
DA:69,0
DA:74,0
DA:79,0
DA:80,0
DA:81,0
DA:82,0
DA:84,0
DA:88,0
DA:89,0
DA:90,0
DA:95,0
DA:100,0
DA:101,0
DA:102,0
DA:103,0
DA:105,0
DA:110,0
DA:115,0
DA:116,0
DA:117,0
DA:118,0
DA:120,0
DA:124,0
DA:125,0
DA:126,0
DA:130,0
DA:131,0
DA:140,0
DA:141,0
DA:142,0
DA:143,0
DA:144,0
DA:154,0
DA:159,0
DA:160,0
DA:161,0
DA:162,0
DA:164,0
LF:67
LH:0
BRDA:81,0,0,0
BRDA:81,0,1,0
BRDA:81,1,0,0
BRDA:81,1,1,0
BRDA:84,2,0,0
BRDA:84,2,1,0
BRDA:90,3,0,0
BRDA:90,3,1,0
BRDA:102,4,0,0
BRDA:102,4,1,0
BRDA:102,5,0,0
BRDA:102,5,1,0
BRDA:105,6,0,0
BRDA:105,6,1,0
BRDA:117,7,0,0
BRDA:117,7,1,0
BRDA:117,8,0,0
BRDA:117,8,1,0
BRDA:120,9,0,0
BRDA:120,9,1,0
BRDA:142,10,0,0
BRDA:142,10,1,0
BRDA:143,11,0,0
BRDA:143,11,1,0
BRDA:143,12,0,0
BRDA:143,12,1,0
BRDA:161,13,0,0
BRDA:161,13,1,0
BRDA:161,14,0,0
BRDA:161,14,1,0
BRDA:164,15,0,0
BRDA:164,15,1,0
BRDA:164,16,0,0
BRDA:164,16,1,0
BRDA:76,17,0,0
BRDA:76,17,1,0
BRDA:76,18,0,0
BRDA:76,18,1,0
BRDA:76,18,2,0
BRDA:97,19,0,0
BRDA:97,19,1,0
BRDA:97,20,0,0
BRDA:97,20,1,0
BRDA:97,20,2,0
BRDA:112,21,0,0
BRDA:112,21,1,0
BRDA:112,22,0,0
BRDA:112,22,1,0
BRDA:112,22,2,0
BRDA:156,23,0,0
BRDA:156,23,1,0
BRDA:156,24,0,0
BRDA:156,24,1,0
BRDA:156,24,2,0
BRDA:49,25,0,0
BRDA:49,25,1,0
BRDA:49,26,0,0
BRDA:49,26,1,0
BRDA:49,27,0,0
BRDA:49,27,1,0
BRDA:49,28,0,0
BRDA:49,28,1,0
BRF:62
BRH:0
end_of_record
TN:
SF:src/ai/ai.module.ts
FN:7,(anonymous_1)
FNF:1
FNH:0
FNDA:0,(anonymous_1)
DA:1,0
DA:2,0
DA:3,0
DA:4,0
DA:7,0
DA:12,0
LF:6
LH:0
BRF:0
BRH:0
end_of_record
TN:
SF:src/ai/ai.service.ts
FN:15,(anonymous_3)
FN:21,(anonymous_4)
FN:26,(anonymous_5)
FN:27,(anonymous_6)
FN:34,(anonymous_7)
FN:40,(anonymous_8)
FN:59,(anonymous_9)
FN:90,(anonymous_10)
FN:121,(anonymous_11)
FN:157,(anonymous_12)
FN:173,(anonymous_13)
FN:193,(anonymous_14)
FN:206,(anonymous_15)
FNF:13
FNH:0
FNDA:0,(anonymous_3)
FNDA:0,(anonymous_4)
FNDA:0,(anonymous_5)
FNDA:0,(anonymous_6)
FNDA:0,(anonymous_7)
FNDA:0,(anonymous_8)
FNDA:0,(anonymous_9)
FNDA:0,(anonymous_10)
FNDA:0,(anonymous_11)
FNDA:0,(anonymous_12)
FNDA:0,(anonymous_13)
FNDA:0,(anonymous_14)
FNDA:0,(anonymous_15)
DA:1,0
DA:2,0
DA:3,0
DA:4,0
DA:7,0
DA:11,0
DA:12,0
DA:13,0
DA:15,0
DA:16,0
DA:17,0
DA:18,0
DA:22,0
DA:23,0
DA:24,0
DA:26,0
DA:27,0
DA:28,0
DA:29,0
DA:35,0
DA:36,0
DA:37,0
DA:44,0
DA:45,0
DA:46,0
DA:52,0
DA:53,0
DA:55,0
DA:60,0
DA:61,0
DA:62,0
DA:64,0
DA:76,0
DA:77,0
DA:78,0
DA:79,0
DA:82,0
DA:86,0
DA:87,0
DA:91,0
DA:92,0
DA:93,0
DA:115,0
DA:117,0
DA:123,0
DA:125,0
DA:126,0
DA:127,0
DA:131,0
DA:136,0
DA:138,0
DA:142,0
DA:158,0
DA:174,0
DA:176,0
DA:177,0
DA:178,0
DA:179,0
DA:184,0
DA:186,0
DA:188,0
DA:189,0
DA:194,0
DA:207,0
LF:64
LH:0
BRDA:18,0,0,0
BRDA:18,0,1,0
BRDA:22,1,0,0
BRDA:22,1,1,0
BRDA:37,2,0,0
BRDA:37,2,1,0
BRDA:42,3,0,0
BRDA:49,4,0,0
BRDA:49,4,1,0
BRDA:52,5,0,0
BRDA:52,5,1,0
BRDA:53,6,0,0
BRDA:53,6,1,0
BRDA:59,7,0,0
BRDA:59,8,0,0
BRDA:62,9,0,0
BRDA:62,9,1,0
BRDA:76,10,0,0
BRDA:76,10,1,0
BRDA:76,11,0,0
BRDA:76,11,1,0
BRDA:115,12,0,0
BRDA:115,12,1,0
BRDA:121,13,0,0
BRDA:157,14,0,0
BRDA:173,15,0,0
BRDA:189,16,0,0
BRDA:189,16,1,0
BRDA:15,17,0,0
BRDA:15,17,1,0
BRDA:15,18,0,0
BRDA:15,18,1,0
BRF:32
BRH:0
end_of_record
TN:
SF:src/ai/dto/lookup-service.dto.ts
FNF:0
FNH:0
DA:1,0
DA:2,0
DA:4,0
DA:7,0
DA:12,0
DA:17,0
LF:6
LH:0
BRF:0
BRH:0
end_of_record
TN:
SF:src/ai/dto/parse-screenshot.dto.ts
FNF:0
FNH:0
DA:1,0
DA:2,0
DA:4,0
DA:7,0
LF:4
LH:0
BRF:0
BRH:0
end_of_record
TN:
SF:src/ai/dto/voice-to-subscription.dto.ts
FNF:0
FNH:0
DA:1,0
DA:2,0
DA:4,0
DA:7,0
DA:12,0
LF:5
LH:0
BRF:0
BRH:0
end_of_record
TN:
SF:src/analytics/analytics.controller.ts
FN:11,(anonymous_4)
FN:14,(anonymous_5)
FN:28,(anonymous_6)
FN:41,(anonymous_7)
FN:47,(anonymous_8)
FN:52,(anonymous_9)
FN:66,(anonymous_10)
FN:79,(anonymous_11)
FN:84,(anonymous_12)
FN:89,(anonymous_13)
FN:95,(anonymous_14)
FNF:11
FNH:0
FNDA:0,(anonymous_4)
FNDA:0,(anonymous_5)
FNDA:0,(anonymous_6)
FNDA:0,(anonymous_7)
FNDA:0,(anonymous_8)
FNDA:0,(anonymous_9)
FNDA:0,(anonymous_10)
FNDA:0,(anonymous_11)
FNDA:0,(anonymous_12)
FNDA:0,(anonymous_13)
FNDA:0,(anonymous_14)
DA:1,0
DA:2,0
DA:3,0
DA:4,0
DA:10,0
DA:11,0
DA:14,0
DA:19,0
DA:28,0
DA:33,0
DA:41,0
DA:42,0
DA:47,0
DA:48,0
DA:52,0
DA:57,0
DA:66,0
DA:71,0
DA:79,0
DA:80,0
DA:84,0
DA:85,0
DA:89,0
DA:90,0
DA:95,0
DA:96,0
LF:26
LH:0
BRDA:21,0,0,0
BRDA:21,0,1,0
BRDA:22,1,0,0
BRDA:22,1,1,0
BRDA:35,2,0,0
BRDA:35,2,1,0
BRDA:36,3,0,0
BRDA:36,3,1,0
BRDA:42,4,0,0
BRDA:42,4,1,0
BRDA:48,5,0,0
BRDA:48,5,1,0
BRDA:59,6,0,0
BRDA:59,6,1,0
BRDA:60,7,0,0
BRDA:60,7,1,0
BRDA:73,8,0,0
BRDA:73,8,1,0
BRDA:74,9,0,0
BRDA:74,9,1,0
BRDA:80,10,0,0
BRDA:80,10,1,0
BRDA:11,11,0,0
BRDA:11,11,1,0
BRDA:11,12,0,0
BRDA:11,12,1,0
BRF:26
BRH:0
end_of_record
TN:
SF:src/analytics/analytics.module.ts
FNF:0
FNH:0
DA:1,0
DA:2,0
DA:3,0
DA:4,0
DA:5,0
DA:6,0
DA:13,0
LF:7
LH:0
BRF:0
BRH:0
end_of_record
TN:
SF:src/analytics/analytics.service.ts
FN:13,(anonymous_4)
FN:20,(anonymous_5)
FN:32,(anonymous_6)
FN:35,(anonymous_7)
FN:41,(anonymous_8)
FN:47,(anonymous_9)
FN:49,(anonymous_10)
FN:74,(anonymous_11)
FN:75,(anonymous_12)
FN:82,(anonymous_13)
FN:91,(anonymous_14)
FN:117,(anonymous_15)
FN:132,(anonymous_16)
FN:135,(anonymous_17)
FN:147,(anonymous_18)
FN:151,(anonymous_19)
FN:154,(anonymous_20)
FN:160,(anonymous_21)
FN:171,(anonymous_22)
FN:181,(anonymous_23)
FN:185,(anonymous_24)
FN:192,(anonymous_25)
FN:208,(anonymous_26)
FN:212,(anonymous_27)
FN:217,(anonymous_28)
FN:219,(anonymous_29)
FN:233,(anonymous_30)
FN:234,(anonymous_31)
FN:236,(anonymous_32)
FNF:29
FNH:0
FNDA:0,(anonymous_4)
FNDA:0,(anonymous_5)
FNDA:0,(anonymous_6)
FNDA:0,(anonymous_7)
FNDA:0,(anonymous_8)
FNDA:0,(anonymous_9)
FNDA:0,(anonymous_10)
FNDA:0,(anonymous_11)
FNDA:0,(anonymous_12)
FNDA:0,(anonymous_13)
FNDA:0,(anonymous_14)
FNDA:0,(anonymous_15)
FNDA:0,(anonymous_16)
FNDA:0,(anonymous_17)
FNDA:0,(anonymous_18)
FNDA:0,(anonymous_19)
FNDA:0,(anonymous_20)
FNDA:0,(anonymous_21)
FNDA:0,(anonymous_22)
FNDA:0,(anonymous_23)
FNDA:0,(anonymous_24)
FNDA:0,(anonymous_25)
FNDA:0,(anonymous_26)
FNDA:0,(anonymous_27)
FNDA:0,(anonymous_28)
FNDA:0,(anonymous_29)
FNDA:0,(anonymous_30)
FNDA:0,(anonymous_31)
FNDA:0,(anonymous_32)
DA:1,0
DA:2,0
DA:3,0
DA:4,0
DA:9,0
DA:12,0
DA:15,0
DA:17,0
DA:21,0
DA:29,0
DA:33,0
DA:34,0
DA:36,0
DA:40,0
DA:41,0
DA:44,0
DA:45,0
DA:46,0
DA:47,0
DA:50,0
DA:54,0
DA:67,0
DA:74,0
DA:75,0
DA:82,0
DA:97,0
DA:98,0
DA:100,0
DA:101,0
DA:102,0
DA:103,0
DA:105,0
DA:116,0
DA:118,0
DA:121,0
DA:129,0
DA:133,0
DA:134,0
DA:136,0
DA:140,0
DA:141,0
DA:142,0
DA:143,0
DA:146,0
DA:147,0
DA:151,0
DA:155,0
DA:156,0
DA:158,0
DA:159,0
DA:161,0
DA:162,0
DA:163,0
DA:168,0
DA:169,0
DA:172,0
DA:177,0
DA:178,0
DA:181,0
DA:186,0
DA:191,0
DA:192,0
DA:193,0
DA:198,0
DA:209,0
DA:210,0
DA:211,0
DA:213,0
DA:217,0
DA:218,0
DA:219,0
DA:233,0
DA:234,0
DA:235,0
DA:237,0
DA:240,0
DA:253,0
DA:254,0
DA:267,0
LF:79
LH:0
BRDA:29,0,0,0
BRDA:29,0,1,0
BRDA:36,1,0,0
BRDA:36,1,1,0
BRDA:79,2,0,0
BRDA:79,2,1,0
BRDA:91,3,0,0
BRDA:136,4,0,0
BRDA:136,4,1,0
BRDA:143,5,0,0
BRDA:143,5,1,0
BRDA:154,6,0,0
BRDA:161,7,0,0
BRDA:161,7,1,0
BRDA:162,8,0,0
BRDA:162,8,1,0
BRDA:168,9,0,0
BRDA:168,9,1,0
BRDA:177,10,0,0
BRDA:177,10,1,0
BRDA:193,11,0,0
BRDA:193,11,1,0
BRDA:202,12,0,0
BRDA:202,12,1,0
BRDA:202,12,2,0
BRDA:203,13,0,0
BRDA:203,13,1,0
BRDA:213,14,0,0
BRDA:213,14,1,0
BRDA:253,15,0,0
BRDA:253,15,1,0
BRDA:15,16,0,0
BRDA:15,16,1,0
BRDA:15,17,0,0
BRDA:15,17,1,0
BRDA:15,18,0,0
BRDA:15,18,1,0
BRDA:15,19,0,0
BRDA:15,19,1,0
BRF:39
BRH:0
end_of_record
TN:
SF:src/auth/auth.controller.ts
FN:29,(anonymous_4)
FN:35,(anonymous_5)
FN:40,(anonymous_6)
FN:46,(anonymous_7)
FN:50,(anonymous_8)
FN:59,(anonymous_9)
FN:66,(anonymous_10)
FN:71,(anonymous_11)
FN:76,(anonymous_12)
FN:81,(anonymous_13)
FN:86,(anonymous_14)
FN:91,(anonymous_15)
FN:98,(anonymous_16)
FN:105,(anonymous_17)
FN:113,(anonymous_18)
FN:121,(anonymous_19)
FN:130,(anonymous_20)
FN:138,(anonymous_21)
FNF:18
FNH:0
FNDA:0,(anonymous_4)
FNDA:0,(anonymous_5)
FNDA:0,(anonymous_6)
FNDA:0,(anonymous_7)
FNDA:0,(anonymous_8)
FNDA:0,(anonymous_9)
FNDA:0,(anonymous_10)
FNDA:0,(anonymous_11)
FNDA:0,(anonymous_12)
FNDA:0,(anonymous_13)
FNDA:0,(anonymous_14)
FNDA:0,(anonymous_15)
FNDA:0,(anonymous_16)
FNDA:0,(anonymous_17)
FNDA:0,(anonymous_18)
FNDA:0,(anonymous_19)
FNDA:0,(anonymous_20)
FNDA:0,(anonymous_21)
DA:1,0
DA:11,0
DA:12,0
DA:13,0
DA:14,0
DA:23,0
DA:24,0
DA:28,0
DA:30,0
DA:31,0
DA:35,0
DA:36,0
DA:40,0
DA:41,0
DA:46,0
DA:50,0
DA:51,0
DA:52,0
DA:53,0
DA:59,0
DA:60,0
DA:66,0
DA:67,0
DA:71,0
DA:72,0
DA:76,0
DA:77,0
DA:81,0
DA:82,0
DA:86,0
DA:87,0
DA:91,0
DA:92,0
DA:98,0
DA:99,0
DA:105,0
DA:106,0
DA:113,0
DA:114,0
DA:121,0
DA:125,0
DA:130,0
DA:131,0
DA:138,0
DA:139,0
LF:45
LH:0
BRDA:52,0,0,0
BRDA:52,0,1,0
BRDA:61,1,0,0
BRDA:61,1,1,0
BRDA:61,1,2,0
BRDA:132,2,0,0
BRDA:132,2,1,0
BRDA:132,2,2,0
BRDA:35,3,0,0
BRDA:35,3,1,0
BRDA:35,4,0,0
BRDA:35,4,1,0
BRDA:40,5,0,0
BRDA:40,5,1,0
BRDA:40,6,0,0
BRDA:40,6,1,0
BRDA:66,7,0,0
BRDA:66,7,1,0
BRDA:66,8,0,0
BRDA:66,8,1,0
BRDA:71,9,0,0
BRDA:71,9,1,0
BRDA:71,10,0,0
BRDA:71,10,1,0
BRDA:76,11,0,0
BRDA:76,11,1,0
BRDA:76,12,0,0
BRDA:76,12,1,0
BRDA:81,13,0,0
BRDA:81,13,1,0
BRDA:81,14,0,0
BRDA:81,14,1,0
BRDA:91,15,0,0
BRDA:91,15,1,0
BRDA:91,16,0,0
BRDA:91,16,1,0
BRDA:123,17,0,0
BRDA:123,17,1,0
BRDA:123,18,0,0
BRDA:123,18,1,0
BRDA:30,19,0,0
BRDA:30,19,1,0
BRDA:30,20,0,0
BRDA:30,20,1,0
BRDA:30,21,0,0
BRDA:30,21,1,0
BRDA:30,22,0,0
BRDA:30,22,1,0
BRF:48
BRH:0
end_of_record
TN:
SF:src/auth/auth.module.ts
FN:19,(anonymous_1)
FNF:1
FNH:0
FNDA:0,(anonymous_1)
DA:1,0
DA:2,0
DA:3,0
DA:4,0
DA:5,0
DA:6,0
DA:7,0
DA:8,0
DA:9,0
DA:10,0
DA:19,0
DA:30,0
LF:12
LH:0
BRF:0
BRH:0
end_of_record
TN:
SF:src/auth/auth.service.ts
FN:30,(anonymous_12)
FN:39,(anonymous_13)
FN:52,(anonymous_14)
FN:69,(anonymous_15)
FN:82,(anonymous_16)
FN:98,(anonymous_17)
FN:127,(anonymous_18)
FN:177,(anonymous_19)
FN:203,(anonymous_20)
FN:222,(anonymous_21)
FN:276,(anonymous_22)
FN:309,(anonymous_23)
FN:340,(anonymous_24)
FNF:13
FNH:0
FNDA:0,(anonymous_12)
FNDA:0,(anonymous_13)
FNDA:0,(anonymous_14)
FNDA:0,(anonymous_15)
FNDA:0,(anonymous_16)
FNDA:0,(anonymous_17)
FNDA:0,(anonymous_18)
FNDA:0,(anonymous_19)
FNDA:0,(anonymous_20)
FNDA:0,(anonymous_21)
FNDA:0,(anonymous_22)
FNDA:0,(anonymous_23)
FNDA:0,(anonymous_24)
DA:1,0
DA:9,0
DA:10,0
DA:11,0
DA:12,0
DA:13,0
DA:14,0
DA:23,0
DA:26,0
DA:27,0
DA:31,0
DA:32,0
DA:33,0
DA:34,0
DA:36,0
DA:40,0
DA:41,0
DA:45,0
DA:49,0
DA:53,0
DA:54,0
DA:56,0
DA:57,0
DA:64,0
DA:65,0
DA:66,0
DA:70,0
DA:71,0
DA:72,0
DA:74,0
DA:75,0
DA:77,0
DA:78,0
DA:79,0
DA:83,0
DA:84,0
DA:85,0
DA:93,0
DA:94,0
DA:95,0
DA:101,0
DA:103,0
DA:104,0
DA:106,0
DA:109,0
DA:110,0
DA:112,0
DA:113,0
DA:114,0
DA:122,0
DA:123,0
DA:124,0
DA:128,0
DA:129,0
DA:130,0
DA:136,0
DA:144,0
DA:145,0
DA:150,0
DA:151,0
DA:153,0
DA:155,0
DA:171,0
DA:179,0
DA:180,0
DA:184,0
DA:187,0
DA:188,0
DA:189,0
DA:190,0
DA:191,0
DA:193,0
DA:198,0
DA:199,0
DA:200,0
DA:205,0
DA:206,0
DA:210,0
DA:213,0
DA:214,0
DA:215,0
DA:217,0
DA:218,0
DA:219,0
DA:223,0
DA:228,0
DA:229,0
DA:232,0
DA:233,0
DA:234,0
DA:235,0
DA:236,0
DA:237,0
DA:240,0
DA:241,0
DA:242,0
DA:243,0
DA:244,0
DA:245,0
DA:246,0
DA:249,0
DA:252,0
DA:253,0
DA:254,0
DA:255,0
DA:256,0
DA:257,0
DA:265,0
DA:266,0
DA:267,0
DA:268,0
DA:269,0
DA:271,0
DA:272,0
DA:278,0
DA:279,0
DA:280,0
DA:281,0
DA:284,0
DA:285,0
DA:287,0
DA:302,0
DA:303,0
DA:310,0
DA:311,0
DA:312,0
DA:314,0
DA:316,0
DA:317,0
DA:319,0
DA:320,0
DA:321,0
DA:328,0
DA:329,0
DA:330,0
DA:332,0
DA:335,0
DA:336,0
DA:337,0
DA:341,0
DA:342,0
LF:141
LH:0
BRDA:36,0,0,0
BRDA:36,0,1,0
BRDA:54,1,0,0
BRDA:54,1,1,0
BRDA:71,2,0,0
BRDA:71,2,1,0
BRDA:71,3,0,0
BRDA:71,3,1,0
BRDA:75,4,0,0
BRDA:75,4,1,0
BRDA:84,5,0,0
BRDA:84,5,1,0
BRDA:110,6,0,0
BRDA:110,6,1,0
BRDA:113,7,0,0
BRDA:113,7,1,0
BRDA:116,8,0,0
BRDA:116,8,1,0
BRDA:129,9,0,0
BRDA:129,9,1,0
BRDA:173,10,0,0
BRDA:173,10,1,0
BRDA:188,11,0,0
BRDA:188,11,1,0
BRDA:190,12,0,0
BRDA:190,12,1,0
BRDA:214,13,0,0
BRDA:214,13,1,0
BRDA:223,14,0,0
BRDA:223,14,1,0
BRDA:232,15,0,0
BRDA:232,15,1,0
BRDA:235,16,0,0
BRDA:235,16,1,0
BRDA:241,17,0,0
BRDA:241,17,1,0
BRDA:244,18,0,0
BRDA:244,18,1,0
BRDA:255,19,0,0
BRDA:255,19,1,0
BRDA:279,20,0,0
BRDA:279,20,1,0
BRDA:305,21,0,0
BRDA:305,21,1,0
BRDA:311,22,0,0
BRDA:311,22,1,0
BRDA:312,23,0,0
BRDA:312,23,1,0
BRDA:320,24,0,0
BRDA:320,24,1,0
BRDA:328,25,0,0
BRDA:328,25,1,0
BRDA:328,26,0,0
BRDA:328,26,1,0
BRDA:328,26,2,0
BRDA:31,27,0,0
BRDA:31,27,1,0
BRDA:31,28,0,0
BRDA:31,28,1,0
BRDA:31,29,0,0
BRDA:31,29,1,0
BRDA:31,30,0,0
BRDA:31,30,1,0
BRDA:32,31,0,0
BRDA:32,31,1,0
BRDA:32,32,0,0
BRDA:32,32,1,0
BRDA:33,33,0,0
BRDA:33,33,1,0
BRDA:33,34,0,0
BRDA:33,34,1,0
BRF:71
BRH:0
end_of_record
TN:
SF:src/auth/dto/auth.dto.ts
FNF:0
FNH:0
DA:1,0
DA:2,0
DA:4,0
DA:5,0
DA:6,0
DA:7,0
DA:10,0
DA:11,0
DA:12,0
DA:15,0
DA:16,0
DA:19,0
DA:20,0
DA:23,0
DA:24,0
DA:25,0
DA:28,0
DA:29,0
DA:32,0
DA:33,0
DA:34,0
LF:21
LH:0
BRF:0
BRH:0
end_of_record
TN:
SF:src/auth/dto/google-auth.dto.ts
FN:1,(anonymous_0)
FNF:1
FNH:0
FNDA:0,(anonymous_0)
DA:1,0
LF:1
LH:0
BRF:0
BRH:0
end_of_record
TN:
SF:src/auth/dto/magic-link.dto.ts
FN:1,(anonymous_0)
FNF:1
FNH:0
FNDA:0,(anonymous_0)
DA:1,0
LF:1
LH:0
BRF:0
BRH:0
end_of_record
TN:
SF:src/auth/entities/refresh-token.entity.ts
FN:21,(anonymous_2)
FNF:1
FNH:0
FNDA:0,(anonymous_2)
DA:1,0
DA:10,0
DA:13,0
DA:15,0
DA:19,0
DA:21,0
DA:23,0
DA:26,0
DA:29,0
DA:32,0
DA:35,0
LF:11
LH:0
BRDA:23,0,0,0
BRDA:23,0,1,0
BRDA:23,1,0,0
BRDA:23,1,1,0
BRDA:29,2,0,0
BRDA:29,2,1,0
BRDA:29,3,0,0
BRDA:29,3,1,0
BRDA:35,4,0,0
BRDA:35,4,1,0
BRDA:35,5,0,0
BRDA:35,5,1,0
BRF:12
BRH:0
end_of_record
TN:
SF:src/auth/guards/google-auth.guard.ts
FNF:0
FNH:0
DA:1,0
DA:2,0
DA:5,0
LF:3
LH:0
BRF:0
BRH:0
end_of_record
TN:
SF:src/auth/guards/jwt-auth.guard.ts
FNF:0
FNH:0
DA:1,0
DA:2,0
DA:5,0
LF:3
LH:0
BRF:0
BRH:0
end_of_record
TN:
SF:src/auth/strategies/google.strategy.ts
FN:8,(anonymous_2)
FN:20,(anonymous_3)
FNF:2
FNH:0
FNDA:0,(anonymous_2)
FNDA:0,(anonymous_3)
DA:1,0
DA:2,0
DA:3,0
DA:4,0
DA:7,0
DA:9,0
DA:26,0
DA:27,0
DA:34,0
LF:9
LH:0
BRDA:8,0,0,0
BRDA:8,0,1,0
BRDA:8,1,0,0
BRDA:8,1,1,0
BRF:4
BRH:0
end_of_record
TN:
SF:src/auth/strategies/jwt.strategy.ts
FN:8,(anonymous_2)
FN:16,(anonymous_3)
FNF:2
FNH:0
FNDA:0,(anonymous_2)
FNDA:0,(anonymous_3)
DA:1,0
DA:2,0
DA:3,0
DA:4,0
DA:7,0
DA:9,0
DA:17,0
LF:7
LH:0
BRDA:8,0,0,0
BRDA:8,0,1,0
BRDA:8,1,0,0
BRDA:8,1,1,0
BRF:4
BRH:0
end_of_record
TN:
SF:src/billing/billing.controller.ts
FN:35,(anonymous_4)
FN:42,(anonymous_5)
FN:61,(anonymous_6)
FN:68,(anonymous_7)
FN:117,(anonymous_8)
FN:120,(anonymous_9)
FN:128,(anonymous_10)
FN:136,(anonymous_11)
FN:144,(anonymous_12)
FN:152,(anonymous_13)
FNF:10
FNH:0
FNDA:0,(anonymous_4)
FNDA:0,(anonymous_5)
FNDA:0,(anonymous_6)
FNDA:0,(anonymous_7)
FNDA:0,(anonymous_8)
FNDA:0,(anonymous_9)
FNDA:0,(anonymous_10)
FNDA:0,(anonymous_11)
FNDA:0,(anonymous_12)
FNDA:0,(anonymous_13)
DA:1,0
DA:13,0
DA:14,0
DA:15,0
DA:16,0
DA:17,0
DA:18,0
DA:20,0
DA:23,0
DA:24,0
DA:25,0
DA:29,0
DA:34,0
DA:36,0
DA:37,0
DA:38,0
DA:42,0
DA:47,0
DA:49,0
DA:50,0
DA:53,0
DA:54,0
DA:55,0
DA:61,0
DA:62,0
DA:63,0
DA:64,0
DA:68,0
DA:69,0
DA:117,0
DA:118,0
DA:119,0
DA:120,0
DA:122,0
DA:128,0
DA:129,0
DA:130,0
DA:136,0
DA:137,0
DA:138,0
DA:144,0
DA:145,0
DA:146,0
DA:152,0
DA:153,0
LF:45
LH:0
BRDA:47,0,0,0
BRDA:47,0,1,0
BRDA:49,1,0,0
BRDA:49,1,1,0
BRDA:63,2,0,0
BRDA:63,2,1,0
BRDA:63,2,2,0
BRDA:64,3,0,0
BRDA:64,3,1,0
BRDA:120,4,0,0
BRDA:120,4,1,0
BRDA:36,5,0,0
BRDA:36,5,1,0
BRDA:36,6,0,0
BRDA:36,6,1,0
BRDA:36,7,0,0
BRDA:36,7,1,0
BRDA:36,8,0,0
BRDA:36,8,1,0
BRDA:37,9,0,0
BRDA:37,9,1,0
BRDA:37,10,0,0
BRDA:37,10,1,0
BRF:23
BRH:0
end_of_record
TN:
SF:src/billing/billing.module.ts
FN:8,(anonymous_1)
FNF:1
FNH:0
FNDA:0,(anonymous_1)
DA:1,0
DA:2,0
DA:3,0
DA:4,0
DA:5,0
DA:8,0
DA:13,0
LF:7
LH:0
BRF:0
BRH:0
end_of_record
TN:
SF:src/billing/billing.service.ts
FN:24,(anonymous_2)
FN:44,(anonymous_3)
FN:50,(anonymous_4)
FN:105,(anonymous_5)
FN:116,(anonymous_6)
FN:123,(anonymous_7)
FN:180,(anonymous_8)
FN:195,(anonymous_9)
FN:214,(anonymous_10)
FN:226,(anonymous_11)
FN:231,(anonymous_12)
FN:251,(anonymous_13)
FNF:12
FNH:0
FNDA:0,(anonymous_2)
FNDA:0,(anonymous_3)
FNDA:0,(anonymous_4)
FNDA:0,(anonymous_5)
FNDA:0,(anonymous_6)
FNDA:0,(anonymous_7)
FNDA:0,(anonymous_8)
FNDA:0,(anonymous_9)
FNDA:0,(anonymous_10)
FNDA:0,(anonymous_11)
FNDA:0,(anonymous_12)
FNDA:0,(anonymous_13)
DA:1,0
DA:8,0
DA:9,0
DA:10,0
DA:11,0
DA:14,0
DA:15,0
DA:25,0
DA:26,0
DA:28,0
DA:29,0
DA:30,0
DA:32,0
DA:35,0
DA:37,0
DA:40,0
DA:45,0
DA:46,0
DA:47,0
DA:51,0
DA:53,0
DA:56,0
DA:57,0
DA:58,0
DA:59,0
DA:60,0
DA:65,0
DA:67,0
DA:68,0
DA:69,0
DA:70,0
DA:71,0
DA:75,0
DA:76,0
DA:79,0
DA:82,0
DA:83,0
DA:84,0
DA:85,0
DA:86,0
DA:87,0
DA:88,0
DA:89,0
DA:90,0
DA:92,0
DA:96,0
DA:99,0
DA:100,0
DA:107,0
DA:109,0
DA:110,0
DA:112,0
DA:113,0
DA:116,0
DA:117,0
DA:118,0
DA:120,0
DA:124,0
DA:125,0
DA:128,0
DA:129,0
DA:158,0
DA:159,0
DA:162,0
DA:164,0
DA:165,0
DA:166,0
DA:167,0
DA:170,0
DA:171,0
DA:172,0
DA:173,0
DA:176,0
DA:177,0
DA:181,0
DA:182,0
DA:183,0
DA:185,0
DA:186,0
DA:187,0
DA:196,0
DA:197,0
DA:198,0
DA:200,0
DA:201,0
DA:203,0
DA:204,0
DA:205,0
DA:207,0
DA:208,0
DA:210,0
DA:211,0
DA:215,0
DA:216,0
DA:217,0
DA:219,0
DA:220,0
DA:221,0
DA:223,0
DA:227,0
DA:228,0
DA:232,0
DA:233,0
DA:234,0
DA:236,0
DA:237,0
DA:239,0
DA:240,0
DA:245,0
DA:252,0
DA:253,0
DA:254,0
DA:257,0
DA:259,0
DA:260,0
DA:262,0
DA:263,0
DA:264,0
DA:265,0
DA:266,0
DA:267,0
DA:271,0
LF:122
LH:0
BRDA:33,0,0,0
BRDA:33,0,1,0
BRDA:36,1,0,0
BRDA:36,1,1,0
BRDA:38,2,0,0
BRDA:38,2,1,0
BRDA:41,3,0,0
BRDA:41,3,1,0
BRDA:53,4,0,0
BRDA:53,4,1,0
BRDA:53,4,2,0
BRDA:53,4,3,0
BRDA:59,5,0,0
BRDA:59,5,1,0
BRDA:67,6,0,0
BRDA:67,6,1,0
BRDA:69,7,0,0
BRDA:69,7,1,0
BRDA:70,8,0,0
BRDA:70,8,1,0
BRDA:72,9,0,0
BRDA:72,9,1,0
BRDA:72,10,0,0
BRDA:72,10,1,0
BRDA:83,11,0,0
BRDA:83,11,1,0
BRDA:85,12,0,0
BRDA:85,12,1,0
BRDA:87,13,0,0
BRDA:87,13,1,0
BRDA:89,14,0,0
BRDA:89,14,1,0
BRDA:105,15,0,0
BRDA:107,16,0,0
BRDA:107,16,1,0
BRDA:109,17,0,0
BRDA:109,17,1,0
BRDA:110,18,0,0
BRDA:110,18,1,0
BRDA:112,19,0,0
BRDA:112,19,1,0
BRDA:112,20,0,0
BRDA:112,20,1,0
BRDA:113,21,0,0
BRDA:113,21,1,0
BRDA:117,22,0,0
BRDA:117,22,1,0
BRDA:117,23,0,0
BRDA:117,23,1,0
BRDA:123,24,0,0
BRDA:164,25,0,0
BRDA:164,25,1,0
BRDA:164,26,0,0
BRDA:164,26,1,0
BRDA:165,27,0,0
BRDA:165,27,1,0
BRDA:165,27,2,0
BRDA:171,28,0,0
BRDA:171,28,1,0
BRDA:182,29,0,0
BRDA:182,29,1,0
BRDA:197,30,0,0
BRDA:197,30,1,0
BRDA:197,31,0,0
BRDA:197,31,1,0
BRDA:200,32,0,0
BRDA:200,32,1,0
BRDA:200,33,0,0
BRDA:200,33,1,0
BRDA:204,34,0,0
BRDA:204,34,1,0
BRDA:207,35,0,0
BRDA:207,35,1,0
BRDA:216,36,0,0
BRDA:216,36,1,0
BRDA:220,37,0,0
BRDA:220,37,1,0
BRDA:234,38,0,0
BRDA:234,38,1,0
BRDA:237,39,0,0
BRDA:237,39,1,0
BRDA:239,40,0,0
BRDA:239,40,1,0
BRDA:239,41,0,0
BRDA:239,41,1,0
BRDA:253,42,0,0
BRDA:253,42,1,0
BRDA:257,43,0,0
BRDA:257,43,1,0
BRDA:262,44,0,0
BRDA:262,44,1,0
BRDA:265,45,0,0
BRDA:265,45,1,0
BRDA:274,46,0,0
BRDA:274,46,1,0
BRDA:282,47,0,0
BRDA:282,47,1,0
BRDA:25,48,0,0
BRDA:25,48,1,0
BRDA:25,49,0,0
BRDA:25,49,1,0
BRDA:25,50,0,0
BRDA:25,50,1,0
BRDA:25,51,0,0
BRDA:25,51,1,0
BRF:105
BRH:0
end_of_record
TN:
SF:src/billing/plans.config.ts
FNF:0
FNH:0
DA:8,0
DA:29,0
LF:2
LH:0
BRF:0
BRH:0
end_of_record
TN:
SF:src/billing/dto/checkout.dto.ts
FN:4,(anonymous_2)
FNF:1
FNH:0
FNDA:0,(anonymous_2)
DA:1,0
DA:2,0
DA:4,0
DA:5,0
DA:6,0
DA:9,0
DA:12,0
LF:7
LH:0
BRDA:4,0,0,0
BRDA:4,0,1,0
BRF:2
BRH:0
end_of_record
TN:
SF:src/common/client-error.controller.ts
FN:48,(anonymous_4)
FNF:1
FNH:0
FNDA:0,(anonymous_4)
DA:1,0
DA:2,0
DA:3,0
DA:8,0
DA:13,0
DA:18,0
DA:23,0
DA:28,0
DA:33,0
DA:38,0
DA:43,0
DA:44,0
DA:48,0
DA:49,0
DA:50,0
DA:53,0
DA:54,0
DA:56,0
DA:60,0
LF:19
LH:0
BRDA:49,0,0,0
BRDA:49,0,1,0
BRDA:50,1,0,0
BRDA:50,1,1,0
BRDA:50,1,2,0
BRDA:53,2,0,0
BRDA:53,2,1,0
BRDA:54,3,0,0
BRDA:54,3,1,0
BRDA:57,4,0,0
BRDA:57,4,1,0
BRDA:57,4,2,0
BRDA:58,5,0,0
BRDA:58,5,1,0
BRF:14
BRH:0
end_of_record
TN:
SF:src/common/decorators/current-user.decorator.ts
FN:4,(anonymous_0)
FNF:1
FNH:0
FNDA:0,(anonymous_0)
DA:1,0
DA:3,0
DA:5,0
DA:6,0
DA:7,0
LF:5
LH:0
BRDA:7,0,0,0
BRDA:7,0,1,0
BRF:2
BRH:0
end_of_record
TN:
SF:src/common/decorators/roles.decorator.ts
FN:4,(anonymous_0)
FNF:1
FNH:0
FNDA:0,(anonymous_0)
DA:1,0
DA:3,0
DA:4,0
LF:3
LH:0
BRF:0
BRH:0
end_of_record
TN:
SF:src/common/dto/pagination.dto.ts
FN:8,(anonymous_2)
FN:15,(anonymous_3)
FNF:2
FNH:0
FNDA:0,(anonymous_2)
FNDA:0,(anonymous_3)
DA:1,0
DA:2,0
DA:3,0
DA:5,0
DA:8,0
DA:11,0
DA:15,0
DA:19,0
LF:8
LH:0
BRF:0
BRH:0
end_of_record
TN:
SF:src/common/filters/all-exceptions.filter.ts
FN:15,(anonymous_1)
FNF:1
FNH:0
FNDA:0,(anonymous_1)
DA:1,0
DA:12,0
DA:13,0
DA:16,0
DA:17,0
DA:18,0
DA:20,0
DA:21,0
DA:23,0
DA:24,0
DA:25,0
DA:26,0
DA:32,0
DA:36,0
DA:39,0
LF:15
LH:0
BRDA:23,0,0,0
BRDA:23,0,1,0
BRDA:27,1,0,0
BRDA:27,1,1,0
BRDA:28,2,0,0
BRDA:28,2,1,0
BRDA:33,3,0,0
BRDA:33,3,1,0
BRDA:36,4,0,0
BRDA:36,4,1,0
BRF:10
BRH:0
end_of_record
TN:
SF:src/common/filters/http-exception.filter.ts
FN:12,(anonymous_1)
FNF:1
FNH:0
FNDA:0,(anonymous_1)
DA:1,0
DA:11,0
DA:13,0
DA:14,0
DA:15,0
DA:16,0
DA:20,0
DA:22,0
DA:26,0
LF:9
LH:0
BRDA:16,0,0,0
BRDA:16,0,1,0
BRDA:22,1,0,0
BRDA:22,1,1,0
BRF:4
BRH:0
end_of_record
TN:
SF:src/common/guards/roles.guard.ts
FN:7,(anonymous_2)
FN:9,(anonymous_3)
FNF:2
FNH:0
FNDA:0,(anonymous_2)
FNDA:0,(anonymous_3)
DA:1,0
DA:2,0
DA:3,0
DA:6,0
DA:7,0
DA:10,0
DA:14,0
DA:16,0
DA:17,0
LF:9
LH:0
BRDA:14,0,0,0
BRDA:14,0,1,0
BRDA:18,1,0,0
BRDA:18,1,1,0
BRDA:7,2,0,0
BRDA:7,2,1,0
BRDA:7,3,0,0
BRDA:7,3,1,0
BRF:8
BRH:0
end_of_record
TN:
SF:src/common/guards/ws-jwt.guard.ts
FN:6,(anonymous_2)
FN:13,(anonymous_3)
FN:18,(anonymous_4)
FNF:3
FNH:0
FNDA:0,(anonymous_2)
FNDA:0,(anonymous_3)
FNDA:0,(anonymous_4)
DA:1,0
DA:2,0
DA:3,0
DA:7,0
DA:12,0
DA:14,0
DA:15,0
DA:19,0
DA:21,0
DA:24,0
DA:26,0
DA:27,0
DA:30,0
DA:31,0
DA:33,0
LF:15
LH:0
BRDA:21,0,0,0
BRDA:21,0,1,0
BRDA:24,1,0,0
BRDA:24,1,1,0
BRDA:14,2,0,0
BRDA:14,2,1,0
BRDA:14,3,0,0
BRDA:14,3,1,0
BRDA:14,4,0,0
BRDA:14,4,1,0
BRDA:14,5,0,0
BRDA:14,5,1,0
BRF:12
BRH:0
end_of_record
TN:
SF:src/common/interceptors/transform.interceptor.ts
FN:21,(anonymous_1)
FN:26,(anonymous_2)
FNF:2
FNH:0
FNDA:0,(anonymous_1)
FNDA:0,(anonymous_2)
DA:1,0
DA:8,0
DA:17,0
DA:25,0
DA:26,0
LF:5
LH:0
BRF:0
BRH:0
end_of_record
TN:
SF:src/common/types/express.d.ts
FNF:0
FNH:0
LF:0
LH:0
BRF:0
BRH:0
end_of_record
TN:
SF:src/config/configuration.ts
FN:1,(anonymous_0)
FNF:1
FNH:0
FNDA:0,(anonymous_0)
DA:1,0
LF:1
LH:0
BRDA:2,0,0,0
BRDA:2,0,1,0
BRDA:3,1,0,0
BRDA:3,1,1,0
BRDA:4,2,0,0
BRDA:4,2,1,0
BRDA:8,3,0,0
BRDA:8,3,1,0
BRDA:9,4,0,0
BRDA:9,4,1,0
BRDA:10,5,0,0
BRDA:10,5,1,0
BRDA:11,6,0,0
BRDA:11,6,1,0
BRDA:12,7,0,0
BRDA:12,7,1,0
BRDA:17,8,0,0
BRDA:17,8,1,0
BRDA:18,9,0,0
BRDA:18,9,1,0
BRDA:23,10,0,0
BRDA:23,10,1,0
BRDA:25,11,0,0
BRDA:25,11,1,0
BRDA:26,12,0,0
BRDA:26,12,1,0
BRDA:27,13,0,0
BRDA:27,13,1,0
BRDA:34,14,0,0
BRDA:34,14,1,0
BRDA:40,15,0,0
BRDA:40,15,1,0
BRDA:47,16,0,0
BRDA:47,16,1,0
BRDA:48,17,0,0
BRDA:48,17,1,0
BRDA:68,18,0,0
BRDA:68,18,1,0
BRF:38
BRH:0
end_of_record
TN:
SF:src/migrations/1740873600000-InitialSchema.ts
FN:11,(anonymous_0)
FN:212,(anonymous_1)
FNF:2
FNH:0
FNDA:0,(anonymous_0)
FNDA:0,(anonymous_1)
DA:8,0
DA:9,0
DA:13,0
DA:16,0
DA:40,0
DA:43,0
DA:60,0
DA:63,0
DA:66,0
DA:69,0
DA:72,0
DA:109,0
DA:122,0
DA:125,0
DA:136,0
DA:139,0
DA:156,0
DA:159,0
DA:175,0
DA:189,0
DA:192,0
DA:195,0
DA:208,0
DA:209,0
DA:213,0
DA:214,0
DA:215,0
DA:216,0
DA:217,0
DA:218,0
DA:219,0
DA:220,0
DA:221,0
DA:222,0
DA:223,0
DA:224,0
DA:225,0
DA:226,0
DA:227,0
DA:228,0
DA:229,0
DA:230,0
LF:42
LH:0
BRF:0
BRH:0
end_of_record
TN:
SF:src/migrations/1772909030797-AddUserFields.ts
FN:6,(anonymous_0)
FN:37,(anonymous_1)
FNF:2
FNH:0
FNDA:0,(anonymous_0)
FNDA:0,(anonymous_1)
DA:3,0
DA:4,0
DA:7,0
DA:8,0
DA:9,0
DA:10,0
DA:11,0
DA:12,0
DA:13,0
DA:14,0
DA:15,0
DA:16,0
DA:17,0
DA:18,0
DA:19,0
DA:20,0
DA:21,0
DA:22,0
DA:23,0
DA:24,0
DA:25,0
DA:26,0
DA:27,0
DA:28,0
DA:29,0
DA:30,0
DA:31,0
DA:32,0
DA:33,0
DA:34,0
DA:38,0
DA:39,0
DA:40,0
DA:41,0
DA:42,0
DA:43,0
DA:44,0
DA:45,0
DA:46,0
DA:47,0
DA:48,0
DA:49,0
DA:50,0
DA:51,0
DA:52,0
DA:53,0
DA:54,0
DA:55,0
DA:56,0
DA:57,0
DA:58,0
DA:59,0
DA:60,0
DA:61,0
DA:62,0
DA:63,0
DA:64,0
DA:65,0
LF:58
LH:0
BRF:0
BRH:0
end_of_record
TN:
SF:src/migrations/1772909100000-AddNextPaymentDate.ts
FN:6,(anonymous_0)
FN:10,(anonymous_1)
FNF:2
FNH:0
FNDA:0,(anonymous_0)
FNDA:0,(anonymous_1)
DA:3,0
DA:4,0
DA:7,0
DA:11,0
LF:4
LH:0
BRF:0
BRH:0
end_of_record
TN:
SF:src/migrations/1772910000000-AddEmailNotifications.ts
FN:4,(anonymous_0)
FN:10,(anonymous_1)
FNF:2
FNH:0
FNDA:0,(anonymous_0)
FNDA:0,(anonymous_1)
DA:3,0
DA:5,0
DA:11,0
LF:3
LH:0
BRF:0
BRH:0
end_of_record
TN:
SF:src/migrations/1772970000000-FixWorkspaceUuidColumns.ts
FN:4,(anonymous_0)
FN:16,(anonymous_1)
FNF:2
FNH:0
FNDA:0,(anonymous_0)
FNDA:0,(anonymous_1)
DA:3,0
DA:5,0
DA:10,0
DA:17,0
DA:22,0
LF:5
LH:0
BRF:0
BRH:0
end_of_record
TN:
SF:src/notifications/notifications.controller.ts
FN:26,(anonymous_4)
FN:29,(anonymous_5)
FN:38,(anonymous_6)
FN:47,(anonymous_7)
FN:53,(anonymous_8)
FN:61,(anonymous_9)
FNF:6
FNH:0
FNDA:0,(anonymous_4)
FNDA:0,(anonymous_5)
FNDA:0,(anonymous_6)
FNDA:0,(anonymous_7)
FNDA:0,(anonymous_8)
FNDA:0,(anonymous_9)
DA:1,0
DA:2,0
DA:3,0
DA:4,0
DA:5,0
DA:8,0
DA:12,0
DA:13,0
DA:17,0
DA:18,0
DA:25,0
DA:26,0
DA:29,0
DA:33,0
DA:38,0
DA:42,0
DA:47,0
DA:48,0
DA:53,0
DA:57,0
DA:61,0
DA:65,0
LF:22
LH:0
BRDA:57,0,0,0
BRDA:57,0,1,0
BRDA:57,1,0,0
BRDA:57,1,1,0
BRDA:26,2,0,0
BRDA:26,2,1,0
BRDA:26,3,0,0
BRDA:26,3,1,0
BRF:8
BRH:0
end_of_record
TN:
SF:src/notifications/notifications.module.ts
FNF:0
FNH:0
DA:1,0
DA:2,0
DA:3,0
DA:4,0
DA:5,0
DA:13,0
LF:6
LH:0
BRF:0
BRH:0
end_of_record
TN:
SF:src/notifications/notifications.processor.ts
FN:10,(anonymous_2)
FN:13,(anonymous_3)
FNF:2
FNH:0
FNDA:0,(anonymous_2)
FNDA:0,(anonymous_3)
DA:1,0
DA:2,0
DA:4,0
DA:7,0
DA:8,0
DA:10,0
DA:13,0
DA:15,0
DA:16,0
DA:18,0
DA:20,0
DA:21,0
DA:30,0
DA:31,0
DA:40,0
DA:41,0
LF:16
LH:0
BRDA:20,0,0,0
BRDA:20,0,1,0
BRDA:30,1,0,0
BRDA:30,1,1,0
BRDA:10,2,0,0
BRDA:10,2,1,0
BRDA:10,3,0,0
BRDA:10,3,1,0
BRF:8
BRH:0
end_of_record
TN:
SF:src/notifications/notifications.service.ts
FN:14,(anonymous_13)
FN:43,(anonymous_14)
FN:62,(anonymous_15)
FN:77,(anonymous_16)
FN:90,(anonymous_17)
FN:108,(anonymous_18)
FNF:6
FNH:0
FNDA:0,(anonymous_13)
FNDA:0,(anonymous_14)
FNDA:0,(anonymous_15)
FNDA:0,(anonymous_16)
FNDA:0,(anonymous_17)
FNDA:0,(anonymous_18)
DA:1,0
DA:2,0
DA:4,0
DA:5,0
DA:6,0
DA:9,0
DA:10,0
DA:11,0
DA:15,0
DA:16,0
DA:18,0
DA:19,0
DA:21,0
DA:22,0
DA:26,0
DA:27,0
DA:28,0
DA:29,0
DA:31,0
DA:32,0
DA:56,0
DA:68,0
DA:70,0
DA:78,0
DA:79,0
DA:80,0
DA:82,0
DA:97,0
DA:117,0
DA:118,0
DA:119,0
DA:197,0
LF:32
LH:0
BRDA:21,0,0,0
BRDA:21,0,1,0
BRDA:21,1,0,0
BRDA:21,1,1,0
BRDA:26,2,0,0
BRDA:26,2,1,0
BRDA:31,3,0,0
BRDA:31,3,1,0
BRDA:31,4,0,0
BRDA:31,4,1,0
BRDA:31,4,2,0
BRDA:54,5,0,0
BRDA:68,6,0,0
BRDA:68,6,1,0
BRDA:78,7,0,0
BRDA:78,7,1,0
BRDA:117,8,0,0
BRDA:117,8,1,0
BRDA:16,9,0,0
BRDA:16,9,1,0
BRDA:16,10,0,0
BRDA:16,10,1,0
BRF:22
BRH:0
end_of_record
TN:
SF:src/notifications/entities/push-token.entity.ts
FNF:0
FNH:0
DA:1,0
DA:10,0
DA:12,0
DA:16,0
DA:19,0
DA:22,0
DA:25,0
DA:28,0
LF:8
LH:0
BRDA:28,0,0,0
BRDA:28,0,1,0
BRDA:28,1,0,0
BRDA:28,1,1,0
BRF:4
BRH:0
end_of_record
TN:
SF:src/payment-cards/payment-cards.controller.ts
FN:22,(anonymous_4)
FN:25,(anonymous_5)
FN:30,(anonymous_6)
FN:35,(anonymous_7)
FN:40,(anonymous_8)
FN:49,(anonymous_9)
FNF:6
FNH:0
FNDA:0,(anonymous_4)
FNDA:0,(anonymous_5)
FNDA:0,(anonymous_6)
FNDA:0,(anonymous_7)
FNDA:0,(anonymous_8)
FNDA:0,(anonymous_9)
DA:1,0
DA:12,0
DA:13,0
DA:14,0
DA:15,0
DA:21,0
DA:22,0
DA:25,0
DA:26,0
DA:30,0
DA:31,0
DA:35,0
DA:36,0
DA:40,0
DA:45,0
DA:49,0
DA:50,0
LF:17
LH:0
BRDA:25,0,0,0
BRDA:25,0,1,0
BRDA:25,1,0,0
BRDA:25,1,1,0
BRDA:43,2,0,0
BRDA:43,2,1,0
BRDA:43,3,0,0
BRDA:43,3,1,0
BRDA:22,4,0,0
BRDA:22,4,1,0
BRDA:22,5,0,0
BRDA:22,5,1,0
BRF:12
BRH:0
end_of_record
TN:
SF:src/payment-cards/payment-cards.module.ts
FNF:0
FNH:0
DA:1,0
DA:2,0
DA:3,0
DA:4,0
DA:5,0
DA:13,0
LF:6
LH:0
BRF:0
BRH:0
end_of_record
TN:
SF:src/payment-cards/payment-cards.service.ts
FN:13,(anonymous_4)
FN:18,(anonymous_5)
FN:29,(anonymous_6)
FN:33,(anonymous_7)
FN:40,(anonymous_8)
FN:53,(anonymous_9)
FNF:6
FNH:0
FNDA:0,(anonymous_4)
FNDA:0,(anonymous_5)
FNDA:0,(anonymous_6)
FNDA:0,(anonymous_7)
FNDA:0,(anonymous_8)
FNDA:0,(anonymous_9)
DA:1,0
DA:6,0
DA:7,0
DA:8,0
DA:12,0
DA:15,0
DA:22,0
DA:23,0
DA:25,0
DA:26,0
DA:30,0
DA:34,0
DA:35,0
DA:36,0
DA:37,0
DA:45,0
DA:46,0
DA:47,0
DA:49,0
DA:50,0
DA:54,0
DA:55,0
LF:22
LH:0
BRDA:22,0,0,0
BRDA:22,0,1,0
BRDA:35,1,0,0
BRDA:35,1,1,0
BRDA:36,2,0,0
BRDA:36,2,1,0
BRDA:46,3,0,0
BRDA:46,3,1,0
BRDA:15,4,0,0
BRDA:15,4,1,0
BRDA:15,5,0,0
BRDA:15,5,1,0
BRF:12
BRH:0
end_of_record
TN:
SF:src/payment-cards/dto/create-payment-card.dto.ts
FNF:0
FNH:0
DA:1,0
DA:9,0
DA:10,0
DA:12,0
DA:13,0
DA:14,0
DA:18,0
DA:23,0
DA:24,0
LF:9
LH:0
BRDA:18,0,0,0
BRDA:18,0,1,0
BRDA:18,1,0,0
BRDA:18,1,1,0
BRF:4
BRH:0
end_of_record
TN:
SF:src/payment-cards/dto/update-card.dto.ts
FNF:0
FNH:0
DA:1,0
DA:2,0
DA:4,0
LF:3
LH:0
BRF:0
BRH:0
end_of_record
TN:
SF:src/payment-cards/entities/payment-card.entity.ts
FN:12,(anonymous_2)
FN:28,(anonymous_3)
FN:28,(anonymous_4)
FNF:3
FNH:1
FNDA:2,(anonymous_2)
FNDA:0,(anonymous_3)
FNDA:0,(anonymous_4)
DA:1,2
DA:10,2
DA:12,2
DA:13,2
DA:14,2
DA:15,2
DA:16,2
DA:17,2
DA:21,2
DA:23,2
DA:26,2
DA:28,0
DA:30,2
DA:33,2
DA:36,2
DA:39,2
DA:42,2
DA:45,2
DA:48,2
DA:51,2
LF:20
LH:19
BRDA:12,0,0,2
BRDA:12,0,1,2
BRDA:30,1,0,0
BRDA:30,1,1,2
BRDA:30,2,0,2
BRDA:30,2,1,0
BRDA:48,3,0,2
BRDA:48,3,1,0
BRDA:48,4,0,2
BRDA:48,4,1,2
BRDA:51,5,0,2
BRDA:51,5,1,0
BRDA:51,6,0,2
BRDA:51,6,1,2
BRF:14
BRH:10
end_of_record
TN:
SF:src/receipts/receipts.controller.ts
FN:21,(anonymous_4)
FN:28,(anonymous_5)
FN:37,(anonymous_6)
FNF:3
FNH:0
FNDA:0,(anonymous_4)
FNDA:0,(anonymous_5)
FNDA:0,(anonymous_6)
DA:1,0
DA:11,0
DA:12,0
DA:13,0
DA:14,0
DA:20,0
DA:21,0
DA:28,0
DA:33,0
DA:37,0
DA:38,0
LF:11
LH:0
BRDA:30,0,0,0
BRDA:30,0,1,0
BRDA:30,1,0,0
BRDA:30,1,1,0
BRDA:30,1,2,0
BRDA:21,2,0,0
BRDA:21,2,1,0
BRDA:21,3,0,0
BRDA:21,3,1,0
BRF:9
BRH:0
end_of_record
TN:
SF:src/receipts/receipts.module.ts
FNF:0
FNH:0
DA:1,0
DA:2,0
DA:3,0
DA:4,0
DA:5,0
DA:13,0
LF:6
LH:0
BRF:0
BRH:0
end_of_record
TN:
SF:src/receipts/receipts.service.ts
FN:14,(anonymous_4)
FN:33,(anonymous_5)
FN:60,(anonymous_6)
FN:64,(anonymous_7)
FN:71,(anonymous_8)
FNF:5
FNH:2
FNDA:2,(anonymous_4)
FNDA:0,(anonymous_5)
FNDA:1,(anonymous_6)
FNDA:0,(anonymous_7)
FNDA:0,(anonymous_8)
DA:1,1
DA:2,1
DA:3,1
DA:4,1
DA:5,1
DA:6,1
DA:9,1
DA:15,2
DA:16,2
DA:18,2
DA:29,2
DA:30,2
DA:38,0
DA:40,0
DA:50,0
DA:51,0
DA:57,0
DA:61,1
DA:65,0
DA:72,0
LF:20
LH:13
BRDA:15,0,0,1
BRDA:15,0,1,0
BRDA:15,1,0,1
BRDA:15,1,1,1
BRDA:15,2,0,1
BRDA:15,2,1,0
BRDA:15,3,0,1
BRDA:15,3,1,1
BRF:8
BRH:6
end_of_record
TN:
SF:src/receipts/entities/receipt.entity.ts
FN:19,(anonymous_2)
FNF:1
FNH:0
FNDA:0,(anonymous_2)
DA:1,1
DA:9,1
DA:12,1
DA:14,1
DA:17,1
DA:19,0
DA:21,1
DA:24,1
DA:27,1
DA:30,1
DA:33,1
DA:36,1
DA:39,1
DA:42,1
LF:14
LH:13
BRDA:21,0,0,1
BRDA:21,0,1,0
BRDA:21,1,0,1
BRDA:21,1,1,1
BRDA:39,2,0,1
BRDA:39,2,1,0
BRDA:39,3,0,1
BRDA:39,3,1,1
BRDA:42,4,0,1
BRDA:42,4,1,0
BRDA:42,5,0,1
BRDA:42,5,1,1
BRF:12
BRH:9
end_of_record
TN:
SF:src/reminders/monthly-report.service.ts
FN:13,(anonymous_4)
FN:23,(anonymous_5)
FN:43,(anonymous_6)
FN:49,(anonymous_7)
FN:58,(anonymous_8)
FN:60,(anonymous_9)
FN:85,(anonymous_10)
FN:93,(anonymous_11)
FN:98,(anonymous_12)
FNF:9
FNH:0
FNDA:0,(anonymous_4)
FNDA:0,(anonymous_5)
FNDA:0,(anonymous_6)
FNDA:0,(anonymous_7)
FNDA:0,(anonymous_8)
FNDA:0,(anonymous_9)
FNDA:0,(anonymous_10)
FNDA:0,(anonymous_11)
FNDA:0,(anonymous_12)
DA:1,0
DA:2,0
DA:3,0
DA:4,0
DA:5,0
DA:6,0
DA:7,0
DA:10,0
DA:11,0
DA:15,0
DA:17,0
DA:18,0
DA:23,0
DA:24,0
DA:26,0
DA:27,0
DA:28,0
DA:29,0
DA:31,0
DA:32,0
DA:34,0
DA:35,0
DA:37,0
DA:38,0
DA:42,0
DA:43,0
DA:46,0
DA:49,0
DA:50,0
DA:51,0
DA:52,0
DA:53,0
DA:54,0
DA:55,0
DA:58,0
DA:59,0
DA:60,0
DA:62,0
DA:71,0
DA:76,0
DA:78,0
DA:82,0
DA:93,0
DA:94,0
DA:96,0
DA:98,0
DA:106,0
LF:47
LH:0
BRDA:35,0,0,0
BRDA:35,0,1,0
BRDA:43,1,0,0
BRDA:43,1,1,0
BRDA:46,2,0,0
BRDA:46,2,1,0
BRDA:50,3,0,0
BRDA:50,3,1,0
BRDA:52,4,0,0
BRDA:52,4,1,0
BRDA:53,5,0,0
BRDA:53,5,1,0
BRDA:54,6,0,0
BRDA:54,6,1,0
BRDA:59,7,0,0
BRDA:59,7,1,0
BRDA:63,8,0,0
BRDA:63,8,1,0
BRDA:15,9,0,0
BRDA:15,9,1,0
BRDA:15,10,0,0
BRDA:15,10,1,0
BRDA:15,11,0,0
BRDA:15,11,1,0
BRDA:15,12,0,0
BRDA:15,12,1,0
BRDA:17,13,0,0
BRDA:17,13,1,0
BRDA:17,14,0,0
BRDA:17,14,1,0
BRF:30
BRH:0
end_of_record
TN:
SF:src/reminders/reminders.module.ts
FNF:0
FNH:0
DA:1,0
DA:2,0
DA:3,0
DA:4,0
DA:5,0
DA:6,0
DA:7,0
DA:8,0
DA:18,0
LF:9
LH:0
BRF:0
BRH:0
end_of_record
TN:
SF:src/reminders/reminders.service.ts
FN:13,(anonymous_4)
FN:22,(anonymous_5)
FN:99,(anonymous_6)
FNF:3
FNH:0
FNDA:0,(anonymous_4)
FNDA:0,(anonymous_5)
FNDA:0,(anonymous_6)
DA:1,0
DA:2,0
DA:3,0
DA:4,0
DA:5,0
DA:6,0
DA:7,0
DA:10,0
DA:11,0
DA:15,0
DA:17,0
DA:18,0
DA:22,0
DA:23,0
DA:25,0
DA:26,0
DA:28,0
DA:29,0
DA:31,0
DA:32,0
DA:34,0
DA:47,0
DA:49,0
DA:50,0
DA:52,0
DA:53,0
DA:54,0
DA:55,0
DA:57,0
DA:58,0
DA:59,0
DA:60,0
DA:63,0
DA:64,0
DA:65,0
DA:77,0
DA:78,0
DA:79,0
DA:80,0
DA:87,0
DA:89,0
DA:90,0
DA:94,0
DA:99,0
DA:100,0
DA:108,0
DA:109,0
DA:110,0
DA:112,0
DA:113,0
LF:50
LH:0
BRDA:55,0,0,0
BRDA:55,0,1,0
BRDA:64,1,0,0
BRDA:64,1,1,0
BRDA:77,2,0,0
BRDA:77,2,1,0
BRDA:78,3,0,0
BRDA:78,3,1,0
BRDA:112,4,0,0
BRDA:112,4,1,0
BRDA:15,5,0,0
BRDA:15,5,1,0
BRDA:15,6,0,0
BRDA:15,6,1,0
BRDA:15,7,0,0
BRDA:15,7,1,0
BRDA:15,8,0,0
BRDA:15,8,1,0
BRDA:17,9,0,0
BRDA:17,9,1,0
BRDA:17,10,0,0
BRDA:17,10,1,0
BRF:22
BRH:0
end_of_record
TN:
SF:src/reports/reports.controller.ts
FN:38,(anonymous_4)
FN:41,(anonymous_5)
FN:48,(anonymous_6)
FN:53,(anonymous_7)
FN:55,(anonymous_8)
FN:61,(anonymous_9)
FNF:6
FNH:0
FNDA:0,(anonymous_4)
FNDA:0,(anonymous_5)
FNDA:0,(anonymous_6)
FNDA:0,(anonymous_7)
FNDA:0,(anonymous_8)
FNDA:0,(anonymous_9)
DA:1,0
DA:13,0
DA:14,0
DA:15,0
DA:16,0
DA:17,0
DA:18,0
DA:22,0
DA:24,0
DA:25,0
DA:27,0
DA:28,0
DA:30,0
DA:37,0
DA:38,0
DA:41,0
DA:42,0
DA:43,0
DA:44,0
DA:48,0
DA:49,0
DA:53,0
DA:54,0
DA:55,0
DA:56,0
DA:57,0
DA:61,0
DA:66,0
DA:67,0
DA:72,0
LF:30
LH:0
BRDA:28,0,0,0
BRDA:28,0,1,0
BRDA:28,1,0,0
BRDA:28,1,1,0
BRDA:42,2,0,0
BRDA:42,2,1,0
BRDA:42,2,2,0
BRDA:43,3,0,0
BRDA:43,3,1,0
BRDA:43,3,2,0
BRDA:56,4,0,0
BRDA:56,4,1,0
BRDA:38,5,0,0
BRDA:38,5,1,0
BRDA:38,6,0,0
BRDA:38,6,1,0
BRF:16
BRH:0
end_of_record
TN:
SF:src/reports/reports.module.ts
FNF:0
FNH:0
DA:1,0
DA:2,0
DA:3,0
DA:4,0
DA:5,0
DA:6,0
DA:7,0
DA:14,0
LF:8
LH:0
BRF:0
BRH:0
end_of_record
TN:
SF:src/reports/reports.service.ts
FN:16,(anonymous_4)
FN:24,(anonymous_5)
FN:40,(anonymous_6)
FN:47,(anonymous_7)
FN:54,(anonymous_8)
FN:57,(anonymous_9)
FN:70,(anonymous_10)
FN:74,(anonymous_11)
FN:75,(anonymous_12)
FN:105,(anonymous_13)
FN:106,(anonymous_14)
FN:116,(anonymous_15)
FN:121,(anonymous_16)
FN:126,(anonymous_17)
FN:134,(anonymous_18)
FN:150,(anonymous_19)
FN:170,(anonymous_20)
FN:181,(anonymous_21)
FN:193,(anonymous_22)
FN:201,(anonymous_23)
FN:202,(anonymous_24)
FNF:21
FNH:3
FNDA:5,(anonymous_4)
FNDA:0,(anonymous_5)
FNDA:3,(anonymous_6)
FNDA:1,(anonymous_7)
FNDA:0,(anonymous_8)
FNDA:0,(anonymous_9)
FNDA:0,(anonymous_10)
FNDA:0,(anonymous_11)
FNDA:0,(anonymous_12)
FNDA:0,(anonymous_13)
FNDA:0,(anonymous_14)
FNDA:0,(anonymous_15)
FNDA:0,(anonymous_16)
FNDA:0,(anonymous_17)
FNDA:0,(anonymous_18)
FNDA:0,(anonymous_19)
FNDA:0,(anonymous_20)
FNDA:0,(anonymous_21)
FNDA:0,(anonymous_22)
FNDA:0,(anonymous_23)
FNDA:0,(anonymous_24)
DA:1,1
DA:6,1
DA:7,1
DA:9,1
DA:10,1
DA:11,1
DA:12,1
DA:15,1
DA:17,5
DA:19,5
DA:21,5
DA:30,0
DA:37,0
DA:41,3
DA:42,3
DA:43,2
DA:44,1
DA:48,1
DA:55,0
DA:56,0
DA:57,0
DA:59,0
DA:70,0
DA:71,0
DA:72,0
DA:74,0
DA:75,0
DA:76,0
DA:79,0
DA:83,0
DA:87,0
DA:88,0
DA:91,0
DA:93,0
DA:94,0
DA:95,0
DA:96,0
DA:97,0
DA:98,0
DA:101,0
DA:106,0
DA:107,0
DA:108,0
DA:109,0
DA:110,0
DA:111,0
DA:112,0
DA:115,0
DA:116,0
DA:117,0
DA:119,0
DA:120,0
DA:121,0
DA:122,0
DA:131,0
DA:132,0
DA:134,0
DA:135,0
DA:136,0
DA:140,0
DA:141,0
DA:144,0
DA:145,0
DA:146,0
DA:155,0
DA:156,0
DA:159,0
DA:160,0
DA:169,0
DA:170,0
DA:171,0
DA:173,0
DA:175,0
DA:176,0
DA:177,0
DA:180,0
DA:181,0
DA:182,0
DA:183,0
DA:184,0
DA:193,0
DA:194,0
DA:196,0
DA:199,0
DA:200,0
DA:201,0
DA:202,0
DA:203,0
DA:204,0
LF:89
LH:16
BRDA:42,0,0,1
BRDA:42,0,1,2
BRDA:43,1,0,1
BRDA:43,1,1,1
BRDA:93,2,0,0
BRDA:93,2,1,0
BRDA:95,3,0,0
BRDA:95,3,1,0
BRDA:97,4,0,0
BRDA:97,4,1,0
BRDA:117,5,0,0
BRDA:117,5,1,0
BRDA:135,6,0,0
BRDA:135,6,1,0
BRDA:145,7,0,0
BRDA:145,7,1,0
BRDA:182,8,0,0
BRDA:182,8,1,0
BRDA:189,9,0,0
BRDA:189,9,1,0
BRDA:191,10,0,0
BRDA:191,10,1,0
BRDA:17,11,0,1
BRDA:17,11,1,0
BRDA:17,12,0,1
BRDA:17,12,1,1
BRDA:17,13,0,1
BRDA:17,13,1,0
BRDA:17,14,0,1
BRDA:17,14,1,1
BRDA:19,15,0,1
BRDA:19,15,1,0
BRDA:19,16,0,1
BRDA:19,16,1,1
BRF:34
BRH:13
end_of_record
TN:
SF:src/reports/dto/generate-report.dto.ts
FNF:0
FNH:0
DA:1,0
DA:2,0
DA:3,0
DA:5,0
DA:8,0
DA:12,0
DA:16,0
LF:7
LH:0
BRDA:16,0,0,0
BRDA:16,0,1,0
BRDA:16,1,0,0
BRDA:16,1,1,0
BRF:4
BRH:0
end_of_record
TN:
SF:src/reports/entities/report.entity.ts
FN:11,(anonymous_2)
FN:18,(anonymous_3)
FN:33,(anonymous_4)
FNF:3
FNH:2
FNDA:1,(anonymous_2)
FNDA:1,(anonymous_3)
FNDA:0,(anonymous_4)
DA:1,1
DA:9,1
DA:11,1
DA:12,1
DA:13,1
DA:14,1
DA:15,1
DA:18,1
DA:19,1
DA:20,1
DA:21,1
DA:22,1
DA:26,1
DA:28,1
DA:31,1
DA:33,0
DA:35,1
DA:38,1
DA:41,1
DA:44,1
DA:47,1
DA:50,1
DA:53,1
LF:23
LH:22
BRDA:11,0,0,1
BRDA:11,0,1,1
BRDA:18,1,0,1
BRDA:18,1,1,1
BRDA:35,2,0,1
BRDA:35,2,1,0
BRDA:35,3,0,1
BRDA:35,3,1,1
BRDA:53,4,0,1
BRDA:53,4,1,0
BRDA:53,5,0,1
BRDA:53,5,1,1
BRF:12
BRH:10
end_of_record
TN:
SF:src/storage/storage.module.ts
FNF:0
FNH:0
DA:1,0
DA:2,0
DA:8,0
LF:3
LH:0
BRF:0
BRH:0
end_of_record
TN:
SF:src/storage/storage.service.ts
FN:17,(anonymous_2)
FN:37,(anonymous_3)
FN:58,(anonymous_4)
FN:63,(anonymous_5)
FNF:4
FNH:0
FNDA:0,(anonymous_2)
FNDA:0,(anonymous_3)
FNDA:0,(anonymous_4)
FNDA:0,(anonymous_5)
DA:1,0
DA:2,0
DA:3,0
DA:9,0
DA:12,0
DA:17,0
DA:18,0
DA:22,0
DA:23,0
DA:26,0
DA:43,0
DA:45,0
DA:55,0
DA:59,0
DA:60,0
DA:64,0
LF:16
LH:0
BRDA:24,0,0,0
BRDA:24,0,1,0
BRDA:41,1,0,0
BRDA:51,2,0,0
BRDA:51,2,1,0
BRDA:55,3,0,0
BRDA:55,3,1,0
BRDA:58,4,0,0
BRDA:17,5,0,0
BRDA:17,5,1,0
BRDA:17,6,0,0
BRDA:17,6,1,0
BRF:12
BRH:0
end_of_record
TN:
SF:src/subscriptions/email-import.controller.ts
FN:21,(anonymous_4)
FN:35,(anonymous_5)
FN:45,(anonymous_6)
FN:58,(anonymous_7)
FN:82,(anonymous_8)
FN:110,(anonymous_9)
FNF:6
FNH:0
FNDA:0,(anonymous_4)
FNDA:0,(anonymous_5)
FNDA:0,(anonymous_6)
FNDA:0,(anonymous_7)
FNDA:0,(anonymous_8)
FNDA:0,(anonymous_9)
DA:1,0
DA:2,0
DA:3,0
DA:4,0
DA:5,0
DA:6,0
DA:18,0
DA:19,0
DA:22,0
DA:23,0
DA:24,0
DA:35,0
DA:36,0
DA:38,0
DA:39,0
DA:40,0
DA:41,0
DA:44,0
DA:45,0
DA:46,0
DA:47,0
DA:48,0
DA:51,0
DA:52,0
DA:53,0
DA:56,0
DA:57,0
DA:58,0
DA:60,0
DA:61,0
DA:62,0
DA:67,0
DA:68,0
DA:70,0
DA:71,0
DA:74,0
DA:75,0
DA:76,0
DA:80,0
DA:81,0
DA:82,0
DA:85,0
DA:86,0
DA:87,0
DA:90,0
DA:100,0
DA:101,0
DA:110,0
DA:111,0
LF:49
LH:0
BRDA:36,0,0,0
BRDA:36,0,1,0
BRDA:39,1,0,0
BRDA:39,1,1,0
BRDA:46,2,0,0
BRDA:46,2,1,0
BRDA:51,3,0,0
BRDA:51,3,1,0
BRDA:51,3,2,0
BRDA:52,4,0,0
BRDA:52,4,1,0
BRDA:60,5,0,0
BRDA:60,5,1,0
BRDA:74,6,0,0
BRDA:74,6,1,0
BRDA:74,7,0,0
BRDA:74,7,1,0
BRDA:85,8,0,0
BRDA:85,8,1,0
BRDA:93,9,0,0
BRDA:93,9,1,0
BRDA:94,10,0,0
BRDA:94,10,1,0
BRDA:95,11,0,0
BRDA:95,11,1,0
BRDA:22,12,0,0
BRDA:22,12,1,0
BRDA:22,13,0,0
BRDA:22,13,1,0
BRDA:22,14,0,0
BRDA:22,14,1,0
BRDA:22,15,0,0
BRDA:22,15,1,0
BRDA:23,16,0,0
BRDA:23,16,1,0
BRDA:23,17,0,0
BRDA:23,17,1,0
BRF:37
BRH:0
end_of_record
TN:
SF:src/subscriptions/subscriptions.controller.ts
FN:29,(anonymous_4)
FN:36,(anonymous_5)
FN:41,(anonymous_6)
FN:65,(anonymous_7)
FN:70,(anonymous_8)
FN:75,(anonymous_9)
FN:80,(anonymous_10)
FN:90,(anonymous_11)
FN:99,(anonymous_12)
FN:105,(anonymous_13)
FN:111,(anonymous_14)
FN:117,(anonymous_15)
FN:123,(anonymous_16)
FN:130,(anonymous_17)
FN:136,(anonymous_18)
FN:145,(anonymous_19)
FNF:16
FNH:0
FNDA:0,(anonymous_4)
FNDA:0,(anonymous_5)
FNDA:0,(anonymous_6)
FNDA:0,(anonymous_7)
FNDA:0,(anonymous_8)
FNDA:0,(anonymous_9)
FNDA:0,(anonymous_10)
FNDA:0,(anonymous_11)
FNDA:0,(anonymous_12)
FNDA:0,(anonymous_13)
FNDA:0,(anonymous_14)
FNDA:0,(anonymous_15)
FNDA:0,(anonymous_16)
FNDA:0,(anonymous_17)
FNDA:0,(anonymous_18)
FNDA:0,(anonymous_19)
DA:1,0
DA:15,0
DA:16,0
DA:17,0
DA:18,0
DA:19,0
DA:20,0
DA:21,0
DA:22,0
DA:28,0
DA:30,0
DA:31,0
DA:36,0
DA:37,0
DA:41,0
DA:42,0
DA:43,0
DA:44,0
DA:46,0
DA:48,0
DA:65,0
DA:66,0
DA:70,0
DA:71,0
DA:75,0
DA:76,0
DA:80,0
DA:85,0
DA:90,0
DA:95,0
DA:99,0
DA:100,0
DA:105,0
DA:106,0
DA:111,0
DA:112,0
DA:117,0
DA:118,0
DA:123,0
DA:124,0
DA:130,0
DA:131,0
DA:136,0
DA:141,0
DA:145,0
DA:150,0
LF:46
LH:0
BRDA:43,0,0,0
BRDA:43,0,1,0
BRDA:44,1,0,0
BRDA:44,1,1,0
BRDA:52,2,0,0
BRDA:52,2,1,0
BRDA:54,3,0,0
BRDA:54,3,1,0
BRDA:58,4,0,0
BRDA:58,4,1,0
BRDA:65,5,0,0
BRDA:65,5,1,0
BRDA:65,6,0,0
BRDA:65,6,1,0
BRDA:83,7,0,0
BRDA:83,7,1,0
BRDA:83,8,0,0
BRDA:83,8,1,0
BRDA:93,9,0,0
BRDA:93,9,1,0
BRDA:93,10,0,0
BRDA:93,10,1,0
BRDA:139,11,0,0
BRDA:139,11,1,0
BRDA:139,12,0,0
BRDA:139,12,1,0
BRDA:139,12,2,0
BRDA:30,13,0,0
BRDA:30,13,1,0
BRDA:30,14,0,0
BRDA:30,14,1,0
BRDA:30,15,0,0
BRDA:30,15,1,0
BRDA:30,16,0,0
BRDA:30,16,1,0
BRF:35
BRH:0
end_of_record
TN:
SF:src/subscriptions/subscriptions.module.ts
FNF:0
FNH:0
DA:1,0
DA:2,0
DA:3,0
DA:4,0
DA:5,0
DA:6,0
DA:7,0
DA:8,0
DA:9,0
DA:10,0
DA:11,0
DA:12,0
DA:13,0
DA:27,0
LF:14
LH:0
BRF:0
BRH:0
end_of_record
TN:
SF:src/subscriptions/subscriptions.service.ts
FN:20,computeNextPaymentDate
FN:58,(anonymous_5)
FN:64,(anonymous_6)
FN:68,(anonymous_7)
FN:102,(anonymous_8)
FN:111,(anonymous_9)
FN:119,(anonymous_10)
FN:129,(anonymous_11)
FN:148,(anonymous_12)
FN:153,(anonymous_13)
FN:166,(anonymous_14)
FN:170,(anonymous_15)
FN:206,(anonymous_16)
FNF:13
FNH:0
FNDA:0,computeNextPaymentDate
FNDA:0,(anonymous_5)
FNDA:0,(anonymous_6)
FNDA:0,(anonymous_7)
FNDA:0,(anonymous_8)
FNDA:0,(anonymous_9)
FNDA:0,(anonymous_10)
FNDA:0,(anonymous_11)
FNDA:0,(anonymous_12)
FNDA:0,(anonymous_13)
FNDA:0,(anonymous_14)
FNDA:0,(anonymous_15)
FNDA:0,(anonymous_16)
DA:1,0
DA:8,0
DA:9,0
DA:10,0
DA:11,0
DA:17,0
DA:18,0
DA:24,0
DA:28,0
DA:31,0
DA:32,0
DA:34,0
DA:35,0
DA:37,0
DA:38,0
DA:40,0
DA:41,0
DA:43,0
DA:44,0
DA:46,0
DA:47,0
DA:51,0
DA:55,0
DA:56,0
DA:60,0
DA:61,0
DA:65,0
DA:72,0
DA:73,0
DA:75,0
DA:76,0
DA:82,0
DA:83,0
DA:89,0
DA:91,0
DA:92,0
DA:96,0
DA:99,0
DA:103,0
DA:112,0
DA:120,0
DA:124,0
DA:125,0
DA:126,0
DA:134,0
DA:135,0
DA:137,0
DA:138,0
DA:139,0
DA:140,0
DA:141,0
DA:145,0
DA:149,0
DA:150,0
DA:158,0
DA:159,0
DA:160,0
DA:161,0
DA:163,0
DA:167,0
DA:171,0
DA:173,0
DA:186,0
DA:187,0
DA:188,0
DA:190,0
DA:194,0
DA:195,0
DA:196,0
DA:197,0
DA:201,0
DA:202,0
DA:206,0
DA:207,0
DA:208,0
LF:75
LH:0
BRDA:24,0,0,0
BRDA:24,0,1,0
BRDA:25,1,0,0
BRDA:25,1,1,0
BRDA:35,2,0,0
BRDA:35,2,1,0
BRDA:35,2,2,0
BRDA:35,2,3,0
BRDA:73,3,0,0
BRDA:73,3,1,0
BRDA:75,4,0,0
BRDA:75,4,1,0
BRDA:82,5,0,0
BRDA:82,5,1,0
BRDA:91,6,0,0
BRDA:91,6,1,0
BRDA:91,7,0,0
BRDA:91,7,1,0
BRDA:124,8,0,0
BRDA:124,8,1,0
BRDA:125,9,0,0
BRDA:125,9,1,0
BRDA:137,10,0,0
BRDA:137,10,1,0
BRDA:137,11,0,0
BRDA:137,11,1,0
BRDA:138,12,0,0
BRDA:138,12,1,0
BRDA:139,13,0,0
BRDA:139,13,1,0
BRDA:139,14,0,0
BRDA:139,14,1,0
BRDA:160,15,0,0
BRDA:160,15,1,0
BRDA:188,16,0,0
BRDA:188,16,1,0
BRDA:188,17,0,0
BRDA:188,17,1,0
BRDA:194,18,0,0
BRDA:194,18,1,0
BRDA:194,19,0,0
BRDA:194,19,1,0
BRDA:194,19,2,0
BRDA:206,20,0,0
BRDA:206,20,1,0
BRDA:206,21,0,0
BRDA:206,21,1,0
BRDA:60,22,0,0
BRDA:60,22,1,0
BRDA:60,23,0,0
BRDA:60,23,1,0
BRDA:60,24,0,0
BRDA:60,24,1,0
BRDA:60,25,0,0
BRDA:60,25,1,0
BRF:55
BRH:0
end_of_record
TN:
SF:src/subscriptions/trial-checker.cron.ts
FN:13,(anonymous_4)
FN:22,(anonymous_5)
FNF:2
FNH:0
FNDA:0,(anonymous_4)
FNDA:0,(anonymous_5)
DA:1,0
DA:2,0
DA:3,0
DA:4,0
DA:5,0
DA:6,0
DA:7,0
DA:10,0
DA:11,0
DA:15,0
DA:17,0
DA:18,0
DA:22,0
DA:23,0
DA:25,0
DA:29,0
DA:31,0
DA:32,0
DA:34,0
DA:38,0
DA:40,0
DA:42,0
DA:44,0
DA:45,0
DA:46,0
DA:48,0
DA:50,0
DA:54,0
DA:55,0
DA:63,0
DA:75,0
DA:79,0
DA:85,0
LF:33
LH:0
BRDA:32,0,0,0
BRDA:32,0,1,0
BRDA:38,1,0,0
BRDA:38,1,1,0
BRDA:40,2,0,0
BRDA:40,2,1,0
BRDA:42,3,0,0
BRDA:42,3,1,0
BRDA:46,4,0,0
BRDA:46,4,1,0
BRDA:50,5,0,0
BRDA:50,5,1,0
BRDA:54,6,0,0
BRDA:54,6,1,0
BRDA:70,7,0,0
BRDA:70,7,1,0
BRDA:15,8,0,0
BRDA:15,8,1,0
BRDA:15,9,0,0
BRDA:15,9,1,0
BRDA:15,10,0,0
BRDA:15,10,1,0
BRDA:15,11,0,0
BRDA:15,11,1,0
BRDA:17,12,0,0
BRDA:17,12,1,0
BRDA:17,13,0,0
BRDA:17,13,1,0
BRF:28
BRH:0
end_of_record
TN:
SF:src/subscriptions/dto/create-subscription.dto.ts
FNF:0
FNH:0
DA:1,0
DA:10,0
DA:11,0
DA:18,0
DA:19,0
DA:23,0
DA:24,0
DA:25,0
DA:29,0
DA:30,0
DA:31,0
DA:32,0
DA:33,0
DA:37,0
DA:38,0
DA:39,0
DA:40,0
DA:41,0
DA:42,0
DA:43,0
DA:44,0
DA:45,0
DA:46,0
DA:47,0
DA:51,0
DA:52,0
DA:53,0
LF:27
LH:0
BRDA:23,0,0,0
BRDA:23,0,1,0
BRDA:23,1,0,0
BRDA:23,1,1,0
BRDA:29,2,0,0
BRDA:29,2,1,0
BRDA:29,3,0,0
BRDA:29,3,1,0
BRDA:37,4,0,0
BRDA:37,4,1,0
BRDA:37,5,0,0
BRDA:37,5,1,0
BRDA:51,6,0,0
BRDA:51,6,1,0
BRDA:51,7,0,0
BRDA:51,7,1,0
BRF:16
BRH:0
end_of_record
TN:
SF:src/subscriptions/dto/filter-subscriptions.dto.ts
FNF:0
FNH:0
DA:1,0
DA:2,0
DA:3,0
DA:8,0
DA:12,0
DA:17,0
DA:22,0
LF:7
LH:0
BRDA:12,0,0,0
BRDA:12,0,1,0
BRDA:12,1,0,0
BRDA:12,1,1,0
BRDA:17,2,0,0
BRDA:17,2,1,0
BRDA:17,3,0,0
BRDA:17,3,1,0
BRF:8
BRH:0
end_of_record
TN:
SF:src/subscriptions/dto/update-subscription.dto.ts
FNF:0
FNH:0
DA:1,0
DA:2,0
DA:4,0
LF:3
LH:0
BRF:0
BRH:0
end_of_record
TN:
SF:src/subscriptions/entities/subscription.entity.ts
FN:13,(anonymous_2)
FN:25,(anonymous_3)
FN:34,(anonymous_4)
FN:41,(anonymous_5)
FN:56,(anonymous_6)
FN:56,(anonymous_7)
FN:143,(anonymous_8)
FNF:7
FNH:4
FNDA:2,(anonymous_2)
FNDA:2,(anonymous_3)
FNDA:2,(anonymous_4)
FNDA:2,(anonymous_5)
FNDA:0,(anonymous_6)
FNDA:0,(anonymous_7)
FNDA:0,(anonymous_8)
DA:1,2
DA:10,2
DA:11,2
DA:13,2
DA:14,2
DA:15,2
DA:16,2
DA:17,2
DA:18,2
DA:19,2
DA:20,2
DA:21,2
DA:22,2
DA:25,2
DA:26,2
DA:27,2
DA:28,2
DA:29,2
DA:30,2
DA:31,2
DA:34,2
DA:35,2
DA:36,2
DA:37,2
DA:38,2
DA:41,2
DA:42,2
DA:43,2
DA:44,2
DA:45,2
DA:49,2
DA:51,2
DA:54,2
DA:56,0
DA:58,2
DA:61,2
DA:68,2
DA:71,2
DA:74,2
DA:77,2
DA:80,2
DA:83,2
DA:86,2
DA:89,2
DA:92,2
DA:99,2
DA:102,2
DA:105,2
DA:108,2
DA:111,2
DA:114,2
DA:117,2
DA:120,2
DA:123,2
DA:126,2
DA:129,2
DA:132,2
DA:135,2
DA:138,2
DA:141,2
DA:143,0
DA:145,2
DA:148,2
DA:151,2
LF:64
LH:62
BRDA:13,0,0,2
BRDA:13,0,1,2
BRDA:25,1,0,2
BRDA:25,1,1,2
BRDA:34,2,0,2
BRDA:34,2,1,2
BRDA:41,3,0,2
BRDA:41,3,1,2
BRDA:58,4,0,0
BRDA:58,4,1,2
BRDA:58,5,0,2
BRDA:58,5,1,0
BRDA:83,6,0,2
BRDA:83,6,1,0
BRDA:83,7,0,2
BRDA:83,7,1,2
BRDA:86,8,0,2
BRDA:86,8,1,0
BRDA:86,9,0,2
BRDA:86,9,1,2
BRDA:102,10,0,2
BRDA:102,10,1,0
BRDA:102,11,0,2
BRDA:102,11,1,2
BRDA:105,12,0,2
BRDA:105,12,1,0
BRDA:105,13,0,2
BRDA:105,13,1,2
BRDA:145,14,0,2
BRDA:145,14,1,0
BRDA:145,15,0,2
BRDA:145,15,1,2
BRDA:148,16,0,2
BRDA:148,16,1,0
BRDA:148,17,0,2
BRDA:148,17,1,2
BRDA:151,18,0,2
BRDA:151,18,1,0
BRDA:151,19,0,2
BRDA:151,19,1,2
BRF:40
BRH:31
end_of_record
TN:
SF:src/subscriptions/guards/subscription-limit.guard.ts
FN:23,(anonymous_4)
FN:28,(anonymous_5)
FNF:2
FNH:0
FNDA:0,(anonymous_4)
FNDA:0,(anonymous_5)
DA:1,0
DA:7,0
DA:8,0
DA:9,0
DA:13,0
DA:15,0
DA:22,0
DA:25,0
DA:29,0
DA:30,0
DA:32,0
DA:34,0
DA:35,0
DA:38,0
DA:40,0
DA:47,0
DA:48,0
DA:58,0
LF:18
LH:0
BRDA:32,0,0,0
BRDA:32,0,1,0
BRDA:34,1,0,0
BRDA:34,1,1,0
BRDA:35,2,0,0
BRDA:35,2,1,0
BRDA:38,3,0,0
BRDA:38,3,1,0
BRDA:47,4,0,0
BRDA:47,4,1,0
BRDA:25,5,0,0
BRDA:25,5,1,0
BRDA:25,6,0,0
BRDA:25,6,1,0
BRF:14
BRH:0
end_of_record
TN:
SF:src/users/users.controller.ts
FN:18,(anonymous_4)
FN:21,(anonymous_5)
FN:26,(anonymous_6)
FN:35,(anonymous_7)
FNF:4
FNH:0
FNDA:0,(anonymous_4)
FNDA:0,(anonymous_5)
FNDA:0,(anonymous_6)
FNDA:0,(anonymous_7)
DA:1,0
DA:9,0
DA:10,0
DA:11,0
DA:17,0
DA:18,0
DA:21,0
DA:22,0
DA:26,0
DA:31,0
DA:35,0
DA:47,0
LF:12
LH:0
BRDA:29,0,0,0
BRDA:29,0,1,0
BRDA:29,1,0,0
BRDA:29,1,1,0
BRDA:38,2,0,0
BRDA:38,2,1,0
BRDA:38,3,0,0
BRDA:38,3,1,0
BRDA:18,4,0,0
BRDA:18,4,1,0
BRDA:18,5,0,0
BRDA:18,5,1,0
BRF:12
BRH:0
end_of_record
TN:
SF:src/users/users.module.ts
FNF:0
FNH:0
DA:1,0
DA:2,0
DA:3,0
DA:4,0
DA:5,0
DA:13,0
LF:6
LH:0
BRF:0
BRH:0
end_of_record
TN:
SF:src/users/users.service.ts
FN:8,(anonymous_4)
FN:12,(anonymous_5)
FN:18,(anonymous_6)
FN:22,(anonymous_7)
FN:30,(anonymous_8)
FN:43,(anonymous_9)
FN:62,(anonymous_10)
FN:66,(anonymous_11)
FN:70,(anonymous_12)
FNF:9
FNH:0
FNDA:0,(anonymous_4)
FNDA:0,(anonymous_5)
FNDA:0,(anonymous_6)
FNDA:0,(anonymous_7)
FNDA:0,(anonymous_8)
FNDA:0,(anonymous_9)
FNDA:0,(anonymous_10)
FNDA:0,(anonymous_11)
FNDA:0,(anonymous_12)
DA:1,0
DA:2,0
DA:3,0
DA:4,0
DA:7,0
DA:9,0
DA:13,0
DA:14,0
DA:15,0
DA:19,0
DA:23,0
DA:32,0
DA:33,0
DA:40,0
DA:45,0
DA:52,0
DA:53,0
DA:54,0
DA:56,0
DA:57,0
DA:59,0
DA:63,0
DA:67,0
DA:81,0
DA:82,0
DA:83,0
DA:84,0
DA:85,0
DA:86,0
DA:87,0
DA:88,0
DA:90,0
DA:91,0
DA:93,0
LF:34
LH:0
BRDA:14,0,0,0
BRDA:14,0,1,0
BRDA:54,1,0,0
BRDA:54,1,1,0
BRDA:56,2,0,0
BRDA:56,2,1,0
BRDA:67,3,0,0
BRDA:67,3,1,0
BRDA:82,4,0,0
BRDA:82,4,1,0
BRDA:83,5,0,0
BRDA:83,5,1,0
BRDA:84,6,0,0
BRDA:84,6,1,0
BRDA:85,7,0,0
BRDA:85,7,1,0
BRDA:87,8,0,0
BRDA:87,8,1,0
BRDA:88,9,0,0
BRDA:88,9,1,0
BRDA:90,10,0,0
BRDA:90,10,1,0
BRDA:9,11,0,0
BRDA:9,11,1,0
BRDA:9,12,0,0
BRDA:9,12,1,0
BRF:26
BRH:0
end_of_record
TN:
SF:src/users/dto/update-user.dto.ts
FNF:0
FNH:0
DA:1,0
DA:2,0
DA:4,0
DA:8,0
DA:13,0
DA:18,0
DA:22,0
DA:27,0
DA:32,0
DA:37,0
DA:42,0
DA:47,0
LF:12
LH:0
BRF:0
BRH:0
end_of_record
TN:
SF:src/users/entities/user.entity.ts
FN:12,(anonymous_2)
FN:104,(anonymous_3)
FN:104,(anonymous_4)
FN:107,(anonymous_5)
FN:107,(anonymous_6)
FNF:5
FNH:1
FNDA:2,(anonymous_2)
FNDA:0,(anonymous_3)
FNDA:0,(anonymous_4)
FNDA:0,(anonymous_5)
FNDA:0,(anonymous_6)
DA:1,2
DA:9,2
DA:10,2
DA:12,2
DA:13,2
DA:14,2
DA:15,2
DA:19,2
DA:21,2
DA:24,2
DA:27,2
DA:30,2
DA:33,2
DA:36,2
DA:39,2
DA:42,2
DA:45,2
DA:48,2
DA:51,2
DA:54,2
DA:57,2
DA:60,2
DA:63,2
DA:66,2
DA:69,2
DA:72,2
DA:75,2
DA:78,2
DA:81,2
DA:84,2
DA:87,2
DA:90,2
DA:93,2
DA:96,2
DA:99,2
DA:102,2
DA:104,0
DA:105,2
DA:107,0
DA:108,2
DA:111,2
DA:114,2
LF:42
LH:40
BRDA:12,0,0,2
BRDA:12,0,1,2
BRDA:54,1,0,2
BRDA:54,1,1,0
BRDA:54,2,0,2
BRDA:54,2,1,2
BRDA:66,3,0,2
BRDA:66,3,1,0
BRDA:66,4,0,2
BRDA:66,4,1,2
BRDA:69,5,0,2
BRDA:69,5,1,0
BRDA:69,6,0,2
BRDA:69,6,1,2
BRDA:111,7,0,2
BRDA:111,7,1,0
BRDA:111,8,0,2
BRDA:111,8,1,2
BRDA:114,9,0,2
BRDA:114,9,1,0
BRDA:114,10,0,2
BRDA:114,10,1,2
BRF:22
BRH:17
end_of_record
TN:
SF:src/workspace/workspace.controller.ts
FN:22,(anonymous_4)
FN:25,(anonymous_5)
FN:30,(anonymous_6)
FN:35,(anonymous_7)
FN:42,(anonymous_8)
FN:47,(anonymous_9)
FN:56,(anonymous_10)
FNF:7
FNH:0
FNDA:0,(anonymous_4)
FNDA:0,(anonymous_5)
FNDA:0,(anonymous_6)
FNDA:0,(anonymous_7)
FNDA:0,(anonymous_8)
FNDA:0,(anonymous_9)
FNDA:0,(anonymous_10)
DA:1,0
DA:11,0
DA:12,0
DA:13,0
DA:14,0
DA:15,0
DA:21,0
DA:22,0
DA:25,0
DA:26,0
DA:30,0
DA:31,0
DA:35,0
DA:36,0
DA:38,0
DA:42,0
DA:43,0
DA:47,0
DA:52,0
DA:56,0
DA:61,0
LF:21
LH:0
BRDA:38,0,0,0
BRDA:38,0,1,0
BRDA:25,1,0,0
BRDA:25,1,1,0
BRDA:25,2,0,0
BRDA:25,2,1,0
BRDA:50,3,0,0
BRDA:50,3,1,0
BRDA:50,4,0,0
BRDA:50,4,1,0
BRDA:22,5,0,0
BRDA:22,5,1,0
BRDA:22,6,0,0
BRDA:22,6,1,0
BRF:14
BRH:0
end_of_record
TN:
SF:src/workspace/workspace.module.ts
FNF:0
FNH:0
DA:1,0
DA:2,0
DA:3,0
DA:4,0
DA:5,0
DA:6,0
DA:7,0
DA:15,0
LF:8
LH:0
BRF:0
BRH:0
end_of_record
TN:
SF:src/workspace/workspace.service.ts
FN:25,(anonymous_4)
FN:34,(anonymous_5)
FN:51,(anonymous_6)
FN:60,(anonymous_7)
FN:71,(anonymous_8)
FN:95,(anonymous_9)
FN:106,(anonymous_10)
FN:118,(anonymous_11)
FN:123,(anonymous_12)
FN:126,(anonymous_13)
FN:148,(anonymous_14)
FN:151,(anonymous_15)
FN:160,(anonymous_16)
FN:162,(anonymous_17)
FNF:14
FNH:0
FNDA:0,(anonymous_4)
FNDA:0,(anonymous_5)
FNDA:0,(anonymous_6)
FNDA:0,(anonymous_7)
FNDA:0,(anonymous_8)
FNDA:0,(anonymous_9)
FNDA:0,(anonymous_10)
FNDA:0,(anonymous_11)
FNDA:0,(anonymous_12)
FNDA:0,(anonymous_13)
FNDA:0,(anonymous_14)
FNDA:0,(anonymous_15)
FNDA:0,(anonymous_16)
FNDA:0,(anonymous_17)
DA:1,0
DA:7,0
DA:8,0
DA:9,0
DA:10,0
DA:17,0
DA:24,0
DA:27,0
DA:29,0
DA:31,0
DA:35,0
DA:36,0
DA:39,0
DA:45,0
DA:48,0
DA:52,0
DA:56,0
DA:57,0
DA:61,0
DA:64,0
DA:65,0
DA:76,0
DA:77,0
DA:78,0
DA:80,0
DA:83,0
DA:84,0
DA:86,0
DA:92,0
DA:100,0
DA:101,0
DA:102,0
DA:103,0
DA:107,0
DA:115,0
DA:119,0
DA:120,0
DA:122,0
DA:123,0
DA:126,0
DA:129,0
DA:138,0
DA:139,0
DA:140,0
DA:141,0
DA:142,0
DA:145,0
DA:146,0
DA:148,0
DA:149,0
DA:150,0
DA:151,0
DA:154,0
DA:156,0
DA:157,0
DA:159,0
DA:160,0
DA:162,0
DA:169,0
DA:181,0
LF:60
LH:0
BRDA:56,0,0,0
BRDA:56,0,1,0
BRDA:64,1,0,0
BRDA:64,1,1,0
BRDA:77,2,0,0
BRDA:77,2,1,0
BRDA:83,3,0,0
BRDA:83,3,1,0
BRDA:89,4,0,0
BRDA:89,4,1,0
BRDA:101,5,0,0
BRDA:101,5,1,0
BRDA:115,6,0,0
BRDA:115,6,1,0
BRDA:120,7,0,0
BRDA:120,7,1,0
BRDA:123,8,0,0
BRDA:123,8,1,0
BRDA:129,9,0,0
BRDA:129,9,1,0
BRDA:140,10,0,0
BRDA:140,10,1,0
BRDA:149,11,0,0
BRDA:149,11,1,0
BRDA:171,12,0,0
BRDA:171,12,1,0
BRDA:172,13,0,0
BRDA:172,13,1,0
BRDA:172,13,2,0
BRDA:27,14,0,0
BRDA:27,14,1,0
BRDA:27,15,0,0
BRDA:27,15,1,0
BRDA:27,16,0,0
BRDA:27,16,1,0
BRDA:27,17,0,0
BRDA:27,17,1,0
BRDA:29,18,0,0
BRDA:29,18,1,0
BRDA:29,19,0,0
BRDA:29,19,1,0
BRF:41
BRH:0
end_of_record
TN:
SF:src/workspace/dto/create-workspace.dto.ts
FNF:0
FNH:0
DA:1,0
DA:2,0
DA:4,0
DA:8,0
LF:4
LH:0
BRF:0
BRH:0
end_of_record
TN:
SF:src/workspace/dto/invite-member.dto.ts
FNF:0
FNH:0
DA:1,0
DA:2,0
DA:3,0
DA:5,0
DA:8,0
DA:13,0
LF:6
LH:0
BRDA:13,0,0,0
BRDA:13,0,1,0
BRDA:13,1,0,0
BRDA:13,1,1,0
BRF:4
BRH:0
end_of_record
TN:
SF:src/workspace/entities/workspace-member.entity.ts
FN:13,(anonymous_2)
FN:19,(anonymous_3)
FN:33,(anonymous_4)
FN:33,(anonymous_5)
FN:41,(anonymous_6)
FNF:5
FNH:0
FNDA:0,(anonymous_2)
FNDA:0,(anonymous_3)
FNDA:0,(anonymous_4)
FNDA:0,(anonymous_5)
FNDA:0,(anonymous_6)
DA:1,0
DA:10,0
DA:11,0
DA:13,0
DA:14,0
DA:15,0
DA:16,0
DA:19,0
DA:20,0
DA:21,0
DA:25,0
DA:27,0
DA:31,0
DA:33,0
DA:35,0
DA:39,0
DA:41,0
DA:43,0
DA:50,0
DA:53,0
DA:60,0
DA:63,0
LF:22
LH:0
BRDA:13,0,0,0
BRDA:13,0,1,0
BRDA:19,1,0,0
BRDA:19,1,1,0
BRDA:35,2,0,0
BRDA:35,2,1,0
BRDA:35,3,0,0
BRDA:35,3,1,0
BRDA:43,4,0,0
BRDA:43,4,1,0
BRDA:43,5,0,0
BRDA:43,5,1,0
BRDA:63,6,0,0
BRDA:63,6,1,0
BRDA:63,7,0,0
BRDA:63,7,1,0
BRF:16
BRH:0
end_of_record
TN:
SF:src/workspace/entities/workspace.entity.ts
FN:30,(anonymous_2)
FN:30,(anonymous_3)
FNF:2
FNH:0
FNDA:0,(anonymous_2)
FNDA:0,(anonymous_3)
DA:1,0
DA:8,0
DA:11,0
DA:13,0
DA:16,0
DA:19,0
DA:22,0
DA:25,0
DA:28,0
DA:30,0
DA:31,0
DA:34,0
LF:12
LH:0
BRDA:34,0,0,0
BRDA:34,0,1,0
BRDA:34,1,0,0
BRDA:34,1,1,0
BRF:4
BRH:0
end_of_record
